{"/home/yhondev/Civica_pago_app/apps/backend/src/app.module.ts": {"path":"/home/yhondev/Civica_pago_app/apps/backend/src/app.module.ts","statementMap":{"0":{"start":{"line":1,"column":0},"end":{"line":1,"column":40}},"1":{"start":{"line":2,"column":0},"end":{"line":2,"column":46}},"2":{"start":{"line":3,"column":0},"end":{"line":3,"column":48}},"3":{"start":{"line":4,"column":0},"end":{"line":4,"column":65}},"4":{"start":{"line":5,"column":0},"end":{"line":5,"column":55}},"5":{"start":{"line":6,"column":0},"end":{"line":6,"column":61}},"6":{"start":{"line":7,"column":0},"end":{"line":7,"column":63}},"7":{"start":{"line":8,"column":0},"end":{"line":8,"column":45}},"8":{"start":{"line":9,"column":0},"end":{"line":9,"column":54}},"9":{"start":{"line":10,"column":0},"end":{"line":10,"column":75}},"10":{"start":{"line":26,"column":7},"end":{"line":26,"column":null}},"11":{"start":{"line":26,"column":13},"end":{"line":26,"column":22}},"12":{"start":{"line":26,"column":13},"end":{"line":26,"column":null}}},"fnMap":{},"branchMap":{},"s":{"0":0,"1":0,"2":0,"3":0,"4":0,"5":0,"6":0,"7":0,"8":0,"9":0,"10":0,"11":0,"12":0},"f":{},"b":{}}
,"/home/yhondev/Civica_pago_app/apps/backend/src/main.ts": {"path":"/home/yhondev/Civica_pago_app/apps/backend/src/main.ts","statementMap":{"0":{"start":{"line":1,"column":0},"end":{"line":1,"column":43}},"1":{"start":{"line":2,"column":0},"end":{"line":2,"column":76}},"2":{"start":{"line":3,"column":0},"end":{"line":3,"column":41}},"3":{"start":{"line":4,"column":0},"end":{"line":4,"column":41}},"4":{"start":{"line":7,"column":14},"end":{"line":7,"column":49}},"5":{"start":{"line":9,"column":2},"end":{"line":15,"column":4}},"6":{"start":{"line":17,"column":2},"end":{"line":17,"column":80}},"7":{"start":{"line":20,"column":2},"end":{"line":20,"column":28}},"8":{"start":{"line":22,"column":2},"end":{"line":22,"column":45}},"9":{"start":{"line":24,"column":0},"end":{"line":24,"column":12}}},"fnMap":{"0":{"name":"bootstrap","decl":{"start":{"line":6,"column":15},"end":{"line":6,"column":24}},"loc":{"start":{"line":6,"column":24},"end":{"line":23,"column":1}}}},"branchMap":{"0":{"loc":{"start":{"line":22,"column":19},"end":{"line":22,"column":43}},"type":"binary-expr","locations":[{"start":{"line":22,"column":19},"end":{"line":22,"column":35}},{"start":{"line":22,"column":39},"end":{"line":22,"column":43}}]}},"s":{"0":0,"1":0,"2":0,"3":0,"4":0,"5":0,"6":0,"7":0,"8":0,"9":0},"f":{"0":0},"b":{"0":[0,0]}}
,"/home/yhondev/Civica_pago_app/apps/backend/src/community/community.module.ts": {"path":"/home/yhondev/Civica_pago_app/apps/backend/src/community/community.module.ts","statementMap":{"0":{"start":{"line":1,"column":0},"end":{"line":1,"column":52}},"1":{"start":{"line":2,"column":0},"end":{"line":2,"column":48}},"2":{"start":{"line":3,"column":0},"end":{"line":3,"column":52}},"3":{"start":{"line":4,"column":0},"end":{"line":4,"column":46}},"4":{"start":{"line":5,"column":0},"end":{"line":5,"column":44}},"5":{"start":{"line":6,"column":0},"end":{"line":6,"column":50}},"6":{"start":{"line":7,"column":0},"end":{"line":7,"column":54}},"7":{"start":{"line":8,"column":0},"end":{"line":8,"column":52}},"8":{"start":{"line":9,"column":0},"end":{"line":9,"column":74}},"9":{"start":{"line":10,"column":0},"end":{"line":10,"column":76}},"10":{"start":{"line":11,"column":0},"end":{"line":11,"column":84}},"11":{"start":{"line":12,"column":0},"end":{"line":12,"column":87}},"12":{"start":{"line":13,"column":0},"end":{"line":13,"column":81}},"13":{"start":{"line":14,"column":0},"end":{"line":14,"column":85}},"14":{"start":{"line":15,"column":0},"end":{"line":15,"column":87}},"15":{"start":{"line":16,"column":0},"end":{"line":16,"column":97}},"16":{"start":{"line":17,"column":0},"end":{"line":17,"column":95}},"17":{"start":{"line":18,"column":0},"end":{"line":18,"column":99}},"18":{"start":{"line":19,"column":0},"end":{"line":19,"column":91}},"19":{"start":{"line":20,"column":0},"end":{"line":20,"column":87}},"20":{"start":{"line":21,"column":0},"end":{"line":21,"column":88}},"21":{"start":{"line":22,"column":0},"end":{"line":22,"column":90}},"22":{"start":{"line":23,"column":0},"end":{"line":23,"column":90}},"23":{"start":{"line":24,"column":0},"end":{"line":24,"column":46}},"24":{"start":{"line":25,"column":0},"end":{"line":25,"column":55}},"25":{"start":{"line":26,"column":0},"end":{"line":26,"column":76}},"26":{"start":{"line":27,"column":0},"end":{"line":27,"column":97}},"27":{"start":{"line":28,"column":0},"end":{"line":28,"column":41}},"28":{"start":{"line":60,"column":7},"end":{"line":60,"column":null}},"29":{"start":{"line":60,"column":13},"end":{"line":60,"column":28}},"30":{"start":{"line":60,"column":13},"end":{"line":60,"column":null}},"31":{"start":{"line":34,"column":21},"end":{"line":34,"column":33}}},"fnMap":{"0":{"name":"(anonymous_1)","decl":{"start":{"line":34,"column":15},"end":{"line":34,"column":18}},"loc":{"start":{"line":34,"column":21},"end":{"line":34,"column":33}}}},"branchMap":{},"s":{"0":0,"1":0,"2":0,"3":0,"4":0,"5":0,"6":0,"7":0,"8":0,"9":0,"10":0,"11":0,"12":0,"13":0,"14":0,"15":0,"16":0,"17":0,"18":0,"19":0,"20":0,"21":0,"22":0,"23":0,"24":0,"25":0,"26":0,"27":0,"28":0,"29":0,"30":0,"31":0},"f":{"0":0},"b":{}}
,"/home/yhondev/Civica_pago_app/apps/backend/src/community/application/queries/residente-detail.query.ts": {"path":"/home/yhondev/Civica_pago_app/apps/backend/src/community/application/queries/residente-detail.query.ts","statementMap":{"0":{"start":{"line":1,"column":0},"end":{"line":1,"column":63}},"1":{"start":{"line":2,"column":0},"end":{"line":2,"column":80}},"2":{"start":{"line":6,"column":7},"end":{"line":47,"column":null}},"3":{"start":{"line":7,"column":31},"end":{"line":7,"column":52}},"4":{"start":{"line":10,"column":22},"end":{"line":10,"column":78}},"5":{"start":{"line":12,"column":4},"end":{"line":14,"column":5}},"6":{"start":{"line":13,"column":6},"end":{"line":13,"column":61}},"7":{"start":{"line":16,"column":4},"end":{"line":45,"column":6}},"8":{"start":{"line":26,"column":57},"end":{"line":44,"column":8}},"9":{"start":{"line":6,"column":13},"end":{"line":6,"column":33}},"10":{"start":{"line":6,"column":13},"end":{"line":47,"column":null}}},"fnMap":{"0":{"name":"(anonymous_2)","decl":{"start":{"line":7,"column":2},"end":{"line":7,"column":31}},"loc":{"start":{"line":7,"column":71},"end":{"line":7,"column":75}}},"1":{"name":"(anonymous_3)","decl":{"start":{"line":9,"column":2},"end":{"line":9,"column":7}},"loc":{"start":{"line":9,"column":44},"end":{"line":46,"column":3}}},"2":{"name":"(anonymous_4)","decl":{"start":{"line":26,"column":49},"end":{"line":26,"column":50}},"loc":{"start":{"line":26,"column":57},"end":{"line":44,"column":8}}}},"branchMap":{"0":{"loc":{"start":{"line":12,"column":4},"end":{"line":14,"column":5}},"type":"if","locations":[{"start":{"line":12,"column":4},"end":{"line":14,"column":5}},{"start":{},"end":{}}]},"1":{"loc":{"start":{"line":18,"column":12},"end":{"line":18,"column":43}},"type":"binary-expr","locations":[{"start":{"line":18,"column":12},"end":{"line":18,"column":26}},{"start":{"line":18,"column":30},"end":{"line":18,"column":43}}]},"2":{"loc":{"start":{"line":22,"column":17},"end":{"line":22,"column":44}},"type":"binary-expr","locations":[{"start":{"line":22,"column":17},"end":{"line":22,"column":36}},{"start":{"line":22,"column":40},"end":{"line":22,"column":44}}]},"3":{"loc":{"start":{"line":26,"column":18},"end":{"line":26,"column":43}},"type":"binary-expr","locations":[{"start":{"line":26,"column":18},"end":{"line":26,"column":37}},{"start":{"line":26,"column":41},"end":{"line":26,"column":43}}]},"4":{"loc":{"start":{"line":31,"column":14},"end":{"line":43,"column":21}},"type":"cond-expr","locations":[{"start":{"line":32,"column":12},"end":{"line":42,"column":null}},{"start":{"line":43,"column":12},"end":{"line":43,"column":21}}]},"5":{"loc":{"start":{"line":34,"column":23},"end":{"line":41,"column":27}},"type":"cond-expr","locations":[{"start":{"line":35,"column":18},"end":{"line":40,"column":null}},{"start":{"line":41,"column":18},"end":{"line":41,"column":27}}]},"6":{"loc":{"start":{"line":37,"column":27},"end":{"line":39,"column":33}},"type":"cond-expr","locations":[{"start":{"line":38,"column":24},"end":{"line":38,"column":63}},{"start":{"line":39,"column":24},"end":{"line":39,"column":33}}]},"7":{"loc":{"start":{"line":7,"column":52},"end":{"line":7,"column":74}},"type":"cond-expr","locations":[{"start":{"line":7,"column":71},"end":{"line":7,"column":74}},{"start":{"line":7,"column":71},"end":{"line":7,"column":74}}]},"8":{"loc":{"start":{"line":7,"column":52},"end":{"line":7,"column":71}},"type":"binary-expr","locations":[{"start":{"line":7,"column":52},"end":{"line":7,"column":74}},{"start":{"line":7,"column":52},"end":{"line":7,"column":71}}]}},"s":{"0":1,"1":1,"2":1,"3":0,"4":0,"5":0,"6":0,"7":0,"8":0,"9":1,"10":1},"f":{"0":0,"1":0,"2":0},"b":{"0":[0,0],"1":[0,0],"2":[0,0],"3":[0,0],"4":[0,0],"5":[0,0],"6":[0,0],"7":[1,0],"8":[1,1]}}
,"/home/yhondev/Civica_pago_app/apps/backend/src/community/application/use-cases/actualizar-residente.use-case.ts": {"path":"/home/yhondev/Civica_pago_app/apps/backend/src/community/application/use-cases/actualizar-residente.use-case.ts","statementMap":{"0":{"start":{"line":1,"column":0},"end":{"line":1,"column":63}},"1":{"start":{"line":3,"column":0},"end":{"line":3,"column":80}},"2":{"start":{"line":17,"column":7},"end":{"line":39,"column":null}},"3":{"start":{"line":18,"column":31},"end":{"line":18,"column":52}},"4":{"start":{"line":21,"column":22},"end":{"line":21,"column":72}},"5":{"start":{"line":23,"column":4},"end":{"line":25,"column":5}},"6":{"start":{"line":24,"column":6},"end":{"line":24,"column":61}},"7":{"start":{"line":27,"column":4},"end":{"line":27,"column":70}},"8":{"start":{"line":27,"column":37},"end":{"line":27,"column":70}},"9":{"start":{"line":28,"column":4},"end":{"line":28,"column":76}},"10":{"start":{"line":28,"column":39},"end":{"line":28,"column":76}},"11":{"start":{"line":29,"column":4},"end":{"line":29,"column":67}},"12":{"start":{"line":29,"column":36},"end":{"line":29,"column":67}},"13":{"start":{"line":30,"column":4},"end":{"line":32,"column":5}},"14":{"start":{"line":31,"column":6},"end":{"line":31,"column":53}},"15":{"start":{"line":33,"column":4},"end":{"line":35,"column":5}},"16":{"start":{"line":34,"column":6},"end":{"line":34,"column":43}},"17":{"start":{"line":37,"column":4},"end":{"line":37,"column":51}},"18":{"start":{"line":17,"column":13},"end":{"line":17,"column":39}},"19":{"start":{"line":17,"column":13},"end":{"line":39,"column":null}}},"fnMap":{"0":{"name":"(anonymous_2)","decl":{"start":{"line":18,"column":2},"end":{"line":18,"column":31}},"loc":{"start":{"line":18,"column":71},"end":{"line":18,"column":75}}},"1":{"name":"(anonymous_3)","decl":{"start":{"line":20,"column":2},"end":{"line":20,"column":7}},"loc":{"start":{"line":20,"column":49},"end":{"line":38,"column":3}}}},"branchMap":{"0":{"loc":{"start":{"line":23,"column":4},"end":{"line":25,"column":5}},"type":"if","locations":[{"start":{"line":23,"column":4},"end":{"line":25,"column":5}},{"start":{},"end":{}}]},"1":{"loc":{"start":{"line":27,"column":4},"end":{"line":27,"column":70}},"type":"if","locations":[{"start":{"line":27,"column":4},"end":{"line":27,"column":70}},{"start":{},"end":{}}]},"2":{"loc":{"start":{"line":28,"column":4},"end":{"line":28,"column":76}},"type":"if","locations":[{"start":{"line":28,"column":4},"end":{"line":28,"column":76}},{"start":{},"end":{}}]},"3":{"loc":{"start":{"line":29,"column":4},"end":{"line":29,"column":67}},"type":"if","locations":[{"start":{"line":29,"column":4},"end":{"line":29,"column":67}},{"start":{},"end":{}}]},"4":{"loc":{"start":{"line":30,"column":4},"end":{"line":32,"column":5}},"type":"if","locations":[{"start":{"line":30,"column":4},"end":{"line":32,"column":5}},{"start":{},"end":{}}]},"5":{"loc":{"start":{"line":33,"column":4},"end":{"line":35,"column":5}},"type":"if","locations":[{"start":{"line":33,"column":4},"end":{"line":35,"column":5}},{"start":{},"end":{}}]},"6":{"loc":{"start":{"line":18,"column":52},"end":{"line":18,"column":74}},"type":"cond-expr","locations":[{"start":{"line":18,"column":71},"end":{"line":18,"column":74}},{"start":{"line":18,"column":71},"end":{"line":18,"column":74}}]},"7":{"loc":{"start":{"line":18,"column":52},"end":{"line":18,"column":71}},"type":"binary-expr","locations":[{"start":{"line":18,"column":52},"end":{"line":18,"column":74}},{"start":{"line":18,"column":52},"end":{"line":18,"column":71}}]}},"s":{"0":1,"1":1,"2":1,"3":0,"4":0,"5":0,"6":0,"7":0,"8":0,"9":0,"10":0,"11":0,"12":0,"13":0,"14":0,"15":0,"16":0,"17":0,"18":1,"19":1},"f":{"0":0,"1":0},"b":{"0":[0,0],"1":[0,0],"2":[0,0],"3":[0,0],"4":[0,0],"5":[0,0],"6":[1,0],"7":[1,1]}}
,"/home/yhondev/Civica_pago_app/apps/backend/src/community/application/use-cases/agregar-tenencia.use-case.ts": {"path":"/home/yhondev/Civica_pago_app/apps/backend/src/community/application/use-cases/agregar-tenencia.use-case.ts","statementMap":{"0":{"start":{"line":1,"column":0},"end":{"line":1,"column":63}},"1":{"start":{"line":2,"column":0},"end":{"line":2,"column":51}},"2":{"start":{"line":3,"column":0},"end":{"line":3,"column":37}},"3":{"start":{"line":5,"column":0},"end":{"line":5,"column":80}},"4":{"start":{"line":6,"column":0},"end":{"line":6,"column":48}},"5":{"start":{"line":7,"column":0},"end":{"line":7,"column":108}},"6":{"start":{"line":8,"column":0},"end":{"line":8,"column":101}},"7":{"start":{"line":9,"column":0},"end":{"line":9,"column":74}},"8":{"start":{"line":12,"column":7},"end":{"line":64,"column":null}},"9":{"start":{"line":14,"column":21},"end":{"line":14,"column":42}},"10":{"start":{"line":16,"column":21},"end":{"line":16,"column":37}},"11":{"start":{"line":17,"column":21},"end":{"line":17,"column":44}},"12":{"start":{"line":18,"column":21},"end":{"line":18,"column":38}},"13":{"start":{"line":26,"column":22},"end":{"line":27,"column":null}},"14":{"start":{"line":29,"column":4},"end":{"line":33,"column":5}},"15":{"start":{"line":30,"column":6},"end":{"line":32,"column":8}},"16":{"start":{"line":35,"column":21},"end":{"line":35,"column":81}},"17":{"start":{"line":36,"column":4},"end":{"line":36,"column":51}},"18":{"start":{"line":39,"column":17},"end":{"line":42,"column":6}},"19":{"start":{"line":44,"column":4},"end":{"line":60,"column":5}},"20":{"start":{"line":45,"column":33},"end":{"line":45,"column":79}},"21":{"start":{"line":46,"column":19},"end":{"line":52,"column":null}},"22":{"start":{"line":54,"column":24},"end":{"line":54,"column":67}},"23":{"start":{"line":57,"column":18},"end":{"line":57,"column":51}},"24":{"start":{"line":58,"column":19},"end":{"line":58,"column":51}},"25":{"start":{"line":59,"column":6},"end":{"line":59,"column":97}},"26":{"start":{"line":62,"column":4},"end":{"line":62,"column":20}},"27":{"start":{"line":12,"column":13},"end":{"line":12,"column":35}},"28":{"start":{"line":12,"column":13},"end":{"line":64,"column":null}}},"fnMap":{"0":{"name":"(anonymous_4)","decl":{"start":{"line":13,"column":2},"end":{"line":13,"column":null}},"loc":{"start":{"line":18,"column":58},"end":{"line":19,"column":6}}},"1":{"name":"(anonymous_5)","decl":{"start":{"line":21,"column":2},"end":{"line":21,"column":7}},"loc":{"start":{"line":25,"column":3},"end":{"line":63,"column":3}}}},"branchMap":{"0":{"loc":{"start":{"line":29,"column":4},"end":{"line":33,"column":5}},"type":"if","locations":[{"start":{"line":29,"column":4},"end":{"line":33,"column":5}},{"start":{},"end":{}}]},"1":{"loc":{"start":{"line":44,"column":4},"end":{"line":60,"column":5}},"type":"if","locations":[{"start":{"line":44,"column":4},"end":{"line":60,"column":5}},{"start":{},"end":{}}]},"2":{"loc":{"start":{"line":14,"column":42},"end":{"line":14,"column":null}},"type":"cond-expr","locations":[{"start":{"line":14,"column":61},"end":{"line":14,"column":null}},{"start":{"line":14,"column":61},"end":{"line":14,"column":null}}]},"3":{"loc":{"start":{"line":14,"column":42},"end":{"line":14,"column":61}},"type":"binary-expr","locations":[{"start":{"line":14,"column":42},"end":{"line":14,"column":null}},{"start":{"line":14,"column":42},"end":{"line":14,"column":61}}]},"4":{"loc":{"start":{"line":14,"column":61},"end":{"line":16,"column":53}},"type":"cond-expr","locations":[{"start":{"line":16,"column":47},"end":{"line":16,"column":53}},{"start":{"line":16,"column":47},"end":{"line":16,"column":53}}]},"5":{"loc":{"start":{"line":14,"column":61},"end":{"line":16,"column":47}},"type":"binary-expr","locations":[{"start":{"line":14,"column":61},"end":{"line":16,"column":53}},{"start":{"line":16,"column":37},"end":{"line":16,"column":47}}]},"6":{"loc":{"start":{"line":16,"column":47},"end":{"line":17,"column":null}},"type":"cond-expr","locations":[{"start":{"line":17,"column":65},"end":{"line":17,"column":null}},{"start":{"line":17,"column":65},"end":{"line":17,"column":null}}]},"7":{"loc":{"start":{"line":16,"column":47},"end":{"line":17,"column":65}},"type":"binary-expr","locations":[{"start":{"line":16,"column":47},"end":{"line":17,"column":null}},{"start":{"line":17,"column":44},"end":{"line":17,"column":65}}]},"8":{"loc":{"start":{"line":17,"column":65},"end":{"line":18,"column":null}},"type":"cond-expr","locations":[{"start":{"line":18,"column":58},"end":{"line":18,"column":null}},{"start":{"line":18,"column":58},"end":{"line":18,"column":null}}]},"9":{"loc":{"start":{"line":17,"column":65},"end":{"line":18,"column":58}},"type":"binary-expr","locations":[{"start":{"line":17,"column":65},"end":{"line":18,"column":null}},{"start":{"line":18,"column":38},"end":{"line":18,"column":58}}]}},"s":{"0":0,"1":0,"2":0,"3":0,"4":0,"5":0,"6":0,"7":0,"8":0,"9":0,"10":0,"11":0,"12":0,"13":0,"14":0,"15":0,"16":0,"17":0,"18":0,"19":0,"20":0,"21":0,"22":0,"23":0,"24":0,"25":0,"26":0,"27":0,"28":0},"f":{"0":0,"1":0},"b":{"0":[0,0],"1":[0,0],"2":[0,0],"3":[0,0],"4":[0,0],"5":[0,0],"6":[0,0],"7":[0,0],"8":[0,0],"9":[0,0]}}
,"/home/yhondev/Civica_pago_app/apps/backend/src/community/application/use-cases/crear-cobrador.use-case.ts": {"path":"/home/yhondev/Civica_pago_app/apps/backend/src/community/application/use-cases/crear-cobrador.use-case.ts","statementMap":{"0":{"start":{"line":1,"column":0},"end":{"line":1,"column":65}},"1":{"start":{"line":2,"column":0},"end":{"line":2,"column":51}},"2":{"start":{"line":3,"column":0},"end":{"line":3,"column":49}},"3":{"start":{"line":4,"column":0},"end":{"line":4,"column":33}},"4":{"start":{"line":5,"column":0},"end":{"line":5,"column":108}},"5":{"start":{"line":6,"column":0},"end":{"line":6,"column":73}},"6":{"start":{"line":33,"column":7},"end":{"line":109,"column":null}},"7":{"start":{"line":35,"column":21},"end":{"line":35,"column":42}},"8":{"start":{"line":37,"column":21},"end":{"line":37,"column":40}},"9":{"start":{"line":38,"column":21},"end":{"line":38,"column":33}},"10":{"start":{"line":42,"column":4},"end":{"line":46,"column":5}},"11":{"start":{"line":43,"column":6},"end":{"line":45,"column":8}},"12":{"start":{"line":49,"column":21},"end":{"line":50,"column":null}},"13":{"start":{"line":52,"column":21},"end":{"line":53,"column":null}},"14":{"start":{"line":57,"column":22},"end":{"line":59,"column":6}},"15":{"start":{"line":60,"column":4},"end":{"line":64,"column":5}},"16":{"start":{"line":61,"column":6},"end":{"line":63,"column":8}},"17":{"start":{"line":66,"column":25},"end":{"line":66,"column":56}},"18":{"start":{"line":69,"column":24},"end":{"line":69,"column":59}},"19":{"start":{"line":70,"column":4},"end":{"line":70,"column":32}},"20":{"start":{"line":71,"column":4},"end":{"line":71,"column":41}},"21":{"start":{"line":73,"column":4},"end":{"line":107,"column":5}},"22":{"start":{"line":74,"column":22},"end":{"line":79,"column":null}},"23":{"start":{"line":82,"column":30},"end":{"line":82,"column":69}},"24":{"start":{"line":85,"column":6},"end":{"line":94,"column":7}},"25":{"start":{"line":86,"column":8},"end":{"line":93,"column":9}},"26":{"start":{"line":87,"column":10},"end":{"line":92,"column":12}},"27":{"start":{"line":96,"column":6},"end":{"line":96,"column":44}},"28":{"start":{"line":98,"column":6},"end":{"line":101,"column":8}},"29":{"start":{"line":103,"column":6},"end":{"line":103,"column":46}},"30":{"start":{"line":104,"column":6},"end":{"line":104,"column":18}},"31":{"start":{"line":106,"column":6},"end":{"line":106,"column":34}},"32":{"start":{"line":33,"column":13},"end":{"line":33,"column":33}},"33":{"start":{"line":33,"column":13},"end":{"line":109,"column":null}}},"fnMap":{"0":{"name":"(anonymous_13)","decl":{"start":{"line":34,"column":2},"end":{"line":34,"column":null}},"loc":{"start":{"line":38,"column":43},"end":{"line":39,"column":6}}},"1":{"name":"(anonymous_14)","decl":{"start":{"line":41,"column":2},"end":{"line":41,"column":7}},"loc":{"start":{"line":41,"column":43},"end":{"line":108,"column":3}}}},"branchMap":{"0":{"loc":{"start":{"line":42,"column":4},"end":{"line":46,"column":5}},"type":"if","locations":[{"start":{"line":42,"column":4},"end":{"line":46,"column":5}},{"start":{},"end":{}}]},"1":{"loc":{"start":{"line":42,"column":8},"end":{"line":42,"column":57}},"type":"binary-expr","locations":[{"start":{"line":42,"column":8},"end":{"line":42,"column":22}},{"start":{"line":42,"column":26},"end":{"line":42,"column":57}}]},"2":{"loc":{"start":{"line":60,"column":4},"end":{"line":64,"column":5}},"type":"if","locations":[{"start":{"line":60,"column":4},"end":{"line":64,"column":5}},{"start":{},"end":{}}]},"3":{"loc":{"start":{"line":85,"column":6},"end":{"line":94,"column":7}},"type":"if","locations":[{"start":{"line":85,"column":6},"end":{"line":94,"column":7}},{"start":{},"end":{}}]},"4":{"loc":{"start":{"line":85,"column":10},"end":{"line":85,"column":55}},"type":"binary-expr","locations":[{"start":{"line":85,"column":10},"end":{"line":85,"column":25}},{"start":{"line":85,"column":29},"end":{"line":85,"column":55}}]},"5":{"loc":{"start":{"line":35,"column":42},"end":{"line":35,"column":null}},"type":"cond-expr","locations":[{"start":{"line":35,"column":68},"end":{"line":35,"column":null}},{"start":{"line":35,"column":68},"end":{"line":35,"column":null}}]},"6":{"loc":{"start":{"line":35,"column":42},"end":{"line":35,"column":68}},"type":"binary-expr","locations":[{"start":{"line":35,"column":42},"end":{"line":35,"column":null}},{"start":{"line":35,"column":42},"end":{"line":35,"column":68}}]},"7":{"loc":{"start":{"line":35,"column":68},"end":{"line":37,"column":59}},"type":"cond-expr","locations":[{"start":{"line":37,"column":50},"end":{"line":37,"column":59}},{"start":{"line":37,"column":50},"end":{"line":37,"column":59}}]},"8":{"loc":{"start":{"line":35,"column":68},"end":{"line":37,"column":50}},"type":"binary-expr","locations":[{"start":{"line":35,"column":68},"end":{"line":37,"column":59}},{"start":{"line":37,"column":40},"end":{"line":37,"column":50}}]},"9":{"loc":{"start":{"line":37,"column":50},"end":{"line":38,"column":null}},"type":"cond-expr","locations":[{"start":{"line":38,"column":43},"end":{"line":38,"column":null}},{"start":{"line":38,"column":43},"end":{"line":38,"column":null}}]},"10":{"loc":{"start":{"line":37,"column":50},"end":{"line":38,"column":43}},"type":"binary-expr","locations":[{"start":{"line":37,"column":50},"end":{"line":38,"column":null}},{"start":{"line":38,"column":33},"end":{"line":38,"column":43}}]}},"s":{"0":2,"1":2,"2":2,"3":2,"4":2,"5":2,"6":2,"7":6,"8":6,"9":6,"10":6,"11":2,"12":4,"13":4,"14":4,"15":4,"16":1,"17":3,"18":3,"19":3,"20":3,"21":3,"22":3,"23":3,"24":2,"25":1,"26":2,"27":2,"28":2,"29":1,"30":1,"31":3,"32":2,"33":2},"f":{"0":6,"1":6},"b":{"0":[2,4],"1":[6,5],"2":[1,3],"3":[1,1],"4":[2,1],"5":[2,0],"6":[2,2],"7":[2,0],"8":[2,2],"9":[2,0],"10":[2,2]}}
,"/home/yhondev/Civica_pago_app/apps/backend/src/community/application/use-cases/crear-etapa.use-case.ts": {"path":"/home/yhondev/Civica_pago_app/apps/backend/src/community/application/use-cases/crear-etapa.use-case.ts","statementMap":{"0":{"start":{"line":1,"column":0},"end":{"line":1,"column":84}},"1":{"start":{"line":3,"column":0},"end":{"line":3,"column":78}},"2":{"start":{"line":6,"column":7},"end":{"line":23,"column":null}},"3":{"start":{"line":7,"column":31},"end":{"line":7,"column":51}},"4":{"start":{"line":10,"column":4},"end":{"line":12,"column":5}},"5":{"start":{"line":11,"column":6},"end":{"line":11,"column":82}},"6":{"start":{"line":14,"column":21},"end":{"line":14,"column":71}},"7":{"start":{"line":15,"column":4},"end":{"line":17,"column":5}},"8":{"start":{"line":16,"column":6},"end":{"line":16,"column":81}},"9":{"start":{"line":19,"column":18},"end":{"line":19,"column":47}},"10":{"start":{"line":20,"column":4},"end":{"line":20,"column":49}},"11":{"start":{"line":21,"column":4},"end":{"line":21,"column":17}},"12":{"start":{"line":6,"column":13},"end":{"line":6,"column":30}},"13":{"start":{"line":6,"column":13},"end":{"line":23,"column":null}}},"fnMap":{"0":{"name":"(anonymous_2)","decl":{"start":{"line":7,"column":2},"end":{"line":7,"column":31}},"loc":{"start":{"line":7,"column":69},"end":{"line":7,"column":73}}},"1":{"name":"(anonymous_3)","decl":{"start":{"line":9,"column":2},"end":{"line":9,"column":7}},"loc":{"start":{"line":9,"column":50},"end":{"line":22,"column":3}}}},"branchMap":{"0":{"loc":{"start":{"line":10,"column":4},"end":{"line":12,"column":5}},"type":"if","locations":[{"start":{"line":10,"column":4},"end":{"line":12,"column":5}},{"start":{},"end":{}}]},"1":{"loc":{"start":{"line":10,"column":8},"end":{"line":10,"column":43}},"type":"binary-expr","locations":[{"start":{"line":10,"column":8},"end":{"line":10,"column":15}},{"start":{"line":10,"column":19},"end":{"line":10,"column":43}}]},"2":{"loc":{"start":{"line":15,"column":4},"end":{"line":17,"column":5}},"type":"if","locations":[{"start":{"line":15,"column":4},"end":{"line":17,"column":5}},{"start":{},"end":{}}]},"3":{"loc":{"start":{"line":7,"column":51},"end":{"line":7,"column":72}},"type":"cond-expr","locations":[{"start":{"line":7,"column":69},"end":{"line":7,"column":72}},{"start":{"line":7,"column":69},"end":{"line":7,"column":72}}]},"4":{"loc":{"start":{"line":7,"column":51},"end":{"line":7,"column":69}},"type":"binary-expr","locations":[{"start":{"line":7,"column":51},"end":{"line":7,"column":72}},{"start":{"line":7,"column":51},"end":{"line":7,"column":69}}]}},"s":{"0":0,"1":0,"2":0,"3":0,"4":0,"5":0,"6":0,"7":0,"8":0,"9":0,"10":0,"11":0,"12":0,"13":0},"f":{"0":0,"1":0},"b":{"0":[0,0],"1":[0,0],"2":[0,0],"3":[0,0],"4":[0,0]}}
,"/home/yhondev/Civica_pago_app/apps/backend/src/community/application/use-cases/crear-manzana.use-case.ts": {"path":"/home/yhondev/Civica_pago_app/apps/backend/src/community/application/use-cases/crear-manzana.use-case.ts","statementMap":{"0":{"start":{"line":1,"column":0},"end":{"line":1,"column":84}},"1":{"start":{"line":2,"column":0},"end":{"line":2,"column":51}},"2":{"start":{"line":3,"column":0},"end":{"line":3,"column":37}},"3":{"start":{"line":4,"column":0},"end":{"line":4,"column":50}},"4":{"start":{"line":5,"column":0},"end":{"line":5,"column":54}},"5":{"start":{"line":8,"column":7},"end":{"line":32,"column":null}},"6":{"start":{"line":11,"column":21},"end":{"line":11,"column":38}},"7":{"start":{"line":13,"column":21},"end":{"line":13,"column":40}},"8":{"start":{"line":17,"column":4},"end":{"line":19,"column":5}},"9":{"start":{"line":18,"column":6},"end":{"line":18,"column":84}},"10":{"start":{"line":21,"column":18},"end":{"line":23,"column":6}},"11":{"start":{"line":24,"column":4},"end":{"line":26,"column":5}},"12":{"start":{"line":25,"column":6},"end":{"line":25,"column":75}},"13":{"start":{"line":28,"column":20},"end":{"line":28,"column":48}},"14":{"start":{"line":29,"column":4},"end":{"line":29,"column":47}},"15":{"start":{"line":30,"column":4},"end":{"line":30,"column":19}},"16":{"start":{"line":8,"column":13},"end":{"line":8,"column":32}},"17":{"start":{"line":8,"column":13},"end":{"line":32,"column":null}}},"fnMap":{"0":{"name":"(anonymous_4)","decl":{"start":{"line":9,"column":2},"end":{"line":9,"column":null}},"loc":{"start":{"line":13,"column":59},"end":{"line":14,"column":6}}},"1":{"name":"(anonymous_5)","decl":{"start":{"line":16,"column":2},"end":{"line":16,"column":7}},"loc":{"start":{"line":16,"column":47},"end":{"line":31,"column":3}}}},"branchMap":{"0":{"loc":{"start":{"line":17,"column":4},"end":{"line":19,"column":5}},"type":"if","locations":[{"start":{"line":17,"column":4},"end":{"line":19,"column":5}},{"start":{},"end":{}}]},"1":{"loc":{"start":{"line":17,"column":8},"end":{"line":17,"column":45}},"type":"binary-expr","locations":[{"start":{"line":17,"column":8},"end":{"line":17,"column":15}},{"start":{"line":17,"column":19},"end":{"line":17,"column":45}}]},"2":{"loc":{"start":{"line":24,"column":4},"end":{"line":26,"column":5}},"type":"if","locations":[{"start":{"line":24,"column":4},"end":{"line":26,"column":5}},{"start":{},"end":{}}]},"3":{"loc":{"start":{"line":11,"column":38},"end":{"line":11,"column":55}},"type":"cond-expr","locations":[{"start":{"line":11,"column":48},"end":{"line":11,"column":55}},{"start":{"line":11,"column":48},"end":{"line":11,"column":55}}]},"4":{"loc":{"start":{"line":11,"column":38},"end":{"line":11,"column":48}},"type":"binary-expr","locations":[{"start":{"line":11,"column":38},"end":{"line":11,"column":55}},{"start":{"line":11,"column":38},"end":{"line":11,"column":48}}]},"5":{"loc":{"start":{"line":11,"column":48},"end":{"line":13,"column":59}},"type":"cond-expr","locations":[{"start":{"line":13,"column":50},"end":{"line":13,"column":59}},{"start":{"line":13,"column":50},"end":{"line":13,"column":59}}]},"6":{"loc":{"start":{"line":11,"column":48},"end":{"line":13,"column":50}},"type":"binary-expr","locations":[{"start":{"line":11,"column":48},"end":{"line":13,"column":59}},{"start":{"line":13,"column":40},"end":{"line":13,"column":50}}]}},"s":{"0":0,"1":0,"2":0,"3":0,"4":0,"5":0,"6":0,"7":0,"8":0,"9":0,"10":0,"11":0,"12":0,"13":0,"14":0,"15":0,"16":0,"17":0},"f":{"0":0,"1":0},"b":{"0":[0,0],"1":[0,0],"2":[0,0],"3":[0,0],"4":[0,0],"5":[0,0],"6":[0,0]}}
,"/home/yhondev/Civica_pago_app/apps/backend/src/community/application/use-cases/crear-proyecto.use-case.ts": {"path":"/home/yhondev/Civica_pago_app/apps/backend/src/community/application/use-cases/crear-proyecto.use-case.ts","statementMap":{"0":{"start":{"line":1,"column":0},"end":{"line":1,"column":44}},"1":{"start":{"line":2,"column":0},"end":{"line":2,"column":56}},"2":{"start":{"line":3,"column":0},"end":{"line":3,"column":78}},"3":{"start":{"line":6,"column":7},"end":{"line":13,"column":null}},"4":{"start":{"line":7,"column":31},"end":{"line":7,"column":51}},"5":{"start":{"line":10,"column":21},"end":{"line":10,"column":53}},"6":{"start":{"line":11,"column":4},"end":{"line":11,"column":50}},"7":{"start":{"line":6,"column":13},"end":{"line":6,"column":33}},"8":{"start":{"line":6,"column":13},"end":{"line":13,"column":null}}},"fnMap":{"0":{"name":"(anonymous_2)","decl":{"start":{"line":7,"column":2},"end":{"line":7,"column":31}},"loc":{"start":{"line":7,"column":69},"end":{"line":7,"column":73}}},"1":{"name":"(anonymous_3)","decl":{"start":{"line":9,"column":2},"end":{"line":9,"column":7}},"loc":{"start":{"line":9,"column":48},"end":{"line":12,"column":3}}}},"branchMap":{"0":{"loc":{"start":{"line":7,"column":51},"end":{"line":7,"column":72}},"type":"cond-expr","locations":[{"start":{"line":7,"column":69},"end":{"line":7,"column":72}},{"start":{"line":7,"column":69},"end":{"line":7,"column":72}}]},"1":{"loc":{"start":{"line":7,"column":51},"end":{"line":7,"column":69}},"type":"binary-expr","locations":[{"start":{"line":7,"column":51},"end":{"line":7,"column":72}},{"start":{"line":7,"column":51},"end":{"line":7,"column":69}}]}},"s":{"0":0,"1":0,"2":0,"3":0,"4":0,"5":0,"6":0,"7":0,"8":0},"f":{"0":0,"1":0},"b":{"0":[0,0],"1":[0,0]}}
,"/home/yhondev/Civica_pago_app/apps/backend/src/community/application/use-cases/eliminar-residente.use-case.ts": {"path":"/home/yhondev/Civica_pago_app/apps/backend/src/community/application/use-cases/eliminar-residente.use-case.ts","statementMap":{"0":{"start":{"line":1,"column":0},"end":{"line":1,"column":63}},"1":{"start":{"line":2,"column":0},"end":{"line":2,"column":80}},"2":{"start":{"line":5,"column":7},"end":{"line":21,"column":null}},"3":{"start":{"line":6,"column":31},"end":{"line":6,"column":52}},"4":{"start":{"line":9,"column":22},"end":{"line":9,"column":65}},"5":{"start":{"line":11,"column":4},"end":{"line":13,"column":5}},"6":{"start":{"line":12,"column":6},"end":{"line":12,"column":61}},"7":{"start":{"line":15,"column":4},"end":{"line":17,"column":5}},"8":{"start":{"line":16,"column":6},"end":{"line":16,"column":61}},"9":{"start":{"line":19,"column":4},"end":{"line":19,"column":46}},"10":{"start":{"line":5,"column":13},"end":{"line":5,"column":37}},"11":{"start":{"line":5,"column":13},"end":{"line":21,"column":null}}},"fnMap":{"0":{"name":"(anonymous_2)","decl":{"start":{"line":6,"column":2},"end":{"line":6,"column":31}},"loc":{"start":{"line":6,"column":71},"end":{"line":6,"column":75}}},"1":{"name":"(anonymous_3)","decl":{"start":{"line":8,"column":2},"end":{"line":8,"column":7}},"loc":{"start":{"line":8,"column":44},"end":{"line":20,"column":3}}}},"branchMap":{"0":{"loc":{"start":{"line":11,"column":4},"end":{"line":13,"column":5}},"type":"if","locations":[{"start":{"line":11,"column":4},"end":{"line":13,"column":5}},{"start":{},"end":{}}]},"1":{"loc":{"start":{"line":15,"column":4},"end":{"line":17,"column":5}},"type":"if","locations":[{"start":{"line":15,"column":4},"end":{"line":17,"column":5}},{"start":{},"end":{}}]},"2":{"loc":{"start":{"line":6,"column":52},"end":{"line":6,"column":74}},"type":"cond-expr","locations":[{"start":{"line":6,"column":71},"end":{"line":6,"column":74}},{"start":{"line":6,"column":71},"end":{"line":6,"column":74}}]},"3":{"loc":{"start":{"line":6,"column":52},"end":{"line":6,"column":71}},"type":"binary-expr","locations":[{"start":{"line":6,"column":52},"end":{"line":6,"column":74}},{"start":{"line":6,"column":52},"end":{"line":6,"column":71}}]}},"s":{"0":1,"1":1,"2":1,"3":0,"4":0,"5":0,"6":0,"7":0,"8":0,"9":0,"10":1,"11":1},"f":{"0":0,"1":0},"b":{"0":[0,0],"1":[0,0],"2":[1,0],"3":[1,1]}}
,"/home/yhondev/Civica_pago_app/apps/backend/src/community/application/use-cases/registrar-casa.use-case.ts": {"path":"/home/yhondev/Civica_pago_app/apps/backend/src/community/application/use-cases/registrar-casa.use-case.ts","statementMap":{"0":{"start":{"line":1,"column":0},"end":{"line":1,"column":92}},"1":{"start":{"line":2,"column":0},"end":{"line":2,"column":51}},"2":{"start":{"line":3,"column":0},"end":{"line":3,"column":37}},"3":{"start":{"line":4,"column":0},"end":{"line":4,"column":54}},"4":{"start":{"line":5,"column":0},"end":{"line":5,"column":48}},"5":{"start":{"line":8,"column":33},"end":{"line":40,"column":null}},"6":{"start":{"line":9,"column":28},"end":{"line":9,"column":65}},"7":{"start":{"line":13,"column":21},"end":{"line":13,"column":40}},"8":{"start":{"line":15,"column":21},"end":{"line":15,"column":37}},"9":{"start":{"line":19,"column":4},"end":{"line":21,"column":5}},"10":{"start":{"line":20,"column":6},"end":{"line":20,"column":81}},"11":{"start":{"line":23,"column":20},"end":{"line":25,"column":6}},"12":{"start":{"line":26,"column":4},"end":{"line":28,"column":5}},"13":{"start":{"line":27,"column":6},"end":{"line":27,"column":79}},"14":{"start":{"line":30,"column":4},"end":{"line":38,"column":5}},"15":{"start":{"line":31,"column":19},"end":{"line":31,"column":56}},"16":{"start":{"line":32,"column":6},"end":{"line":32,"column":45}},"17":{"start":{"line":33,"column":6},"end":{"line":33,"column":71}},"18":{"start":{"line":34,"column":6},"end":{"line":34,"column":18}},"19":{"start":{"line":36,"column":6},"end":{"line":36,"column":100}},"20":{"start":{"line":37,"column":6},"end":{"line":37,"column":18}},"21":{"start":{"line":8,"column":13},"end":{"line":8,"column":33}},"22":{"start":{"line":8,"column":13},"end":{"line":40,"column":null}}},"fnMap":{"0":{"name":"(anonymous_4)","decl":{"start":{"line":11,"column":2},"end":{"line":11,"column":null}},"loc":{"start":{"line":15,"column":53},"end":{"line":16,"column":6}}},"1":{"name":"(anonymous_5)","decl":{"start":{"line":18,"column":2},"end":{"line":18,"column":7}},"loc":{"start":{"line":18,"column":59},"end":{"line":39,"column":3}}}},"branchMap":{"0":{"loc":{"start":{"line":19,"column":4},"end":{"line":21,"column":5}},"type":"if","locations":[{"start":{"line":19,"column":4},"end":{"line":21,"column":5}},{"start":{},"end":{}}]},"1":{"loc":{"start":{"line":19,"column":8},"end":{"line":19,"column":65}},"type":"binary-expr","locations":[{"start":{"line":19,"column":8},"end":{"line":19,"column":25}},{"start":{"line":19,"column":29},"end":{"line":19,"column":65}}]},"2":{"loc":{"start":{"line":26,"column":4},"end":{"line":28,"column":5}},"type":"if","locations":[{"start":{"line":26,"column":4},"end":{"line":28,"column":5}},{"start":{},"end":{}}]},"3":{"loc":{"start":{"line":13,"column":40},"end":{"line":13,"column":59}},"type":"cond-expr","locations":[{"start":{"line":13,"column":50},"end":{"line":13,"column":59}},{"start":{"line":13,"column":50},"end":{"line":13,"column":59}}]},"4":{"loc":{"start":{"line":13,"column":40},"end":{"line":13,"column":50}},"type":"binary-expr","locations":[{"start":{"line":13,"column":40},"end":{"line":13,"column":59}},{"start":{"line":13,"column":40},"end":{"line":13,"column":50}}]},"5":{"loc":{"start":{"line":13,"column":50},"end":{"line":15,"column":53}},"type":"cond-expr","locations":[{"start":{"line":15,"column":47},"end":{"line":15,"column":53}},{"start":{"line":15,"column":47},"end":{"line":15,"column":53}}]},"6":{"loc":{"start":{"line":13,"column":50},"end":{"line":15,"column":47}},"type":"binary-expr","locations":[{"start":{"line":13,"column":50},"end":{"line":15,"column":53}},{"start":{"line":15,"column":37},"end":{"line":15,"column":47}}]}},"s":{"0":0,"1":0,"2":0,"3":0,"4":0,"5":0,"6":0,"7":0,"8":0,"9":0,"10":0,"11":0,"12":0,"13":0,"14":0,"15":0,"16":0,"17":0,"18":0,"19":0,"20":0,"21":0,"22":0},"f":{"0":0,"1":0},"b":{"0":[0,0],"1":[0,0],"2":[0,0],"3":[0,0],"4":[0,0],"5":[0,0],"6":[0,0]}}
,"/home/yhondev/Civica_pago_app/apps/backend/src/community/application/use-cases/registrar-residente.use-case.ts": {"path":"/home/yhondev/Civica_pago_app/apps/backend/src/community/application/use-cases/registrar-residente.use-case.ts","statementMap":{"0":{"start":{"line":1,"column":0},"end":{"line":1,"column":63}},"1":{"start":{"line":2,"column":0},"end":{"line":2,"column":51}},"2":{"start":{"line":3,"column":0},"end":{"line":3,"column":37}},"3":{"start":{"line":4,"column":0},"end":{"line":4,"column":33}},"4":{"start":{"line":5,"column":0},"end":{"line":5,"column":58}},"5":{"start":{"line":6,"column":0},"end":{"line":6,"column":80}},"6":{"start":{"line":8,"column":0},"end":{"line":8,"column":108}},"7":{"start":{"line":9,"column":0},"end":{"line":9,"column":73}},"8":{"start":{"line":10,"column":0},"end":{"line":10,"column":48}},"9":{"start":{"line":11,"column":0},"end":{"line":11,"column":108}},"10":{"start":{"line":12,"column":0},"end":{"line":12,"column":101}},"11":{"start":{"line":13,"column":0},"end":{"line":13,"column":74}},"12":{"start":{"line":34,"column":7},"end":{"line":124,"column":null}},"13":{"start":{"line":36,"column":21},"end":{"line":36,"column":42}},"14":{"start":{"line":37,"column":21},"end":{"line":37,"column":42}},"15":{"start":{"line":39,"column":21},"end":{"line":39,"column":40}},"16":{"start":{"line":41,"column":21},"end":{"line":41,"column":37}},"17":{"start":{"line":42,"column":21},"end":{"line":42,"column":44}},"18":{"start":{"line":43,"column":21},"end":{"line":43,"column":38}},"19":{"start":{"line":47,"column":22},"end":{"line":52,"column":null}},"20":{"start":{"line":55,"column":18},"end":{"line":55,"column":64}},"21":{"start":{"line":59,"column":28},"end":{"line":59,"column":32}},"22":{"start":{"line":61,"column":4},"end":{"line":66,"column":5}},"23":{"start":{"line":62,"column":6},"end":{"line":65,"column":9}},"24":{"start":{"line":69,"column":4},"end":{"line":91,"column":5}},"25":{"start":{"line":70,"column":26},"end":{"line":70,"column":58}},"26":{"start":{"line":71,"column":6},"end":{"line":71,"column":56}},"27":{"start":{"line":72,"column":6},"end":{"line":72,"column":49}},"28":{"start":{"line":74,"column":6},"end":{"line":90,"column":7}},"29":{"start":{"line":75,"column":35},"end":{"line":75,"column":74}},"30":{"start":{"line":76,"column":21},"end":{"line":82,"column":null}},"31":{"start":{"line":84,"column":26},"end":{"line":84,"column":69}},"32":{"start":{"line":87,"column":20},"end":{"line":87,"column":46}},"33":{"start":{"line":88,"column":21},"end":{"line":88,"column":46}},"34":{"start":{"line":89,"column":8},"end":{"line":89,"column":92}},"35":{"start":{"line":93,"column":4},"end":{"line":102,"column":5}},"36":{"start":{"line":94,"column":28},"end":{"line":94,"column":56}},"37":{"start":{"line":95,"column":28},"end":{"line":95,"column":66}},"38":{"start":{"line":96,"column":6},"end":{"line":99,"column":8}},"39":{"start":{"line":101,"column":6},"end":{"line":101,"column":57}},"40":{"start":{"line":104,"column":4},"end":{"line":104,"column":67}},"41":{"start":{"line":105,"column":25},"end":{"line":105,"column":56}},"42":{"start":{"line":108,"column":20},"end":{"line":114,"column":null}},"43":{"start":{"line":117,"column":4},"end":{"line":117,"column":47}},"44":{"start":{"line":119,"column":4},"end":{"line":122,"column":6}},"45":{"start":{"line":34,"column":13},"end":{"line":34,"column":38}},"46":{"start":{"line":34,"column":13},"end":{"line":124,"column":null}}},"fnMap":{"0":{"name":"(anonymous_13)","decl":{"start":{"line":35,"column":2},"end":{"line":35,"column":null}},"loc":{"start":{"line":43,"column":58},"end":{"line":44,"column":6}}},"1":{"name":"(anonymous_14)","decl":{"start":{"line":46,"column":2},"end":{"line":46,"column":7}},"loc":{"start":{"line":46,"column":48},"end":{"line":123,"column":3}}}},"branchMap":{"0":{"loc":{"start":{"line":61,"column":4},"end":{"line":66,"column":5}},"type":"if","locations":[{"start":{"line":61,"column":4},"end":{"line":66,"column":5}},{"start":{},"end":{}}]},"1":{"loc":{"start":{"line":69,"column":4},"end":{"line":91,"column":5}},"type":"if","locations":[{"start":{"line":69,"column":4},"end":{"line":91,"column":5}},{"start":{},"end":{}}]},"2":{"loc":{"start":{"line":69,"column":8},"end":{"line":69,"column":29}},"type":"binary-expr","locations":[{"start":{"line":69,"column":8},"end":{"line":69,"column":21}},{"start":{"line":69,"column":25},"end":{"line":69,"column":29}}]},"3":{"loc":{"start":{"line":70,"column":26},"end":{"line":70,"column":58}},"type":"binary-expr","locations":[{"start":{"line":70,"column":26},"end":{"line":70,"column":44}},{"start":{"line":70,"column":48},"end":{"line":70,"column":58}}]},"4":{"loc":{"start":{"line":74,"column":6},"end":{"line":90,"column":7}},"type":"if","locations":[{"start":{"line":74,"column":6},"end":{"line":90,"column":7}},{"start":{},"end":{}}]},"5":{"loc":{"start":{"line":93,"column":4},"end":{"line":102,"column":5}},"type":"if","locations":[{"start":{"line":93,"column":4},"end":{"line":102,"column":5}},{"start":{"line":100,"column":11},"end":{"line":102,"column":5}}]},"6":{"loc":{"start":{"line":93,"column":8},"end":{"line":93,"column":29}},"type":"binary-expr","locations":[{"start":{"line":93,"column":8},"end":{"line":93,"column":21}},{"start":{"line":93,"column":25},"end":{"line":93,"column":29}}]},"7":{"loc":{"start":{"line":94,"column":28},"end":{"line":94,"column":56}},"type":"binary-expr","locations":[{"start":{"line":94,"column":28},"end":{"line":94,"column":48}},{"start":{"line":94,"column":52},"end":{"line":94,"column":56}}]},"8":{"loc":{"start":{"line":95,"column":28},"end":{"line":95,"column":66}},"type":"binary-expr","locations":[{"start":{"line":95,"column":28},"end":{"line":95,"column":49}},{"start":{"line":95,"column":53},"end":{"line":95,"column":66}}]},"9":{"loc":{"start":{"line":36,"column":42},"end":{"line":36,"column":null}},"type":"cond-expr","locations":[{"start":{"line":36,"column":61},"end":{"line":36,"column":null}},{"start":{"line":36,"column":61},"end":{"line":36,"column":null}}]},"10":{"loc":{"start":{"line":36,"column":42},"end":{"line":36,"column":61}},"type":"binary-expr","locations":[{"start":{"line":36,"column":42},"end":{"line":36,"column":null}},{"start":{"line":36,"column":42},"end":{"line":36,"column":61}}]},"11":{"loc":{"start":{"line":36,"column":61},"end":{"line":37,"column":null}},"type":"cond-expr","locations":[{"start":{"line":37,"column":68},"end":{"line":37,"column":null}},{"start":{"line":37,"column":68},"end":{"line":37,"column":null}}]},"12":{"loc":{"start":{"line":36,"column":61},"end":{"line":37,"column":68}},"type":"binary-expr","locations":[{"start":{"line":36,"column":61},"end":{"line":37,"column":null}},{"start":{"line":37,"column":42},"end":{"line":37,"column":68}}]},"13":{"loc":{"start":{"line":37,"column":68},"end":{"line":39,"column":59}},"type":"cond-expr","locations":[{"start":{"line":39,"column":50},"end":{"line":39,"column":59}},{"start":{"line":39,"column":50},"end":{"line":39,"column":59}}]},"14":{"loc":{"start":{"line":37,"column":68},"end":{"line":39,"column":50}},"type":"binary-expr","locations":[{"start":{"line":37,"column":68},"end":{"line":39,"column":59}},{"start":{"line":39,"column":40},"end":{"line":39,"column":50}}]},"15":{"loc":{"start":{"line":39,"column":50},"end":{"line":41,"column":53}},"type":"cond-expr","locations":[{"start":{"line":41,"column":47},"end":{"line":41,"column":53}},{"start":{"line":41,"column":47},"end":{"line":41,"column":53}}]},"16":{"loc":{"start":{"line":39,"column":50},"end":{"line":41,"column":47}},"type":"binary-expr","locations":[{"start":{"line":39,"column":50},"end":{"line":41,"column":53}},{"start":{"line":41,"column":37},"end":{"line":41,"column":47}}]},"17":{"loc":{"start":{"line":41,"column":47},"end":{"line":42,"column":null}},"type":"cond-expr","locations":[{"start":{"line":42,"column":65},"end":{"line":42,"column":null}},{"start":{"line":42,"column":65},"end":{"line":42,"column":null}}]},"18":{"loc":{"start":{"line":41,"column":47},"end":{"line":42,"column":65}},"type":"binary-expr","locations":[{"start":{"line":41,"column":47},"end":{"line":42,"column":null}},{"start":{"line":42,"column":44},"end":{"line":42,"column":65}}]},"19":{"loc":{"start":{"line":42,"column":65},"end":{"line":43,"column":null}},"type":"cond-expr","locations":[{"start":{"line":43,"column":58},"end":{"line":43,"column":null}},{"start":{"line":43,"column":58},"end":{"line":43,"column":null}}]},"20":{"loc":{"start":{"line":42,"column":65},"end":{"line":43,"column":58}},"type":"binary-expr","locations":[{"start":{"line":42,"column":65},"end":{"line":43,"column":null}},{"start":{"line":43,"column":38},"end":{"line":43,"column":58}}]}},"s":{"0":2,"1":2,"2":2,"3":2,"4":2,"5":2,"6":2,"7":2,"8":2,"9":2,"10":2,"11":2,"12":2,"13":3,"14":3,"15":3,"16":3,"17":3,"18":3,"19":3,"20":3,"21":3,"22":3,"23":2,"24":3,"25":1,"26":1,"27":1,"28":1,"29":1,"30":1,"31":1,"32":1,"33":1,"34":1,"35":3,"36":1,"37":1,"38":1,"39":2,"40":3,"41":3,"42":3,"43":3,"44":3,"45":2,"46":2},"f":{"0":3,"1":3},"b":{"0":[2,1],"1":[1,2],"2":[3,2],"3":[1,1],"4":[1,0],"5":[1,2],"6":[3,2],"7":[1,0],"8":[1,0],"9":[2,0],"10":[2,2],"11":[2,0],"12":[2,2],"13":[2,0],"14":[2,2],"15":[2,0],"16":[2,2],"17":[2,0],"18":[2,2],"19":[2,0],"20":[2,2]}}
,"/home/yhondev/Civica_pago_app/apps/backend/src/community/domain/casa.entity.ts": {"path":"/home/yhondev/Civica_pago_app/apps/backend/src/community/domain/casa.entity.ts","statementMap":{"0":{"start":{"line":2,"column":0},"end":{"line":2,"column":null}},"1":{"start":{"line":10,"column":0},"end":{"line":10,"column":43}},"2":{"start":{"line":13,"column":17},"end":{"line":39,"column":null}},"3":{"start":{"line":33,"column":17},"end":{"line":33,"column":27}},"4":{"start":{"line":34,"column":4},"end":{"line":34,"column":45}},"5":{"start":{"line":35,"column":4},"end":{"line":35,"column":27}},"6":{"start":{"line":36,"column":4},"end":{"line":36,"column":32}},"7":{"start":{"line":37,"column":4},"end":{"line":37,"column":16}},"8":{"start":{"line":13,"column":13},"end":{"line":13,"column":17}},"9":{"start":{"line":15,"column":2},"end":{"line":15,"column":null}},"10":{"start":{"line":18,"column":2},"end":{"line":18,"column":null}},"11":{"start":{"line":21,"column":2},"end":{"line":21,"column":null}},"12":{"start":{"line":25,"column":2},"end":{"line":25,"column":null}},"13":{"start":{"line":23,"column":19},"end":{"line":23,"column":26}},"14":{"start":{"line":23,"column":41},"end":{"line":23,"column":54}},"15":{"start":{"line":28,"column":2},"end":{"line":28,"column":null}},"16":{"start":{"line":13,"column":13},"end":{"line":39,"column":null}}},"fnMap":{"0":{"name":"(anonymous_2)","decl":{"start":{"line":32,"column":2},"end":{"line":32,"column":8}},"loc":{"start":{"line":32,"column":57},"end":{"line":38,"column":3}}},"1":{"name":"(anonymous_3)","decl":{"start":{"line":23,"column":13},"end":{"line":23,"column":16}},"loc":{"start":{"line":23,"column":19},"end":{"line":23,"column":26}}},"2":{"name":"(anonymous_4)","decl":{"start":{"line":23,"column":28},"end":{"line":23,"column":29}},"loc":{"start":{"line":23,"column":41},"end":{"line":23,"column":54}}}},"branchMap":{"0":{"loc":{"start":{"line":25,"column":11},"end":{"line":25,"column":19}},"type":"cond-expr","locations":[{"start":{"line":25,"column":18},"end":{"line":25,"column":19}},{"start":{"line":25,"column":18},"end":{"line":25,"column":19}}]},"1":{"loc":{"start":{"line":25,"column":11},"end":{"line":25,"column":18}},"type":"binary-expr","locations":[{"start":{"line":25,"column":11},"end":{"line":25,"column":19}},{"start":{"line":25,"column":11},"end":{"line":25,"column":18}}]},"2":{"loc":{"start":{"line":28,"column":13},"end":{"line":28,"column":18}},"type":"cond-expr","locations":[{"start":{"line":28,"column":17},"end":{"line":28,"column":18}},{"start":{"line":28,"column":17},"end":{"line":28,"column":18}}]},"3":{"loc":{"start":{"line":28,"column":13},"end":{"line":28,"column":17}},"type":"binary-expr","locations":[{"start":{"line":28,"column":13},"end":{"line":28,"column":18}},{"start":{"line":28,"column":13},"end":{"line":28,"column":17}}]}},"s":{"0":21,"1":21,"2":21,"3":0,"4":0,"5":0,"6":0,"7":0,"8":21,"9":21,"10":21,"11":21,"12":21,"13":0,"14":0,"15":21,"16":21},"f":{"0":0,"1":0,"2":0},"b":{"0":[15,6],"1":[21,15],"2":[21,0],"3":[21,21]}}
,"/home/yhondev/Civica_pago_app/apps/backend/src/community/domain/etapa.entity.ts": {"path":"/home/yhondev/Civica_pago_app/apps/backend/src/community/domain/etapa.entity.ts","statementMap":{"0":{"start":{"line":1,"column":0},"end":{"line":1,"column":44}},"1":{"start":{"line":2,"column":0},"end":{"line":2,"column":null}},"2":{"start":{"line":11,"column":0},"end":{"line":11,"column":45}},"3":{"start":{"line":12,"column":0},"end":{"line":12,"column":43}},"4":{"start":{"line":15,"column":18},"end":{"line":52,"column":null}},"5":{"start":{"line":39,"column":18},"end":{"line":39,"column":29}},"6":{"start":{"line":40,"column":4},"end":{"line":40,"column":26}},"7":{"start":{"line":41,"column":4},"end":{"line":41,"column":30}},"8":{"start":{"line":42,"column":4},"end":{"line":42,"column":35}},"9":{"start":{"line":43,"column":4},"end":{"line":43,"column":24}},"10":{"start":{"line":44,"column":4},"end":{"line":44,"column":17}},"11":{"start":{"line":48,"column":20},"end":{"line":48,"column":47}},"12":{"start":{"line":49,"column":4},"end":{"line":49,"column":32}},"13":{"start":{"line":50,"column":4},"end":{"line":50,"column":19}},"14":{"start":{"line":15,"column":13},"end":{"line":15,"column":18}},"15":{"start":{"line":17,"column":2},"end":{"line":17,"column":null}},"16":{"start":{"line":20,"column":2},"end":{"line":20,"column":null}},"17":{"start":{"line":23,"column":2},"end":{"line":23,"column":null}},"18":{"start":{"line":28,"column":2},"end":{"line":28,"column":null}},"19":{"start":{"line":25,"column":19},"end":{"line":25,"column":27}},"20":{"start":{"line":25,"column":43},"end":{"line":25,"column":58}},"21":{"start":{"line":31,"column":2},"end":{"line":31,"column":null}},"22":{"start":{"line":30,"column":19},"end":{"line":30,"column":26}},"23":{"start":{"line":30,"column":41},"end":{"line":30,"column":54}},"24":{"start":{"line":34,"column":2},"end":{"line":34,"column":null}},"25":{"start":{"line":15,"column":13},"end":{"line":52,"column":null}}},"fnMap":{"0":{"name":"(anonymous_2)","decl":{"start":{"line":38,"column":2},"end":{"line":38,"column":8}},"loc":{"start":{"line":38,"column":49},"end":{"line":45,"column":3}}},"1":{"name":"(anonymous_3)","decl":{"start":{"line":47,"column":2},"end":{"line":47,"column":14}},"loc":{"start":{"line":47,"column":29},"end":{"line":51,"column":3}}},"2":{"name":"(anonymous_4)","decl":{"start":{"line":25,"column":13},"end":{"line":25,"column":16}},"loc":{"start":{"line":25,"column":19},"end":{"line":25,"column":27}}},"3":{"name":"(anonymous_5)","decl":{"start":{"line":25,"column":29},"end":{"line":25,"column":30}},"loc":{"start":{"line":25,"column":43},"end":{"line":25,"column":58}}},"4":{"name":"(anonymous_6)","decl":{"start":{"line":30,"column":13},"end":{"line":30,"column":16}},"loc":{"start":{"line":30,"column":19},"end":{"line":30,"column":26}}},"5":{"name":"(anonymous_7)","decl":{"start":{"line":30,"column":28},"end":{"line":30,"column":29}},"loc":{"start":{"line":30,"column":41},"end":{"line":30,"column":54}}}},"branchMap":{"0":{"loc":{"start":{"line":28,"column":12},"end":{"line":28,"column":21}},"type":"cond-expr","locations":[{"start":{"line":28,"column":20},"end":{"line":28,"column":21}},{"start":{"line":28,"column":20},"end":{"line":28,"column":21}}]},"1":{"loc":{"start":{"line":28,"column":12},"end":{"line":28,"column":20}},"type":"binary-expr","locations":[{"start":{"line":28,"column":12},"end":{"line":28,"column":21}},{"start":{"line":28,"column":12},"end":{"line":28,"column":20}}]},"2":{"loc":{"start":{"line":34,"column":13},"end":{"line":34,"column":18}},"type":"cond-expr","locations":[{"start":{"line":34,"column":17},"end":{"line":34,"column":18}},{"start":{"line":34,"column":17},"end":{"line":34,"column":18}}]},"3":{"loc":{"start":{"line":34,"column":13},"end":{"line":34,"column":17}},"type":"binary-expr","locations":[{"start":{"line":34,"column":13},"end":{"line":34,"column":18}},{"start":{"line":34,"column":13},"end":{"line":34,"column":17}}]}},"s":{"0":21,"1":21,"2":21,"3":21,"4":21,"5":0,"6":0,"7":0,"8":0,"9":0,"10":0,"11":0,"12":0,"13":0,"14":21,"15":21,"16":21,"17":21,"18":21,"19":0,"20":0,"21":21,"22":0,"23":0,"24":21,"25":21},"f":{"0":0,"1":0,"2":0,"3":0,"4":0,"5":0},"b":{"0":[21,0],"1":[21,21],"2":[21,0],"3":[21,21]}}
,"/home/yhondev/Civica_pago_app/apps/backend/src/community/domain/manzana.entity.ts": {"path":"/home/yhondev/Civica_pago_app/apps/backend/src/community/domain/manzana.entity.ts","statementMap":{"0":{"start":{"line":2,"column":0},"end":{"line":2,"column":null}},"1":{"start":{"line":11,"column":0},"end":{"line":11,"column":39}},"2":{"start":{"line":12,"column":0},"end":{"line":12,"column":37}},"3":{"start":{"line":15,"column":20},"end":{"line":51,"column":null}},"4":{"start":{"line":38,"column":20},"end":{"line":38,"column":33}},"5":{"start":{"line":39,"column":4},"end":{"line":39,"column":28}},"6":{"start":{"line":40,"column":4},"end":{"line":40,"column":26}},"7":{"start":{"line":41,"column":4},"end":{"line":41,"column":31}},"8":{"start":{"line":42,"column":4},"end":{"line":42,"column":23}},"9":{"start":{"line":43,"column":4},"end":{"line":43,"column":19}},"10":{"start":{"line":47,"column":17},"end":{"line":47,"column":51}},"11":{"start":{"line":48,"column":4},"end":{"line":48,"column":26}},"12":{"start":{"line":49,"column":4},"end":{"line":49,"column":16}},"13":{"start":{"line":15,"column":13},"end":{"line":15,"column":20}},"14":{"start":{"line":17,"column":2},"end":{"line":17,"column":null}},"15":{"start":{"line":20,"column":2},"end":{"line":20,"column":null}},"16":{"start":{"line":23,"column":2},"end":{"line":23,"column":null}},"17":{"start":{"line":27,"column":2},"end":{"line":27,"column":null}},"18":{"start":{"line":25,"column":19},"end":{"line":25,"column":24}},"19":{"start":{"line":25,"column":37},"end":{"line":25,"column":51}},"20":{"start":{"line":30,"column":2},"end":{"line":30,"column":null}},"21":{"start":{"line":29,"column":19},"end":{"line":29,"column":23}},"22":{"start":{"line":29,"column":35},"end":{"line":29,"column":47}},"23":{"start":{"line":33,"column":2},"end":{"line":33,"column":null}},"24":{"start":{"line":15,"column":13},"end":{"line":51,"column":null}}},"fnMap":{"0":{"name":"(anonymous_2)","decl":{"start":{"line":37,"column":2},"end":{"line":37,"column":8}},"loc":{"start":{"line":37,"column":43},"end":{"line":44,"column":3}}},"1":{"name":"(anonymous_3)","decl":{"start":{"line":46,"column":2},"end":{"line":46,"column":11}},"loc":{"start":{"line":46,"column":36},"end":{"line":50,"column":3}}},"2":{"name":"(anonymous_4)","decl":{"start":{"line":25,"column":13},"end":{"line":25,"column":16}},"loc":{"start":{"line":25,"column":19},"end":{"line":25,"column":24}}},"3":{"name":"(anonymous_5)","decl":{"start":{"line":25,"column":26},"end":{"line":25,"column":27}},"loc":{"start":{"line":25,"column":37},"end":{"line":25,"column":51}}},"4":{"name":"(anonymous_6)","decl":{"start":{"line":29,"column":13},"end":{"line":29,"column":16}},"loc":{"start":{"line":29,"column":19},"end":{"line":29,"column":23}}},"5":{"name":"(anonymous_7)","decl":{"start":{"line":29,"column":25},"end":{"line":29,"column":26}},"loc":{"start":{"line":29,"column":35},"end":{"line":29,"column":47}}}},"branchMap":{"0":{"loc":{"start":{"line":27,"column":9},"end":{"line":27,"column":15}},"type":"cond-expr","locations":[{"start":{"line":27,"column":14},"end":{"line":27,"column":15}},{"start":{"line":27,"column":14},"end":{"line":27,"column":15}}]},"1":{"loc":{"start":{"line":27,"column":9},"end":{"line":27,"column":14}},"type":"binary-expr","locations":[{"start":{"line":27,"column":9},"end":{"line":27,"column":15}},{"start":{"line":27,"column":9},"end":{"line":27,"column":14}}]},"2":{"loc":{"start":{"line":33,"column":13},"end":{"line":33,"column":18}},"type":"cond-expr","locations":[{"start":{"line":33,"column":17},"end":{"line":33,"column":18}},{"start":{"line":33,"column":17},"end":{"line":33,"column":18}}]},"3":{"loc":{"start":{"line":33,"column":13},"end":{"line":33,"column":17}},"type":"binary-expr","locations":[{"start":{"line":33,"column":13},"end":{"line":33,"column":18}},{"start":{"line":33,"column":13},"end":{"line":33,"column":17}}]}},"s":{"0":21,"1":21,"2":21,"3":21,"4":0,"5":0,"6":0,"7":0,"8":0,"9":0,"10":0,"11":0,"12":0,"13":21,"14":21,"15":21,"16":21,"17":21,"18":0,"19":0,"20":21,"21":0,"22":0,"23":21,"24":21},"f":{"0":0,"1":0,"2":0,"3":0,"4":0,"5":0},"b":{"0":[15,6],"1":[21,15],"2":[21,0],"3":[21,21]}}
,"/home/yhondev/Civica_pago_app/apps/backend/src/community/domain/proyecto.entity.ts": {"path":"/home/yhondev/Civica_pago_app/apps/backend/src/community/domain/proyecto.entity.ts","statementMap":{"0":{"start":{"line":1,"column":0},"end":{"line":1,"column":null}},"1":{"start":{"line":9,"column":0},"end":{"line":9,"column":39}},"2":{"start":{"line":12,"column":21},"end":{"line":50,"column":null}},"3":{"start":{"line":34,"column":21},"end":{"line":34,"column":35}},"4":{"start":{"line":35,"column":4},"end":{"line":35,"column":29}},"5":{"start":{"line":36,"column":4},"end":{"line":36,"column":33}},"6":{"start":{"line":37,"column":4},"end":{"line":37,"column":25}},"7":{"start":{"line":38,"column":4},"end":{"line":38,"column":20}},"8":{"start":{"line":42,"column":18},"end":{"line":42,"column":43}},"9":{"start":{"line":43,"column":4},"end":{"line":43,"column":28}},"10":{"start":{"line":44,"column":4},"end":{"line":44,"column":17}},"11":{"start":{"line":48,"column":4},"end":{"line":48,"column":62}},"12":{"start":{"line":48,"column":44},"end":{"line":48,"column":60}},"13":{"start":{"line":12,"column":13},"end":{"line":12,"column":21}},"14":{"start":{"line":14,"column":2},"end":{"line":14,"column":null}},"15":{"start":{"line":17,"column":2},"end":{"line":17,"column":null}},"16":{"start":{"line":20,"column":2},"end":{"line":20,"column":null}},"17":{"start":{"line":23,"column":2},"end":{"line":23,"column":null}},"18":{"start":{"line":22,"column":19},"end":{"line":22,"column":24}},"19":{"start":{"line":22,"column":37},"end":{"line":22,"column":51}},"20":{"start":{"line":26,"column":2},"end":{"line":26,"column":null}},"21":{"start":{"line":29,"column":2},"end":{"line":29,"column":null}},"22":{"start":{"line":12,"column":13},"end":{"line":50,"column":null}}},"fnMap":{"0":{"name":"(anonymous_2)","decl":{"start":{"line":33,"column":2},"end":{"line":33,"column":8}},"loc":{"start":{"line":33,"column":47},"end":{"line":39,"column":3}}},"1":{"name":"(anonymous_3)","decl":{"start":{"line":41,"column":2},"end":{"line":41,"column":14}},"loc":{"start":{"line":41,"column":29},"end":{"line":45,"column":3}}},"2":{"name":"(anonymous_4)","decl":{"start":{"line":47,"column":2},"end":{"line":47,"column":15}},"loc":{"start":{"line":47,"column":31},"end":{"line":49,"column":3}}},"3":{"name":"(anonymous_5)","decl":{"start":{"line":48,"column":37},"end":{"line":48,"column":38}},"loc":{"start":{"line":48,"column":44},"end":{"line":48,"column":60}}},"4":{"name":"(anonymous_6)","decl":{"start":{"line":22,"column":13},"end":{"line":22,"column":16}},"loc":{"start":{"line":22,"column":19},"end":{"line":22,"column":24}}},"5":{"name":"(anonymous_7)","decl":{"start":{"line":22,"column":26},"end":{"line":22,"column":27}},"loc":{"start":{"line":22,"column":37},"end":{"line":22,"column":51}}}},"branchMap":{"0":{"loc":{"start":{"line":26,"column":13},"end":{"line":26,"column":18}},"type":"cond-expr","locations":[{"start":{"line":26,"column":17},"end":{"line":26,"column":18}},{"start":{"line":26,"column":17},"end":{"line":26,"column":18}}]},"1":{"loc":{"start":{"line":26,"column":13},"end":{"line":26,"column":17}},"type":"binary-expr","locations":[{"start":{"line":26,"column":13},"end":{"line":26,"column":18}},{"start":{"line":26,"column":13},"end":{"line":26,"column":17}}]},"2":{"loc":{"start":{"line":29,"column":13},"end":{"line":29,"column":18}},"type":"cond-expr","locations":[{"start":{"line":29,"column":17},"end":{"line":29,"column":18}},{"start":{"line":29,"column":17},"end":{"line":29,"column":18}}]},"3":{"loc":{"start":{"line":29,"column":13},"end":{"line":29,"column":17}},"type":"binary-expr","locations":[{"start":{"line":29,"column":13},"end":{"line":29,"column":18}},{"start":{"line":29,"column":13},"end":{"line":29,"column":17}}]}},"s":{"0":21,"1":21,"2":21,"3":0,"4":0,"5":0,"6":0,"7":0,"8":0,"9":0,"10":0,"11":0,"12":0,"13":21,"14":21,"15":21,"16":21,"17":21,"18":0,"19":0,"20":21,"21":21,"22":21},"f":{"0":0,"1":0,"2":0,"3":0,"4":0,"5":0},"b":{"0":[21,0],"1":[21,21],"2":[21,0],"3":[21,21]}}
,"/home/yhondev/Civica_pago_app/apps/backend/src/community/domain/residente.entity.ts": {"path":"/home/yhondev/Civica_pago_app/apps/backend/src/community/domain/residente.entity.ts","statementMap":{"0":{"start":{"line":1,"column":0},"end":{"line":1,"column":null}},"1":{"start":{"line":11,"column":0},"end":{"line":11,"column":45}},"2":{"start":{"line":12,"column":0},"end":{"line":12,"column":37}},"3":{"start":{"line":13,"column":0},"end":{"line":13,"column":57}},"4":{"start":{"line":17,"column":22},"end":{"line":117,"column":null}},"5":{"start":{"line":72,"column":22},"end":{"line":72,"column":37}},"6":{"start":{"line":73,"column":4},"end":{"line":73,"column":26}},"7":{"start":{"line":74,"column":4},"end":{"line":74,"column":30}},"8":{"start":{"line":75,"column":4},"end":{"line":75,"column":34}},"9":{"start":{"line":76,"column":4},"end":{"line":76,"column":28}},"10":{"start":{"line":77,"column":4},"end":{"line":77,"column":34}},"11":{"start":{"line":78,"column":4},"end":{"line":78,"column":44}},"12":{"start":{"line":79,"column":4},"end":{"line":79,"column":50}},"13":{"start":{"line":80,"column":4},"end":{"line":80,"column":29}},"14":{"start":{"line":81,"column":4},"end":{"line":81,"column":26}},"15":{"start":{"line":82,"column":4},"end":{"line":82,"column":21}},"16":{"start":{"line":86,"column":4},"end":{"line":86,"column":31}},"17":{"start":{"line":91,"column":28},"end":{"line":92,"column":null}},"18":{"start":{"line":92,"column":13},"end":{"line":92,"column":55}},"19":{"start":{"line":94,"column":4},"end":{"line":98,"column":5}},"20":{"start":{"line":95,"column":6},"end":{"line":97,"column":8}},"21":{"start":{"line":100,"column":21},"end":{"line":100,"column":65}},"22":{"start":{"line":101,"column":4},"end":{"line":101,"column":30}},"23":{"start":{"line":102,"column":4},"end":{"line":102,"column":34}},"24":{"start":{"line":103,"column":4},"end":{"line":103,"column":20}},"25":{"start":{"line":107,"column":21},"end":{"line":108,"column":null}},"26":{"start":{"line":108,"column":13},"end":{"line":108,"column":55}},"27":{"start":{"line":110,"column":4},"end":{"line":114,"column":5}},"28":{"start":{"line":111,"column":6},"end":{"line":113,"column":8}},"29":{"start":{"line":115,"column":4},"end":{"line":115,"column":33}},"30":{"start":{"line":17,"column":13},"end":{"line":17,"column":22}},"31":{"start":{"line":19,"column":2},"end":{"line":19,"column":null}},"32":{"start":{"line":22,"column":2},"end":{"line":22,"column":null}},"33":{"start":{"line":25,"column":2},"end":{"line":25,"column":null}},"34":{"start":{"line":28,"column":2},"end":{"line":28,"column":null}},"35":{"start":{"line":31,"column":2},"end":{"line":31,"column":null}},"36":{"start":{"line":34,"column":2},"end":{"line":34,"column":null}},"37":{"start":{"line":37,"column":2},"end":{"line":37,"column":null}},"38":{"start":{"line":40,"column":2},"end":{"line":40,"column":null}},"39":{"start":{"line":43,"column":2},"end":{"line":43,"column":null}},"40":{"start":{"line":47,"column":2},"end":{"line":47,"column":null}},"41":{"start":{"line":45,"column":19},"end":{"line":45,"column":23}},"42":{"start":{"line":50,"column":2},"end":{"line":50,"column":null}},"43":{"start":{"line":49,"column":19},"end":{"line":49,"column":27}},"44":{"start":{"line":49,"column":43},"end":{"line":49,"column":61}},"45":{"start":{"line":53,"column":2},"end":{"line":53,"column":null}},"46":{"start":{"line":52,"column":19},"end":{"line":52,"column":24}},"47":{"start":{"line":52,"column":37},"end":{"line":52,"column":52}},"48":{"start":{"line":56,"column":2},"end":{"line":56,"column":null}},"49":{"start":{"line":59,"column":2},"end":{"line":59,"column":null}},"50":{"start":{"line":17,"column":13},"end":{"line":117,"column":null}}},"fnMap":{"0":{"name":"(anonymous_2)","decl":{"start":{"line":63,"column":2},"end":{"line":63,"column":8}},"loc":{"start":{"line":70,"column":25},"end":{"line":83,"column":3}}},"1":{"name":"(anonymous_3)","decl":{"start":{"line":85,"column":2},"end":{"line":85,"column":13}},"loc":{"start":{"line":85,"column":28},"end":{"line":87,"column":3}}},"2":{"name":"(anonymous_4)","decl":{"start":{"line":89,"column":2},"end":{"line":89,"column":17}},"loc":{"start":{"line":89,"column":51},"end":{"line":104,"column":3}}},"3":{"name":"(anonymous_5)","decl":{"start":{"line":92,"column":6},"end":{"line":92,"column":7}},"loc":{"start":{"line":92,"column":13},"end":{"line":92,"column":55}}},"4":{"name":"(anonymous_6)","decl":{"start":{"line":106,"column":2},"end":{"line":106,"column":19}},"loc":{"start":{"line":106,"column":50},"end":{"line":116,"column":3}}},"5":{"name":"(anonymous_7)","decl":{"start":{"line":108,"column":6},"end":{"line":108,"column":7}},"loc":{"start":{"line":108,"column":13},"end":{"line":108,"column":55}}},"6":{"name":"(anonymous_8)","decl":{"start":{"line":45,"column":13},"end":{"line":45,"column":16}},"loc":{"start":{"line":45,"column":19},"end":{"line":45,"column":23}}},"7":{"name":"(anonymous_9)","decl":{"start":{"line":49,"column":13},"end":{"line":49,"column":16}},"loc":{"start":{"line":49,"column":19},"end":{"line":49,"column":27}}},"8":{"name":"(anonymous_10)","decl":{"start":{"line":49,"column":29},"end":{"line":49,"column":30}},"loc":{"start":{"line":49,"column":43},"end":{"line":49,"column":61}}},"9":{"name":"(anonymous_11)","decl":{"start":{"line":52,"column":13},"end":{"line":52,"column":16}},"loc":{"start":{"line":52,"column":19},"end":{"line":52,"column":24}}},"10":{"name":"(anonymous_12)","decl":{"start":{"line":52,"column":26},"end":{"line":52,"column":27}},"loc":{"start":{"line":52,"column":37},"end":{"line":52,"column":52}}}},"branchMap":{"0":{"loc":{"start":{"line":68,"column":4},"end":{"line":68,"column":47}},"type":"default-arg","locations":[{"start":{"line":68,"column":38},"end":{"line":68,"column":47}}]},"1":{"loc":{"start":{"line":69,"column":4},"end":{"line":69,"column":53}},"type":"default-arg","locations":[{"start":{"line":69,"column":40},"end":{"line":69,"column":53}}]},"2":{"loc":{"start":{"line":79,"column":29},"end":{"line":79,"column":49}},"type":"binary-expr","locations":[{"start":{"line":79,"column":29},"end":{"line":79,"column":41}},{"start":{"line":79,"column":45},"end":{"line":79,"column":49}}]},"3":{"loc":{"start":{"line":92,"column":13},"end":{"line":92,"column":55}},"type":"binary-expr","locations":[{"start":{"line":92,"column":13},"end":{"line":92,"column":32}},{"start":{"line":92,"column":36},"end":{"line":92,"column":55}}]},"4":{"loc":{"start":{"line":94,"column":4},"end":{"line":98,"column":5}},"type":"if","locations":[{"start":{"line":94,"column":4},"end":{"line":98,"column":5}},{"start":{},"end":{}}]},"5":{"loc":{"start":{"line":108,"column":13},"end":{"line":108,"column":55}},"type":"binary-expr","locations":[{"start":{"line":108,"column":13},"end":{"line":108,"column":32}},{"start":{"line":108,"column":36},"end":{"line":108,"column":55}}]},"6":{"loc":{"start":{"line":110,"column":4},"end":{"line":114,"column":5}},"type":"if","locations":[{"start":{"line":110,"column":4},"end":{"line":114,"column":5}},{"start":{},"end":{}}]},"7":{"loc":{"start":{"line":47,"column":14},"end":{"line":47,"column":19}},"type":"cond-expr","locations":[{"start":{"line":47,"column":18},"end":{"line":47,"column":19}},{"start":{"line":47,"column":18},"end":{"line":47,"column":19}}]},"8":{"loc":{"start":{"line":47,"column":14},"end":{"line":47,"column":18}},"type":"binary-expr","locations":[{"start":{"line":47,"column":14},"end":{"line":47,"column":19}},{"start":{"line":47,"column":14},"end":{"line":47,"column":18}}]},"9":{"loc":{"start":{"line":56,"column":13},"end":{"line":56,"column":18}},"type":"cond-expr","locations":[{"start":{"line":56,"column":17},"end":{"line":56,"column":18}},{"start":{"line":56,"column":17},"end":{"line":56,"column":18}}]},"10":{"loc":{"start":{"line":56,"column":13},"end":{"line":56,"column":17}},"type":"binary-expr","locations":[{"start":{"line":56,"column":13},"end":{"line":56,"column":18}},{"start":{"line":56,"column":13},"end":{"line":56,"column":17}}]},"11":{"loc":{"start":{"line":59,"column":13},"end":{"line":59,"column":18}},"type":"cond-expr","locations":[{"start":{"line":59,"column":17},"end":{"line":59,"column":18}},{"start":{"line":59,"column":17},"end":{"line":59,"column":18}}]},"12":{"loc":{"start":{"line":59,"column":13},"end":{"line":59,"column":17}},"type":"binary-expr","locations":[{"start":{"line":59,"column":13},"end":{"line":59,"column":18}},{"start":{"line":59,"column":13},"end":{"line":59,"column":17}}]}},"s":{"0":15,"1":15,"2":15,"3":15,"4":15,"5":6,"6":6,"7":6,"8":6,"9":6,"10":6,"11":6,"12":6,"13":6,"14":6,"15":6,"16":0,"17":1,"18":0,"19":1,"20":0,"21":1,"22":1,"23":1,"24":1,"25":0,"26":0,"27":0,"28":0,"29":0,"30":15,"31":15,"32":15,"33":15,"34":15,"35":15,"36":15,"37":15,"38":15,"39":15,"40":15,"41":0,"42":15,"43":0,"44":0,"45":15,"46":0,"47":0,"48":15,"49":15,"50":15},"f":{"0":6,"1":0,"2":1,"3":0,"4":0,"5":0,"6":0,"7":0,"8":0,"9":0,"10":0},"b":{"0":[4],"1":[6],"2":[6,6],"3":[0,0],"4":[0,1],"5":[0,0],"6":[0,0],"7":[15,0],"8":[15,15],"9":[15,0],"10":[15,15],"11":[15,0],"12":[15,15]}}
,"/home/yhondev/Civica_pago_app/apps/backend/src/community/domain/tenencia.entity.ts": {"path":"/home/yhondev/Civica_pago_app/apps/backend/src/community/domain/tenencia.entity.ts","statementMap":{"0":{"start":{"line":1,"column":0},"end":{"line":1,"column":44}},"1":{"start":{"line":2,"column":0},"end":{"line":2,"column":null}},"2":{"start":{"line":10,"column":0},"end":{"line":10,"column":47}},"3":{"start":{"line":11,"column":0},"end":{"line":11,"column":37}},"4":{"start":{"line":14,"column":21},"end":{"line":75,"column":null}},"5":{"start":{"line":51,"column":4},"end":{"line":53,"column":5}},"6":{"start":{"line":52,"column":6},"end":{"line":52,"column":64}},"7":{"start":{"line":55,"column":21},"end":{"line":55,"column":35}},"8":{"start":{"line":56,"column":4},"end":{"line":56,"column":39}},"9":{"start":{"line":57,"column":4},"end":{"line":57,"column":29}},"10":{"start":{"line":58,"column":4},"end":{"line":58,"column":39}},"11":{"start":{"line":59,"column":4},"end":{"line":59,"column":29}},"12":{"start":{"line":60,"column":4},"end":{"line":60,"column":20}},"13":{"start":{"line":64,"column":4},"end":{"line":68,"column":5}},"14":{"start":{"line":65,"column":6},"end":{"line":67,"column":8}},"15":{"start":{"line":69,"column":4},"end":{"line":69,"column":29}},"16":{"start":{"line":73,"column":4},"end":{"line":73,"column":34}},"17":{"start":{"line":14,"column":13},"end":{"line":14,"column":21}},"18":{"start":{"line":16,"column":2},"end":{"line":16,"column":null}},"19":{"start":{"line":19,"column":2},"end":{"line":19,"column":null}},"20":{"start":{"line":22,"column":2},"end":{"line":22,"column":null}},"21":{"start":{"line":26,"column":2},"end":{"line":26,"column":null}},"22":{"start":{"line":24,"column":19},"end":{"line":24,"column":23}},"23":{"start":{"line":29,"column":2},"end":{"line":29,"column":null}},"24":{"start":{"line":32,"column":2},"end":{"line":32,"column":null}},"25":{"start":{"line":39,"column":2},"end":{"line":39,"column":null}},"26":{"start":{"line":34,"column":19},"end":{"line":34,"column":28}},"27":{"start":{"line":34,"column":45},"end":{"line":34,"column":64}},"28":{"start":{"line":42,"column":2},"end":{"line":42,"column":null}},"29":{"start":{"line":14,"column":13},"end":{"line":75,"column":null}}},"fnMap":{"0":{"name":"(anonymous_2)","decl":{"start":{"line":46,"column":2},"end":{"line":46,"column":8}},"loc":{"start":{"line":49,"column":21},"end":{"line":61,"column":3}}},"1":{"name":"(anonymous_3)","decl":{"start":{"line":63,"column":2},"end":{"line":63,"column":11}},"loc":{"start":{"line":63,"column":26},"end":{"line":70,"column":3}}},"2":{"name":"(anonymous_4)","decl":{"start":{"line":72,"column":2},"end":{"line":72,"column":12}},"loc":{"start":{"line":72,"column":12},"end":{"line":74,"column":3}}},"3":{"name":"(anonymous_5)","decl":{"start":{"line":24,"column":13},"end":{"line":24,"column":16}},"loc":{"start":{"line":24,"column":19},"end":{"line":24,"column":23}}},"4":{"name":"(anonymous_6)","decl":{"start":{"line":34,"column":13},"end":{"line":34,"column":16}},"loc":{"start":{"line":34,"column":19},"end":{"line":34,"column":28}}},"5":{"name":"(anonymous_7)","decl":{"start":{"line":34,"column":30},"end":{"line":34,"column":31}},"loc":{"start":{"line":34,"column":45},"end":{"line":34,"column":64}}}},"branchMap":{"0":{"loc":{"start":{"line":51,"column":4},"end":{"line":53,"column":5}},"type":"if","locations":[{"start":{"line":51,"column":4},"end":{"line":53,"column":5}},{"start":{},"end":{}}]},"1":{"loc":{"start":{"line":64,"column":4},"end":{"line":68,"column":5}},"type":"if","locations":[{"start":{"line":64,"column":4},"end":{"line":68,"column":5}},{"start":{},"end":{}}]},"2":{"loc":{"start":{"line":26,"column":8},"end":{"line":26,"column":13}},"type":"cond-expr","locations":[{"start":{"line":26,"column":12},"end":{"line":26,"column":13}},{"start":{"line":26,"column":12},"end":{"line":26,"column":13}}]},"3":{"loc":{"start":{"line":26,"column":8},"end":{"line":26,"column":12}},"type":"binary-expr","locations":[{"start":{"line":26,"column":8},"end":{"line":26,"column":13}},{"start":{"line":26,"column":8},"end":{"line":26,"column":12}}]},"4":{"loc":{"start":{"line":29,"column":15},"end":{"line":29,"column":20}},"type":"cond-expr","locations":[{"start":{"line":29,"column":19},"end":{"line":29,"column":20}},{"start":{"line":29,"column":19},"end":{"line":29,"column":20}}]},"5":{"loc":{"start":{"line":29,"column":15},"end":{"line":29,"column":19}},"type":"binary-expr","locations":[{"start":{"line":29,"column":15},"end":{"line":29,"column":20}},{"start":{"line":29,"column":15},"end":{"line":29,"column":19}}]},"6":{"loc":{"start":{"line":39,"column":13},"end":{"line":39,"column":23}},"type":"cond-expr","locations":[{"start":{"line":39,"column":22},"end":{"line":39,"column":23}},{"start":{"line":39,"column":22},"end":{"line":39,"column":23}}]},"7":{"loc":{"start":{"line":39,"column":13},"end":{"line":39,"column":22}},"type":"binary-expr","locations":[{"start":{"line":39,"column":13},"end":{"line":39,"column":23}},{"start":{"line":39,"column":13},"end":{"line":39,"column":22}}]},"8":{"loc":{"start":{"line":42,"column":13},"end":{"line":42,"column":18}},"type":"cond-expr","locations":[{"start":{"line":42,"column":17},"end":{"line":42,"column":18}},{"start":{"line":42,"column":17},"end":{"line":42,"column":18}}]},"9":{"loc":{"start":{"line":42,"column":13},"end":{"line":42,"column":17}},"type":"binary-expr","locations":[{"start":{"line":42,"column":13},"end":{"line":42,"column":18}},{"start":{"line":42,"column":13},"end":{"line":42,"column":17}}]}},"s":{"0":15,"1":15,"2":15,"3":15,"4":15,"5":1,"6":0,"7":1,"8":1,"9":1,"10":1,"11":1,"12":1,"13":0,"14":0,"15":0,"16":0,"17":15,"18":15,"19":15,"20":15,"21":15,"22":0,"23":15,"24":15,"25":15,"26":0,"27":0,"28":15,"29":15},"f":{"0":1,"1":0,"2":0,"3":0,"4":0,"5":0},"b":{"0":[0,1],"1":[0,0],"2":[15,0],"3":[15,15],"4":[15,0],"5":[15,15],"6":[0,15],"7":[15,0],"8":[15,0],"9":[15,15]}}
,"/home/yhondev/Civica_pago_app/apps/backend/src/community/infrastructure/proyecto.repository.ts": {"path":"/home/yhondev/Civica_pago_app/apps/backend/src/community/infrastructure/proyecto.repository.ts","statementMap":{"0":{"start":{"line":1,"column":0},"end":{"line":1,"column":44}},"1":{"start":{"line":2,"column":0},"end":{"line":2,"column":51}},"2":{"start":{"line":3,"column":0},"end":{"line":3,"column":37}},"3":{"start":{"line":4,"column":0},"end":{"line":4,"column":53}},"4":{"start":{"line":7,"column":7},"end":{"line":31,"column":null}},"5":{"start":{"line":10,"column":21},"end":{"line":10,"column":27}},"6":{"start":{"line":14,"column":4},"end":{"line":18,"column":7}},"7":{"start":{"line":22,"column":4},"end":{"line":25,"column":7}},"8":{"start":{"line":29,"column":4},"end":{"line":29,"column":36}},"9":{"start":{"line":7,"column":13},"end":{"line":7,"column":31}},"10":{"start":{"line":7,"column":13},"end":{"line":31,"column":null}}},"fnMap":{"0":{"name":"(anonymous_4)","decl":{"start":{"line":8,"column":2},"end":{"line":8,"column":null}},"loc":{"start":{"line":10,"column":47},"end":{"line":11,"column":6}}},"1":{"name":"(anonymous_5)","decl":{"start":{"line":13,"column":2},"end":{"line":13,"column":7}},"loc":{"start":{"line":13,"column":37},"end":{"line":19,"column":3}}},"2":{"name":"(anonymous_6)","decl":{"start":{"line":21,"column":2},"end":{"line":21,"column":7}},"loc":{"start":{"line":21,"column":27},"end":{"line":26,"column":3}}},"3":{"name":"(anonymous_7)","decl":{"start":{"line":28,"column":2},"end":{"line":28,"column":7}},"loc":{"start":{"line":28,"column":31},"end":{"line":30,"column":3}}}},"branchMap":{"0":{"loc":{"start":{"line":10,"column":27},"end":{"line":10,"column":47}},"type":"cond-expr","locations":[{"start":{"line":10,"column":37},"end":{"line":10,"column":47}},{"start":{"line":10,"column":37},"end":{"line":10,"column":47}}]},"1":{"loc":{"start":{"line":10,"column":27},"end":{"line":10,"column":37}},"type":"binary-expr","locations":[{"start":{"line":10,
[...]
ine":45,"column":4},"end":{"line":47,"column":5}},"type":"if","locations":[{"start":{"line":45,"column":4},"end":{"line":47,"column":5}},{"start":{},"end":{}}]},"6":{"loc":{"start":{"line":45,"column":8},"end":{"line":45,"column":41}},"type":"binary-expr","locations":[{"start":{"line":45,"column":8},"end":{"line":45,"column":14}},{"start":{"line":45,"column":18},"end":{"line":45,"column":41}}]},"7":{"loc":{"start":{"line":57,"column":4},"end":{"line":59,"column":5}},"type":"if","locations":[{"start":{"line":57,"column":4},"end":{"line":59,"column":5}},{"start":{},"end":{}}]},"8":{"loc":{"start":{"line":57,"column":8},"end":{"line":57,"column":43}},"type":"binary-expr","locations":[{"start":{"line":57,"column":8},"end":{"line":57,"column":14}},{"start":{"line":57,"column":18},"end":{"line":57,"column":43}}]},"9":{"loc":{"start":{"line":93,"column":2},"end":{"line":100,"column":3}},"type":"switch","locations":[{"start":{"line":94,"column":4},"end":{"line":95,"column":15}},{"start":{"line":96,"column":4},"end":{"line":97,"column":15}},{"start":{"line":98,"column":4},"end":{"line":99,"column":15}}]},"10":{"loc":{"start":{"line":149,"column":20},"end":{"line":149,"column":43}},"type":"default-arg","locations":[{"start":{"line":149,"column":38},"end":{"line":149,"column":43}}]},"11":{"loc":{"start":{"line":151,"column":4},"end":{"line":153,"column":5}},"type":"if","locations":[{"start":{"line":151,"column":4},"end":{"line":153,"column":5}},{"start":{},"end":{}}]},"12":{"loc":{"start":{"line":151,"column":8},"end":{"line":151,"column":51}},"type":"binary-expr","locations":[{"start":{"line":151,"column":8},"end":{"line":151,"column":34}},{"start":{"line":151,"column":38},"end":{"line":151,"column":51}}]},"13":{"loc":{"start":{"line":154,"column":4},"end":{"line":156,"column":5}},"type":"if","locations":[{"start":{"line":154,"column":4},"end":{"line":156,"column":5}},{"start":{},"end":{}}]},"14":{"loc":{"start":{"line":160,"column":4},"end":{"line":160,"column":66}},"type":"if","locations":[{"start":{"line":160,"column":4},"end":{"line":160,"column":66}},{"start":{},"end":{}}]},"15":{"loc":{"start":{"line":169,"column":4},"end":{"line":169,"column":98}},"type":"if","locations":[{"start":{"line":169,"column":4},"end":{"line":169,"column":98}},{"start":{},"end":{}}]},"16":{"loc":{"start":{"line":174,"column":4},"end":{"line":174,"column":99}},"type":"if","locations":[{"start":{"line":174,"column":4},"end":{"line":174,"column":99}},{"start":{},"end":{}}]},"17":{"loc":{"start":{"line":176,"column":4},"end":{"line":176,"column":67}},"type":"if","locations":[{"start":{"line":176,"column":4},"end":{"line":176,"column":67}},{"start":{},"end":{}}]},"18":{"loc":{"start":{"line":189,"column":11},"end":{"line":189,"column":75}},"type":"binary-expr","locations":[{"start":{"line":189,"column":11},"end":{"line":189,"column":39}},{"start":{"line":189,"column":43},"end":{"line":189,"column":75}}]},"19":{"loc":{"start":{"line":249,"column":36},"end":{"line":249,"column":65}},"type":"default-arg","locations":[{"start":{"line":249,"column":45},"end":{"line":249,"column":65}}]},"20":{"loc":{"start":{"line":256,"column":6},"end":{"line":262,"column":7}},"type":"if","locations":[{"start":{"line":256,"column":6},"end":{"line":262,"column":7}},{"start":{},"end":{}}]},"21":{"loc":{"start":{"line":258,"column":8},"end":{"line":261,"column":9}},"type":"if","locations":[{"start":{"line":258,"column":8},"end":{"line":261,"column":9}},{"start":{},"end":{}}]},"22":{"loc":{"start":{"line":265,"column":4},"end":{"line":265,"column":43}},"type":"if","locations":[{"start":{"line":265,"column":4},"end":{"line":265,"column":43}},{"start":{},"end":{}}]},"23":{"loc":{"start":{"line":291,"column":4},"end":{"line":326,"column":5}},"type":"switch","locations":[{"start":{"line":292,"column":6},"end":{"line":313,"column":7}},{"start":{"line":314,"column":6},"end":{"line":321,"column":7}},{"start":{"line":322,"column":6},"end":{"line":325,"column":7}}]},"24":{"loc":{"start":{"line":297,"column":10},"end":{"line":297,"column":67}},"type":"if","locations":[{"start":{"line":297,"column":10},"end":{"line":297,"column":67}},{"start":{},"end":{}}]},"25":{"loc":{"start":{"line":301,"column":8},"end":{"line":310,"column":9}},"type":"if","locations":[{"start":{"line":301,"column":8},"end":{"line":310,"column":9}},{"start":{},"end":{}}]},"26":{"loc":{"start":{"line":303,"column":10},"end":{"line":309,"column":11}},"type":"if","locations":[{"start":{"line":303,"column":10},"end":{"line":309,"column":11}},{"start":{"line":306,"column":17},"end":{"line":309,"column":11}}]},"27":{"loc":{"start":{"line":336,"column":4},"end":{"line":343,"column":5}},"type":"switch","locations":[{"start":{"line":337,"column":6},"end":{"line":338,"column":45}},{"start":{"line":339,"column":6},"end":{"line":340,"column":47}},{"start":{"line":341,"column":6},"end":{"line":342,"column":45}}]},"28":{"loc":{"start":{"line":364,"column":4},"end":{"line":370,"column":5}},"type":"if","locations":[{"start":{"line":364,"column":4},"end":{"line":370,"column":5}},{"start":{},"end":{}}]},"29":{"loc":{"start":{"line":390,"column":57},"end":{"line":390,"column":73}},"type":"default-arg","locations":[{"start":{"line":390,"column":63},"end":{"line":390,"column":73}}]},"30":{"loc":{"start":{"line":401,"column":4},"end":{"line":401,"column":20}},"type":"default-arg","locations":[{"start":{"line":401,"column":10},"end":{"line":401,"column":20}}]},"31":{"loc":{"start":{"line":406,"column":4},"end":{"line":406,"column":35}},"type":"if","locations":[{"start":{"line":406,"column":4},"end":{"line":406,"column":35}},{"start":{},"end":{}}]},"32":{"loc":{"start":{"line":415,"column":42},"end":{"line":415,"column":58}},"type":"default-arg","locations":[{"start":{"line":415,"column":48},"end":{"line":415,"column":58}}]},"33":{"loc":{"start":{"line":468,"column":4},"end":{"line":473,"column":5}},"type":"if","locations":[{"start":{"line":468,"column":4},"end":{"line":473,"column":5}},{"start":{},"end":{}}]},"34":{"loc":{"start":{"line":469,"column":27},"end":{"line":469,"column":55}},"type":"cond-expr","locations":[{"start":{"line":469,"column":42},"end":{"line":469,"column":43}},{"start":{"line":469,"column":46},"end":{"line":469,"column":55}}]},"35":{"loc":{"start":{"line":470,"column":27},"end":{"line":470,"column":57}},"type":"cond-expr","locations":[{"start":{"line":470,"column":42},"end":{"line":470,"column":50}},{"start":{"line":470,"column":53},"end":{"line":470,"column":57}}]},"36":{"loc":{"start":{"line":475,"column":4},"end":{"line":475,"column":43}},"type":"if","locations":[{"start":{"line":475,"column":4},"end":{"line":475,"column":43}},{"start":{},"end":{}}]}},"s":{"0":18,"1":18,"2":18,"3":18,"4":18,"5":0,"6":0,"7":0,"8":0,"9":18,"10":18,"11":0,"12":0,"13":0,"14":0,"15":18,"16":0,"17":0,"18":0,"19":0,"20":0,"21":18,"22":0,"23":0,"24":0,"25":0,"26":18,"27":0,"28":0,"29":0,"30":0,"31":18,"32":18,"33":18,"34":18,"35":18,"36":22,"37":7,"38":6,"39":9,"40":2,"41":2,"42":3,"43":3,"44":0,"45":125,"46":125,"47":125,"48":0,"49":125,"50":0,"51":103,"52":0,"53":103,"54":0,"55":0,"56":0,"57":0,"58":0,"59":0,"60":0,"61":0,"62":0,"63":0,"64":0,"65":0,"66":0,"67":18,"68":18,"69":275,"70":6,"71":6,"72":58,"73":58,"74":58,"75":58,"76":29,"77":5,"78":5,"79":5,"80":5,"81":4,"82":4,"83":15,"84":15,"85":15,"86":15,"87":135,"88":135,"89":135,"90":17,"91":17,"92":15,"93":15,"94":15,"95":15,"96":0,"97":0,"98":0,"99":0,"100":1,"101":15,"102":7,"103":7,"104":7,"105":7,"106":207,"107":207,"108":31,"109":7,"110":3,"111":3,"112":2,"113":1,"114":7,"115":3,"116":3,"117":3,"118":5,"119":5,"120":4,"121":4,"122":1,"123":2,"124":1,"125":1,"126":1,"127":2,"128":1,"129":1,"130":1,"131":1,"132":1,"133":2,"134":2,"135":1,"136":1,"137":1,"138":1,"139":1,"140":1,"141":1,"142":1,"143":1,"144":1,"145":2,"146":2,"147":2,"148":2,"149":2,"150":3,"151":3,"152":3,"153":3,"154":3,"155":1,"156":2,"157":2,"158":0,"159":0,"160":0,"161":0,"162":3,"163":3,"164":3,"165":3,"166":3,"167":10,"168":3,"169":3,"170":0,"171":0,"172":0,"173":0,"174":0,"175":0,"176":0,"177":0,"178":0,"179":0,"180":0,"181":0,"182":0,"183":0,"184":0,"185":0,"186":18},"f":{"0":0,"1":0,"2":0,"3":0,"4":0,"5":0,"6":0,"7":0,"8":0,"9":0,"10":22,"11":2,"12":2,"13":3,"14":0,"15":125,"16":103,"17":0,"18":0,"19":0,"20":0,"21":0,"22":0,"23":275,"24":6,"25":58,"26":29,"27":5,"28":5,"29":4,"30":4,"31":15,"32":1,"33":15,"34":4,"35":1,"36":2,"37":2,"38":3,"39":3,"40":0,"41":0,"42":0,"43":3,"44":10,"45":0,"46":0},"b":{"0":[0,0],"1":[0,0],"2":[0,0],"3":[0,0],"4":[0,0],"5":[0,0],"6":[0,0],"7":[0,0],"8":[0,0],"9":[7,6,9],"10":[0],"11":[0,125],"12":[125,125],"13":[0,125],"14":[0,103],"15":[0,0],"16":[0,0],"17":[0,0],"18":[0,0],"19":[15],"20":[17,118],"21":[15,2],"22":[15,0],"23":[7,3,5],"24":[31,176],"25":[3,4],"26":[2,1],"27":[1,2,1],"28":[1,1],"29":[0],"30":[0],"31":[1,2],"32":[0],"33":[0,0],"34":[0,0],"35":[0,0],"36":[0,0]}}
,"/home/yhondev/Civica_pago_app/apps/backend/src/shared/common/decorators/registrar-actividad.decorator.ts": {"path":"/home/yhondev/Civica_pago_app/apps/backend/src/shared/common/decorators/registrar-actividad.decorator.ts","statementMap":{"0":{"start":{"line":1,"column":0},"end":{"line":1,"column":null}},"1":{"start":{"line":9,"column":0},"end":{"line":9,"column":39}},"2":{"start":{"line":10,"column":0},"end":{"line":10,"column":41}},"3":{"start":{"line":11,"column":0},"end":{"line":11,"column":89}},"4":{"start":{"line":12,"column":0},"end":{"line":12,"column":75}},"5":{"start":{"line":14,"column":13},"end":{"line":14,"column":61}},"6":{"start":{"line":28,"column":34},"end":{"line":30,"column":50}},"7":{"start":{"line":30,"column":5},"end":{"line":30,"column":50}},"8":{"start":{"line":28,"column":13},"end":{"line":28,"column":34}},"9":{"start":{"line":33,"column":33},"end":{"line":83,"column":null}},"10":{"start":{"line":34,"column":28},"end":{"line":34,"column":65}},"11":{"start":{"line":37,"column":21},"end":{"line":37,"column":32}},"12":{"start":{"line":38,"column":21},"end":{"line":38,"column":36}},"13":{"start":{"line":45,"column":20},"end":{"line":47,"column":null}},"14":{"start":{"line":50,"column":4},"end":{"line":52,"column":5}},"15":{"start":{"line":51,"column":6},"end":{"line":51,"column":27}},"16":{"start":{"line":54,"column":20},"end":{"line":54,"column":55}},"17":{"start":{"line":56,"column":4},"end":{"line":81,"column":6}},"18":{"start":{"line":58,"column":21},"end":{"line":58,"column":33}},"19":{"start":{"line":59,"column":8},"end":{"line":59,"column":26}},"20":{"start":{"line":59,"column":19},"end":{"line":59,"column":26}},"21":{"start":{"line":61,"column":8},"end":{"line":79,"column":9}},"22":{"start":{"line":62,"column":30},"end":{"line":62,"column":59}},"23":{"start":{"line":63,"column":28},"end":{"line":68,"column":null}},"24":{"start":{"line":72,"column":10},"end":{"line":74,"column":12}},"25":{"start":{"line":73,"column":12},"end":{"line":73,"column":76}},"26":{"start":{"line":76,"column":10},"end":{"line":78,"column":12}},"27":{"start":{"line":33,"column":13},"end":{"line":33,"column":33}},"28":{"start":{"line":33,"column":13},"end":{"line":83,"column":null}}},"fnMap":{"0":{"name":"(anonymous_2)","decl":{"start":{"line":28,"column":34},"end":{"line":28,"column":null}},"loc":{"start":{"line":30,"column":5},"end":{"line":30,"column":50}}},"1":{"name":"(anonymous_3)","decl":{"start":{"line":36,"column":2},"end":{"line":36,"column":null}},"loc":{"start":{"line":38,"column":55},"end":{"line":39,"column":6}}},"2":{"name":"(anonymous_4)","decl":{"start":{"line":41,"column":2},"end":{"line":41,"column":11}},"loc":{"start":{"line":43,"column":21},"end":{"line":82,"column":3}}},"3":{"name":"(anonymous_5)","decl":{"start":{"line":57,"column":10},"end":{"line":57,"column":11}},"loc":{"start":{"line":57,"column":21},"end":{"line":80,"column":7}}},"4":{"name":"(anonymous_6)","decl":{"start":{"line":72,"column":51},"end":{"line":72,"column":52}},"loc":{"start":{"line":73,"column":12},"end":{"line":73,"column":76}}}},"branchMap":{"0":{"loc":{"start":{"line":50,"column":4},"end":{"line":52,"column":5}},"type":"if","locations":[{"start":{"line":50,"column":4},"end":{"line":52,"column":5}},{"start":{},"end":{}}]},"1":{"loc":{"start":{"line":59,"column":8},"end":{"line":59,"column":26}},"type":"if","locations":[{"start":{"line":59,"column":8},"end":{"line":59,"column":26}},{"start":{},"end":{}}]},"2":{"loc":{"start":{"line":67,"column":12},"end":{"line":67,"column":36}},"type":"binary-expr","locations":[{"start":{"line":67,"column":12},"end":{"line":67,"column":23}},{"start":{"line":67,"column":27},"end":{"line":67,"column":36}}]},"3":{"loc":{"start":{"line":77,"column":44},"end":{"line":77,"column":84}},"type":"cond-expr","locations":[{"start":{"line":77,"column":67},"end":{"line":77,"column":78}},{"start":{"line":77,"column":81},"end":{"line":77,"column":84}}]},"4":{"loc":{"start":{"line":37,"column":32},"end":{"line":37,"column":null}},"type":"cond-expr","locations":[{"start":{"line":37,"column":41},"end":{"line":37,"column":null}},{"start":{"line":37,"column":41},"end":{"line":37,"column":null}}]},"5":{"loc":{"start":{"line":37,"column":32},"end":{"line":37,"column":41}},"type":"binary-expr","locations":[{"start":{"line":37,"column":32},"end":{"line":37,"column":null}},{"start":{"line":37,"column":32},"end":{"line":37,"column":41}}]},"6":{"loc":{"start":{"line":37,"column":41},"end":{"line":38,"column":null}},"type":"cond-expr","locations":[{"start":{"line":38,"column":55},"end":{"line":38,"column":null}},{"start":{"line":38,"column":55},"end":{"line":38,"column":null}}]},"7":{"loc":{"start":{"line":37,"column":41},"end":{"line":38,"column":55}},"type":"binary-expr","locations":[{"start":{"line":37,"column":41},"end":{"line":38,"column":null}},{"start":{"line":38,"column":36},"end":{"line":38,"column":55}}]}},"s":{"0":1,"1":1,"2":1,"3":1,"4":1,"5":1,"6":1,"7":3,"8":1,"9":1,"10":16,"11":16,"12":16,"13":0,"14":0,"15":0,"16":0,"17":0,"18":0,"19":0,"20":0,"21":0,"22":0,"23":0,"24":0,"25":0,"26":0,"27":1,"28":1},"f":{"0":3,"1":16,"2":0,"3":0,"4":0},"b":{"0":[0,0],"1":[0,0],"2":[0,0],"3":[0,0],"4":[1,0],"5":[1,1],"6":[1,0],"7":[1,1]}}
,"/home/yhondev/Civica_pago_app/apps/backend/src/shared/common/infrastructure/base-tenant.repository.ts": {"path":"/home/yhondev/Civica_pago_app/apps/backend/src/shared/common/infrastructure/base-tenant.repository.ts","statementMap":{"0":{"start":{"line":8,"column":33},"end":{"line":8,"column":52}},"1":{"start":{"line":15,"column":4},"end":{"line":18,"column":7}},"2":{"start":{"line":25,"column":4},"end":{"line":27,"column":7}},"3":{"start":{"line":35,"column":4},"end":{"line":35,"column":67}},"4":{"start":{"line":42,"column":4},"end":{"line":42,"column":34}},"5":{"start":{"line":49,"column":4},"end":{"line":49,"column":31}},"6":{"start":{"line":7,"column":0},"end":{"line":7,"column":22}}},"fnMap":{"0":{"name":"(anonymous_0)","decl":{"start":{"line":8,"column":2},"end":{"line":8,"column":33}},"loc":{"start":{"line":8,"column":52},"end":{"line":8,"column":56}}},"1":{"name":"(anonymous_1)","decl":{"start":{"line":14,"column":12},"end":{"line":14,"column":17}},"loc":{"start":{"line":14,"column":66},"end":{"line":19,"column":3}}},"2":{"name":"(anonymous_2)","decl":{"start":{"line":24,"column":12},"end":{"line":24,"column":17}},"loc":{"start":{"line":24,"column":67},"end":{"line":28,"column":3}}},"3":{"name":"(anonymous_3)","decl":{"start":{"line":34,"column":12},"end":{"line":34,"column":29}},"loc":{"start":{"line":34,"column":88},"end":{"line":36,"column":3}}},"4":{"name":"(anonymous_4)","decl":{"start":{"line":41,"column":2},"end":{"line":41,"column":7}},"loc":{"start":{"line":41,"column":22},"end":{"line":43,"column":3}}},"5":{"name":"(anonymous_5)","decl":{"start":{"line":48,"column":2},"end":{"line":48,"column":7}},"loc":{"start":{"line":48,"column":22},"end":{"line":50,"column":3}}}},"branchMap":{"0":{"loc":{"start":{"line":14,"column":49},"end":{"line":14,"column":66}},"type":"default-arg","locations":[{"start":{"line":14,"column":64},"end":{"line":14,"column":66}}]},"1":{"loc":{"start":{"line":24,"column":50},"end":{"line":24,"column":67}},"type":"default-arg","locations":[{"start":{"line":24,"column":65},"end":{"line":24,"column":67}}]}},"s":{"0":33,"1":1,"2":1,"3":7,"4":0,"5":0,"6":12},"f":{"0":33,"1":1,"2":1,"3":7,"4":0,"5":0},"b":{"0":[0],"1":[1]}}
,"/home/yhondev/Civica_pago_app/apps/backend/src/shared/tenant/current-tenant.decorator.ts": {"path":"/home/yhondev/Civica_pago_app/apps/backend/src/shared/tenant/current-tenant.decorator.ts","statementMap":{"0":{"start":{"line":1,"column":0},"end":{"line":1,"column":72}},"1":{"start":{"line":7,"column":13},"end":{"line":12,"column":2}},"2":{"start":{"line":9,"column":20},"end":{"line":9,"column":51}},"3":{"start":{"line":10,"column":4},"end":{"line":10,"column":42}}},"fnMap":{"0":{"name":"(anonymous_0)","decl":{"start":{"line":8,"column":2},"end":{"line":8,"column":3}},"loc":{"start":{"line":8,"column":59},"end":{"line":11,"column":3}}}},"branchMap":{"0":{"loc":{"start":{"line":10,"column":11},"end":{"line":10,"column":41}},"type":"binary-expr","locations":[{"start":{"line":10,"column":11},"end":{"line":10,"column":33}},{"start":{"line":10,"column":37},"end":{"line":10,"column":41}}]}},"s":{"0":4,"1":4,"2":0,"3":0},"f":{"0":0},"b":{"0":[0,0]}}
,"/home/yhondev/Civica_pago_app/apps/backend/src/shared/tenant/current-user.decorator.ts": {"path":"/home/yhondev/Civica_pago_app/apps/backend/src/shared/tenant/current-user.decorator.ts","statementMap":{"0":{"start":{"line":1,"column":0},"end":{"line":1,"column":72}},"1":{"start":{"line":8,"column":13},"end":{"line":13,"column":2}},"2":{"start":{"line":10,"column":20},"end":{"line":10,"column":51}},"3":{"start":{"line":11,"column":4},"end":{"line":11,"column":24}}},"fnMap":{"0":{"name":"(anonymous_0)","decl":{"start":{"line":9,"column":2},"end":{"line":9,"column":3}},"loc":{"start":{"line":9,"column":53},"end":{"line":12,"column":3}}}},"branchMap":{},"s":{"0":3,"1":3,"2":0,"3":0},"f":{"0":0},"b":{}}
,"/home/yhondev/Civica_pago_app/apps/backend/src/shared/tenant/tenant.module.ts": {"path":"/home/yhondev/Civica_pago_app/apps/backend/src/shared/tenant/tenant.module.ts","statementMap":{"0":{"start":{"line":1,"column":0},"end":{"line":1,"column":48}},"1":{"start":{"line":2,"column":0},"end":{"line":2,"column":49}},"2":{"start":{"line":9,"column":7},"end":{"line":9,"column":null}},"3":{"start":{"line":9,"column":13},"end":{"line":9,"column":25}},"4":{"start":{"line":9,"column":13},"end":{"line":9,"column":null}}},"fnMap":{},"branchMap":{},"s":{"0":0,"1":0,"2":0,"3":0,"4":0},"f":{},"b":{}}
,"/home/yhondev/Civica_pago_app/apps/backend/src/shared/tenant/tenant.service.ts": {"path":"/home/yhondev/Civica_pago_app/apps/backend/src/shared/tenant/tenant.service.ts","statementMap":{"0":{"start":{"line":1,"column":0},"end":{"line":1,"column":62}},"1":{"start":{"line":5,"column":7},"end":{"line":21,"column":null}},"2":{"start":{"line":10,"column":18},"end":{"line":10,"column":38}},"3":{"start":{"line":11,"column":4},"end":{"line":11,"column":34}},"4":{"start":{"line":18,"column":20},"end":{"line":18,"column":64}},"5":{"start":{"line":19,"column":4},"end":{"line":19,"column":48}},"6":{"start":{"line":5,"column":13},"end":{"line":5,"column":26}},"7":{"start":{"line":5,"column":13},"end":{"line":21,"column":null}}},"fnMap":{"0":{"name":"(anonymous_1)","decl":{"start":{"line":9,"column":2},"end":{"line":9,"column":24}},"loc":{"start":{"line":9,"column":41},"end":{"line":12,"column":3}}},"1":{"name":"(anonymous_2)","decl":{"start":{"line":17,"column":2},"end":{"line":17,"column":33}},"loc":{"start":{"line":17,"column":59},"end":{"line":20,"column":3}}}},"branchMap":{"0":{"loc":{"start":{"line":11,"column":11},"end":{"line":11,"column":33}},"type":"binary-expr","locations":[{"start":{"line":11,"column":11},"end":{"line":11,"column":25}},{"start":{"line":11,"column":29},"end":{"line":11,"column":33}}]}},"s":{"0":0,"1":0,"2":0,"3":0,"4":0,"5":0,"6":0,"7":0},"f":{"0":0,"1":0},"b":{"0":[0,0]}}
}
