TN:
SF:src/app.module.ts
FNF:0
FNH:0
DA:1,0
DA:2,0
DA:3,0
DA:4,0
DA:5,0
DA:6,0
DA:7,0
DA:8,0
DA:9,0
DA:10,0
DA:26,0
LF:11
LH:0
BRF:0
BRH:0
end_of_record
TN:
SF:src/main.ts
FN:6,bootstrap
FNF:1
FNH:0
FNDA:0,bootstrap
DA:1,0
DA:2,0
DA:3,0
DA:4,0
DA:7,0
DA:9,0
DA:17,0
DA:20,0
DA:22,0
DA:24,0
LF:10
LH:0
BRDA:22,0,0,0
BRDA:22,0,1,0
BRF:2
BRH:0
end_of_record
TN:
SF:src/community/community.module.ts
FN:34,(anonymous_1)
FNF:1
FNH:0
FNDA:0,(anonymous_1)
DA:1,0
DA:2,0
DA:3,0
DA:4,0
DA:5,0
DA:6,0
DA:7,0
DA:8,0
DA:9,0
DA:10,0
DA:11,0
DA:12,0
DA:13,0
DA:14,0
DA:15,0
DA:16,0
DA:17,0
DA:18,0
DA:19,0
DA:20,0
DA:21,0
DA:22,0
DA:23,0
DA:24,0
DA:25,0
DA:26,0
DA:27,0
DA:28,0
DA:34,0
DA:60,0
LF:30
LH:0
BRF:0
BRH:0
end_of_record
TN:
SF:src/community/application/queries/residente-detail.query.ts
FN:7,(anonymous_2)
FN:9,(anonymous_3)
FN:26,(anonymous_4)
FNF:3
FNH:0
FNDA:0,(anonymous_2)
FNDA:0,(anonymous_3)
FNDA:0,(anonymous_4)
DA:1,1
DA:2,1
DA:6,1
DA:7,0
DA:10,0
DA:12,0
DA:13,0
DA:16,0
DA:26,0
LF:9
LH:3
BRDA:12,0,0,0
BRDA:12,0,1,0
BRDA:18,1,0,0
BRDA:18,1,1,0
BRDA:22,2,0,0
BRDA:22,2,1,0
BRDA:26,3,0,0
BRDA:26,3,1,0
BRDA:31,4,0,0
BRDA:31,4,1,0
BRDA:34,5,0,0
BRDA:34,5,1,0
BRDA:37,6,0,0
BRDA:37,6,1,0
BRDA:7,7,0,1
BRDA:7,7,1,0
BRDA:7,8,0,1
BRDA:7,8,1,1
BRF:18
BRH:3
end_of_record
TN:
SF:src/community/application/use-cases/actualizar-residente.use-case.ts
FN:18,(anonymous_2)
FN:20,(anonymous_3)
FNF:2
FNH:0
FNDA:0,(anonymous_2)
FNDA:0,(anonymous_3)
DA:1,1
DA:3,1
DA:17,1
DA:18,0
DA:21,0
DA:23,0
DA:24,0
DA:27,0
DA:28,0
DA:29,0
DA:30,0
DA:31,0
DA:33,0
DA:34,0
DA:37,0
LF:15
LH:3
BRDA:23,0,0,0
BRDA:23,0,1,0
BRDA:27,1,0,0
BRDA:27,1,1,0
BRDA:28,2,0,0
BRDA:28,2,1,0
BRDA:29,3,0,0
BRDA:29,3,1,0
BRDA:30,4,0,0
BRDA:30,4,1,0
BRDA:33,5,0,0
BRDA:33,5,1,0
BRDA:18,6,0,1
BRDA:18,6,1,0
BRDA:18,7,0,1
BRDA:18,7,1,1
BRF:16
BRH:3
end_of_record
TN:
SF:src/community/application/use-cases/agregar-tenencia.use-case.ts
FN:13,(anonymous_4)
FN:21,(anonymous_5)
FNF:2
FNH:0
FNDA:0,(anonymous_4)
FNDA:0,(anonymous_5)
DA:1,0
DA:2,0
DA:3,0
DA:5,0
DA:6,0
DA:7,0
DA:8,0
DA:9,0
DA:12,0
DA:14,0
DA:16,0
DA:17,0
DA:18,0
DA:26,0
DA:29,0
DA:30,0
DA:35,0
DA:36,0
DA:39,0
DA:44,0
DA:45,0
DA:46,0
DA:54,0
DA:57,0
DA:58,0
DA:59,0
DA:62,0
LF:27
LH:0
BRDA:29,0,0,0
BRDA:29,0,1,0
BRDA:44,1,0,0
BRDA:44,1,1,0
BRDA:14,2,0,0
BRDA:14,2,1,0
BRDA:14,3,0,0
BRDA:14,3,1,0
BRDA:14,4,0,0
BRDA:14,4,1,0
BRDA:14,5,0,0
BRDA:14,5,1,0
BRDA:16,6,0,0
BRDA:16,6,1,0
BRDA:16,7,0,0
BRDA:16,7,1,0
BRDA:17,8,0,0
BRDA:17,8,1,0
BRDA:17,9,0,0
BRDA:17,9,1,0
BRF:20
BRH:0
end_of_record
TN:
SF:src/community/application/use-cases/crear-cobrador.use-case.ts
FN:34,(anonymous_13)
FN:41,(anonymous_14)
FNF:2
FNH:2
FNDA:6,(anonymous_13)
FNDA:6,(anonymous_14)
DA:1,2
DA:2,2
DA:3,2
DA:4,2
DA:5,2
DA:6,2
DA:33,2
DA:35,6
DA:37,6
DA:38,6
DA:42,6
DA:43,2
DA:49,4
DA:52,4
DA:57,4
DA:60,4
DA:61,1
DA:66,3
DA:69,3
DA:70,3
DA:71,3
DA:73,3
DA:74,3
DA:82,3
DA:85,2
DA:86,1
DA:87,2
DA:96,2
DA:98,2
DA:103,1
DA:104,1
DA:106,3
LF:32
LH:32
BRDA:42,0,0,2
BRDA:42,0,1,4
BRDA:42,1,0,6
BRDA:42,1,1,5
BRDA:60,2,0,1
BRDA:60,2,1,3
BRDA:85,3,0,1
BRDA:85,3,1,1
BRDA:85,4,0,2
BRDA:85,4,1,1
BRDA:35,5,0,2
BRDA:35,5,1,0
BRDA:35,6,0,2
BRDA:35,6,1,2
BRDA:35,7,0,2
BRDA:35,7,1,0
BRDA:35,8,0,2
BRDA:35,8,1,2
BRDA:37,9,0,2
BRDA:37,9,1,0
BRDA:37,10,0,2
BRDA:37,10,1,2
BRF:22
BRH:19
end_of_record
TN:
SF:src/community/application/use-cases/crear-etapa.use-case.ts
FN:7,(anonymous_2)
FN:9,(anonymous_3)
FNF:2
FNH:0
FNDA:0,(anonymous_2)
FNDA:0,(anonymous_3)
DA:1,0
DA:3,0
DA:6,0
DA:7,0
DA:10,0
DA:11,0
DA:14,0
DA:15,0
DA:16,0
DA:19,0
DA:20,0
DA:21,0
LF:12
LH:0
BRDA:10,0,0,0
BRDA:10,0,1,0
BRDA:10,1,0,0
BRDA:10,1,1,0
BRDA:15,2,0,0
BRDA:15,2,1,0
BRDA:7,3,0,0
BRDA:7,3,1,0
BRDA:7,4,0,0
BRDA:7,4,1,0
BRF:10
BRH:0
end_of_record
TN:
SF:src/community/application/use-cases/crear-manzana.use-case.ts
FN:9,(anonymous_4)
FN:16,(anonymous_5)
FNF:2
FNH:0
FNDA:0,(anonymous_4)
FNDA:0,(anonymous_5)
DA:1,0
DA:2,0
DA:3,0
DA:4,0
DA:5,0
DA:8,0
DA:11,0
DA:13,0
DA:17,0
DA:18,0
DA:21,0
DA:24,0
DA:25,0
DA:28,0
DA:29,0
DA:30,0
LF:16
LH:0
BRDA:17,0,0,0
BRDA:17,0,1,0
BRDA:17,1,0,0
BRDA:17,1,1,0
BRDA:24,2,0,0
BRDA:24,2,1,0
BRDA:11,3,0,0
BRDA:11,3,1,0
BRDA:11,4,0,0
BRDA:11,4,1,0
BRDA:11,5,0,0
BRDA:11,5,1,0
BRDA:11,6,0,0
BRDA:11,6,1,0
BRF:14
BRH:0
end_of_record
TN:
SF:src/community/application/use-cases/crear-proyecto.use-case.ts
FN:7,(anonymous_2)
FN:9,(anonymous_3)
FNF:2
FNH:0
FNDA:0,(anonymous_2)
FNDA:0,(anonymous_3)
DA:1,0
DA:2,0
DA:3,0
DA:6,0
DA:7,0
DA:10,0
DA:11,0
LF:7
LH:0
BRDA:7,0,0,0
BRDA:7,0,1,0
BRDA:7,1,0,0
BRDA:7,1,1,0
BRF:4
BRH:0
end_of_record
TN:
SF:src/community/application/use-cases/eliminar-residente.use-case.ts
FN:6,(anonymous_2)
FN:8,(anonymous_3)
FNF:2
FNH:0
FNDA:0,(anonymous_2)
FNDA:0,(anonymous_3)
DA:1,1
DA:2,1
DA:5,1
DA:6,0
DA:9,0
DA:11,0
DA:12,0
DA:15,0
DA:16,0
DA:19,0
LF:10
LH:3
BRDA:11,0,0,0
BRDA:11,0,1,0
BRDA:15,1,0,0
BRDA:15,1,1,0
BRDA:6,2,0,1
BRDA:6,2,1,0
BRDA:6,3,0,1
BRDA:6,3,1,1
BRF:8
BRH:3
end_of_record
TN:
SF:src/community/application/use-cases/registrar-casa.use-case.ts
FN:11,(anonymous_4)
FN:18,(anonymous_5)
FNF:2
FNH:0
FNDA:0,(anonymous_4)
FNDA:0,(anonymous_5)
DA:1,0
DA:2,0
DA:3,0
DA:4,0
DA:5,0
DA:8,0
DA:9,0
DA:13,0
DA:15,0
DA:19,0
DA:20,0
DA:23,0
DA:26,0
DA:27,0
DA:30,0
DA:31,0
DA:32,0
DA:33,0
DA:34,0
DA:36,0
DA:37,0
LF:21
LH:0
BRDA:19,0,0,0
BRDA:19,0,1,0
BRDA:19,1,0,0
BRDA:19,1,1,0
BRDA:26,2,0,0
BRDA:26,2,1,0
BRDA:13,3,0,0
BRDA:13,3,1,0
BRDA:13,4,0,0
BRDA:13,4,1,0
BRDA:13,5,0,0
BRDA:13,5,1,0
BRDA:13,6,0,0
BRDA:13,6,1,0
BRF:14
BRH:0
end_of_record
TN:
SF:src/community/application/use-cases/registrar-residente.use-case.ts
FN:35,(anonymous_13)
FN:46,(anonymous_14)
FNF:2
FNH:2
FNDA:3,(anonymous_13)
FNDA:3,(anonymous_14)
DA:1,2
DA:2,2
DA:3,2
DA:4,2
DA:5,2
DA:6,2
DA:8,2
DA:9,2
DA:10,2
DA:11,2
DA:12,2
DA:13,2
DA:34,2
DA:36,3
DA:37,3
DA:39,3
DA:41,3
DA:42,3
DA:43,3
DA:47,3
DA:55,3
DA:59,3
DA:61,3
DA:62,2
DA:69,3
DA:70,1
DA:71,1
DA:72,1
DA:74,1
DA:75,1
DA:76,1
DA:84,1
DA:87,1
DA:88,1
DA:89,1
DA:93,3
DA:94,1
DA:95,1
DA:96,1
DA:101,2
DA:104,3
DA:105,3
DA:108,3
DA:117,3
DA:119,3
LF:45
LH:45
BRDA:61,0,0,2
BRDA:61,0,1,1
BRDA:69,1,0,1
BRDA:69,1,1,2
BRDA:69,2,0,3
BRDA:69,2,1,2
BRDA:70,3,0,1
BRDA:70,3,1,1
BRDA:74,4,0,1
BRDA:74,4,1,0
BRDA:93,5,0,1
BRDA:93,5,1,2
BRDA:93,6,0,3
BRDA:93,6,1,2
BRDA:94,7,0,1
BRDA:94,7,1,0
BRDA:95,8,0,1
BRDA:95,8,1,0
BRDA:36,9,0,2
BRDA:36,9,1,0
BRDA:36,10,0,2
BRDA:36,10,1,2
BRDA:36,11,0,2
BRDA:36,11,1,0
BRDA:36,12,0,2
BRDA:36,12,1,2
BRDA:37,13,0,2
BRDA:37,13,1,0
BRDA:37,14,0,2
BRDA:37,14,1,2
BRDA:39,15,0,2
BRDA:39,15,1,0
BRDA:39,16,0,2
BRDA:39,16,1,2
BRDA:41,17,0,2
BRDA:41,17,1,0
BRDA:41,18,0,2
BRDA:41,18,1,2
BRDA:42,19,0,2
BRDA:42,19,1,0
BRDA:42,20,0,2
BRDA:42,20,1,2
BRF:42
BRH:33
end_of_record
TN:
SF:src/community/domain/casa.entity.ts
FN:32,(anonymous_2)
FN:23,(anonymous_3)
FN:23,(anonymous_4)
FNF:3
FNH:0
FNDA:0,(anonymous_2)
FNDA:0,(anonymous_3)
FNDA:0,(anonymous_4)
DA:2,21
DA:10,21
DA:13,21
DA:15,21
DA:18,21
DA:21,21
DA:23,0
DA:25,21
DA:28,21
DA:33,0
DA:34,0
DA:35,0
DA:36,0
DA:37,0
LF:14
LH:8
BRDA:25,0,0,15
BRDA:25,0,1,6
BRDA:25,1,0,21
BRDA:25,1,1,15
BRDA:28,2,0,21
BRDA:28,2,1,0
BRDA:28,3,0,21
BRDA:28,3,1,21
BRF:8
BRH:7
end_of_record
TN:
SF:src/community/domain/etapa.entity.ts
FN:38,(anonymous_2)
FN:47,(anonymous_3)
FN:25,(anonymous_4)
FN:25,(anonymous_5)
FN:30,(anonymous_6)
FN:30,(anonymous_7)
FNF:6
FNH:0
FNDA:0,(anonymous_2)
FNDA:0,(anonymous_3)
FNDA:0,(anonymous_4)
FNDA:0,(anonymous_5)
FNDA:0,(anonymous_6)
FNDA:0,(anonymous_7)
DA:1,21
DA:2,21
DA:11,21
DA:12,21
DA:15,21
DA:17,21
DA:20,21
DA:23,21
DA:25,0
DA:28,21
DA:30,0
DA:31,21
DA:34,21
DA:39,0
DA:40,0
DA:41,0
DA:42,0
DA:43,0
DA:44,0
DA:48,0
DA:49,0
DA:50,0
LF:22
LH:11
BRDA:28,0,0,21
BRDA:28,0,1,0
BRDA:28,1,0,21
BRDA:28,1,1,21
BRDA:34,2,0,21
BRDA:34,2,1,0
BRDA:34,3,0,21
BRDA:34,3,1,21
BRF:8
BRH:6
end_of_record
TN:
SF:src/community/domain/manzana.entity.ts
FN:37,(anonymous_2)
FN:46,(anonymous_3)
FN:25,(anonymous_4)
FN:25,(anonymous_5)
FN:29,(anonymous_6)
FN:29,(anonymous_7)
FNF:6
FNH:0
FNDA:0,(anonymous_2)
FNDA:0,(anonymous_3)
FNDA:0,(anonymous_4)
FNDA:0,(anonymous_5)
FNDA:0,(anonymous_6)
FNDA:0,(anonymous_7)
DA:2,21
DA:11,21
DA:12,21
DA:15,21
DA:17,21
DA:20,21
DA:23,21
DA:25,0
DA:27,21
DA:29,0
DA:30,21
DA:33,21
DA:38,0
DA:39,0
DA:40,0
DA:41,0
DA:42,0
DA:43,0
DA:47,0
DA:48,0
DA:49,0
LF:21
LH:10
BRDA:27,0,0,15
BRDA:27,0,1,6
BRDA:27,1,0,21
BRDA:27,1,1,15
BRDA:33,2,0,21
BRDA:33,2,1,0
BRDA:33,3,0,21
BRDA:33,3,1,21
BRF:8
BRH:7
end_of_record
TN:
SF:src/community/domain/proyecto.entity.ts
FN:33,(anonymous_2)
FN:41,(anonymous_3)
FN:47,(anonymous_4)
FN:48,(anonymous_5)
FN:22,(anonymous_6)
FN:22,(anonymous_7)
FNF:6
FNH:0
FNDA:0,(anonymous_2)
FNDA:0,(anonymous_3)
FNDA:0,(anonymous_4)
FNDA:0,(anonymous_5)
FNDA:0,(anonymous_6)
FNDA:0,(anonymous_7)
DA:1,21
DA:9,21
DA:12,21
DA:14,21
DA:17,21
DA:20,21
DA:22,0
DA:23,21
DA:26,21
DA:29,21
DA:34,0
DA:35,0
DA:36,0
DA:37,0
DA:38,0
DA:42,0
DA:43,0
DA:44,0
DA:48,0
LF:19
LH:9
BRDA:26,0,0,21
BRDA:26,0,1,0
BRDA:26,1,0,21
BRDA:26,1,1,21
BRDA:29,2,0,21
BRDA:29,2,1,0
BRDA:29,3,0,21
BRDA:29,3,1,21
BRF:8
BRH:6
end_of_record
TN:
SF:src/community/domain/residente.entity.ts
FN:63,(anonymous_2)
FN:85,(anonymous_3)
FN:89,(anonymous_4)
FN:92,(anonymous_5)
FN:106,(anonymous_6)
FN:108,(anonymous_7)
FN:45,(anonymous_8)
FN:49,(anonymous_9)
FN:49,(anonymous_10)
FN:52,(anonymous_11)
FN:52,(anonymous_12)
FNF:11
FNH:2
FNDA:6,(anonymous_2)
FNDA:0,(anonymous_3)
FNDA:1,(anonymous_4)
FNDA:0,(anonymous_5)
FNDA:0,(anonymous_6)
FNDA:0,(anonymous_7)
FNDA:0,(anonymous_8)
FNDA:0,(anonymous_9)
FNDA:0,(anonymous_10)
FNDA:0,(anonymous_11)
FNDA:0,(anonymous_12)
DA:1,15
DA:11,15
DA:12,15
DA:13,15
DA:17,15
DA:19,15
DA:22,15
DA:25,15
DA:28,15
DA:31,15
DA:34,15
DA:37,15
DA:40,15
DA:43,15
DA:45,0
DA:47,15
DA:49,0
DA:50,15
DA:52,0
DA:53,15
DA:56,15
DA:59,15
DA:72,6
DA:73,6
DA:74,6
DA:75,6
DA:76,6
DA:77,6
DA:78,6
DA:79,6
DA:80,6
DA:81,6
DA:82,6
DA:86,0
DA:91,1
DA:92,0
DA:94,1
DA:95,0
DA:100,1
DA:101,1
DA:102,1
DA:103,1
DA:107,0
DA:108,0
DA:110,0
DA:111,0
DA:115,0
LF:47
LH:36
BRDA:68,0,0,4
BRDA:69,1,0,6
BRDA:79,2,0,6
BRDA:79,2,1,6
BRDA:92,3,0,0
BRDA:92,3,1,0
BRDA:94,4,0,0
BRDA:94,4,1,1
BRDA:108,5,0,0
BRDA:108,5,1,0
BRDA:110,6,0,0
BRDA:110,6,1,0
BRDA:47,7,0,15
BRDA:47,7,1,0
BRDA:47,8,0,15
BRDA:47,8,1,15
BRDA:56,9,0,15
BRDA:56,9,1,0
BRDA:56,10,0,15
BRDA:56,10,1,15
BRDA:59,11,0,15
BRDA:59,11,1,0
BRDA:59,12,0,15
BRDA:59,12,1,15
BRF:24
BRH:14
end_of_record
TN:
SF:src/community/domain/tenencia.entity.ts
FN:46,(anonymous_2)
FN:63,(anonymous_3)
FN:72,(anonymous_4)
FN:24,(anonymous_5)
FN:34,(anonymous_6)
FN:34,(anonymous_7)
FNF:6
FNH:1
FNDA:1,(anonymous_2)
FNDA:0,(anonymous_3)
FNDA:0,(anonymous_4)
FNDA:0,(anonymous_5)
FNDA:0,(anonymous_6)
FNDA:0,(anonymous_7)
DA:1,15
DA:2,15
DA:10,15
DA:11,15
DA:14,15
DA:16,15
DA:19,15
DA:22,15
DA:24,0
DA:26,15
DA:29,15
DA:32,15
DA:34,0
DA:39,15
DA:42,15
DA:51,1
DA:52,0
DA:55,1
DA:56,1
DA:57,1
DA:58,1
DA:59,1
DA:60,1
DA:64,0
DA:65,0
DA:69,0
DA:73,0
LF:27
LH:20
BRDA:51,0,0,0
BRDA:51,0,1,1
BRDA:64,1,0,0
BRDA:64,1,1,0
BRDA:26,2,0,15
BRDA:26,2,1,0
BRDA:26,3,0,15
BRDA:26,3,1,15
BRDA:29,4,0,15
BRDA:29,4,1,0
BRDA:29,5,0,15
BRDA:29,5,1,15
BRDA:39,6,0,0
BRDA:39,6,1,15
BRDA:39,7,0,15
BRDA:39,7,1,0
BRDA:42,8,0,15
BRDA:42,8,1,0
BRDA:42,9,0,15
BRDA:42,9,1,15
BRF:20
BRH:12
end_of_record
TN:
SF:src/community/infrastructure/proyecto.repository.ts
FN:8,(anonymous_4)
FN:13,(anonymous_5)
FN:21,(anonymous_6)
FN:28,(anonymous_7)
FNF:4
FNH:0
FNDA:0,(anonymous_4)
FNDA:0,(anonymous_5)
FNDA:0,(anonymous_6)
FNDA:0,(anonymous_7)
DA:1,0
DA:2,0
DA:3,0
DA:4,0
DA:7,0
DA:10,0
DA:14,0
DA:22,0
DA:29,0
LF:9
LH:0
BRDA:10,0,0,0
BRDA:10,0,1,0
BRDA:10,1,0,0
BRDA:10,1,1,0
BRF:4
BRH:0
end_of_record
TN:
SF:src/community/infrastructure/residente.repository.ts
FN:15,(anonymous_4)
FN:22,(anonymous_5)
FN:28,(anonymous_6)
FN:32,(anonymous_7)
FN:40,(anonymous_8)
FN:66,(anonymous_9)
FN:73,(anonymous_10)
FN:92,(anonymous_11)
FN:118,(anonymous_12)
FNF:9
FNH:9
FNDA:14,(anonymous_4)
FNDA:1,(anonymous_5)
FNDA:1,(anonymous_6)
FNDA:1,(anonymous_7)
FNDA:3,(anonymous_8)
FNDA:1,(anonymous_9)
FNDA:1,(anonymous_10)
FNDA:4,(anonymous_11)
FNDA:2,(anonymous_12)
DA:1,6
DA:2,6
DA:3,6
DA:4,6
DA:5,6
DA:14,6
DA:17,14
DA:19,14
DA:23,1
DA:29,1
DA:33,1
DA:41,3
DA:42,3
DA:43,3
DA:44,3
DA:45,3
DA:46,3
DA:47,3
DA:49,3
DA:50,1
DA:53,3
DA:54,1
DA:60,1
DA:63,3
DA:67,1
DA:74,1
DA:93,4
DA:94,2
DA:97,2
DA:98,2
DA:99,2
DA:100,2
DA:101,2
DA:102,2
DA:103,2
DA:105,2
DA:112,2
DA:113,2
DA:115,2
DA:119,2
DA:120,2
DA:121,2
DA:122,2
DA:124,2
DA:128,2
LF:45
LH:45
BRDA:49,0,0,1
BRDA:49,0,1,2
BRDA:53,1,0,1
BRDA:53,1,1,2
BRDA:93,2,0,2
BRDA:93,2,1,2
BRDA:93,3,0,4
BRDA:93,3,1,3
BRDA:128,4,0,2
BRDA:128,4,1,1
BRDA:17,5,0,6
BRDA:17,5,1,0
BRDA:17,6,0,6
BRDA:17,6,1,6
BRF:14
BRH:13
end_of_record
TN:
SF:src/community/infrastructure/controllers/cobradores.controller.ts
FN:18,(anonymous_4)
FN:25,(anonymous_5)
FNF:2
FNH:2
FNDA:2,(anonymous_4)
FNDA:2,(anonymous_5)
DA:1,1
DA:7,1
DA:8,1
DA:9,1
DA:10,1
DA:11,1
DA:12,1
DA:13,1
DA:17,1
DA:19,2
DA:25,1
DA:29,2
LF:12
LH:12
BRDA:26,0,0,1
BRDA:26,0,1,0
BRDA:26,1,0,1
BRDA:26,1,1,1
BRDA:19,2,0,1
BRDA:19,2,1,0
BRDA:19,3,0,1
BRDA:19,3,1,1
BRF:8
BRH:6
end_of_record
TN:
SF:src/community/infrastructure/controllers/proyectos.controller.ts
FN:32,(anonymous_4)
FN:44,(anonymous_5)
FN:54,(anonymous_6)
FN:64,(anonymous_7)
FN:74,(anonymous_8)
FN:84,(anonymous_9)
FN:92,(anonymous_10)
FN:100,(anonymous_11)
FN:108,(anonymous_12)
FNF:9
FNH:0
FNDA:0,(anonymous_4)
FNDA:0,(anonymous_5)
FNDA:0,(anonymous_6)
FNDA:0,(anonymous_7)
FNDA:0,(anonymous_8)
FNDA:0,(anonymous_9)
FNDA:0,(anonymous_10)
FNDA:0,(anonymous_11)
FNDA:0,(anonymous_12)
DA:1,0
DA:11,0
DA:12,0
DA:13,0
DA:14,0
DA:15,0
DA:16,0
DA:17,0
DA:18,0
DA:19,0
DA:20,0
DA:21,0
DA:22,0
DA:31,0
DA:33,0
DA:34,0
DA:35,0
DA:36,0
DA:37,0
DA:38,0
DA:44,0
DA:48,0
DA:54,0
DA:58,0
DA:64,0
DA:68,0
DA:74,0
DA:78,0
DA:84,0
DA:85,0
DA:86,0
DA:92,0
DA:93,0
DA:94,0
DA:100,0
DA:101,0
DA:102,0
DA:108,0
DA:109,0
DA:110,0
LF:40
LH:0
BRDA:109,0,0,0
BRDA:109,0,1,0
BRDA:45,1,0,0
BRDA:45,1,1,0
BRDA:45,2,0,0
BRDA:45,2,1,0
BRDA:56,3,0,0
BRDA:56,3,1,0
BRDA:56,4,0,0
BRDA:56,4,1,0
BRDA:66,5,0,0
BRDA:66,5,1,0
BRDA:66,6,0,0
BRDA:66,6,1,0
BRDA:76,7,0,0
BRDA:76,7,1,0
BRDA:76,8,0,0
BRDA:76,8,1,0
BRDA:33,9,0,0
BRDA:33,9,1,0
BRDA:33,10,0,0
BRDA:33,10,1,0
BRDA:33,11,0,0
BRDA:33,11,1,0
BRDA:33,12,0,0
BRDA:33,12,1,0
BRDA:34,13,0,0
BRDA:34,13,1,0
BRDA:34,14,0,0
BRDA:34,14,1,0
BRDA:35,15,0,0
BRDA:35,15,1,0
BRDA:35,16,0,0
BRDA:35,16,1,0
BRDA:36,17,0,0
BRDA:36,17,1,0
BRDA:36,18,0,0
BRDA:36,18,1,0
BRDA:37,19,0,0
BRDA:37,19,1,0
BRDA:37,20,0,0
BRDA:37,20,1,0
BRF:42
BRH:0
end_of_record
TN:
SF:src/community/infrastructure/controllers/residentes.controller.ts
FN:35,(anonymous_4)
FN:47,(anonymous_5)
FN:70,(anonymous_6)
FN:93,(anonymous_7)
FN:119,(anonymous_8)
FN:131,(anonymous_9)
FN:169,(anonymous_10)
FN:190,(anonymous_11)
FN:200,(anonymous_12)
FN:201,(anonymous_13)
FN:68,(anonymous_14)
FN:91,(anonymous_15)
FN:117,(anonymous_16)
FNF:13
FNH:10
FNDA:16,(anonymous_4)
FNDA:4,(anonymous_5)
FNDA:1,(anonymous_6)
FNDA:2,(anonymous_7)
FNDA:1,(anonymous_8)
FNDA:8,(anonymous_9)
FNDA:4,(anonymous_10)
FNDA:3,(anonymous_11)
FNDA:2,(anonymous_12)
FNDA:2,(anonymous_13)
FNDA:0,(anonymous_14)
FNDA:0,(anonymous_15)
FNDA:0,(anonymous_16)
DA:1,1
DA:14,1
DA:15,1
DA:16,1
DA:17,1
DA:18,1
DA:19,1
DA:20,1
DA:21,1
DA:22,1
DA:23,1
DA:24,1
DA:25,1
DA:26,1
DA:27,1
DA:34,1
DA:36,16
DA:37,16
DA:38,16
DA:39,16
DA:40,16
DA:41,16
DA:47,1
DA:52,4
DA:55,3
DA:56,1
DA:59,2
DA:68,0
DA:70,1
DA:74,1
DA:91,0
DA:93,1
DA:98,2
DA:99,1
DA:108,1
DA:117,0
DA:119,1
DA:123,1
DA:124,1
DA:125,1
DA:131,1
DA:137,8
DA:138,1
DA:142,7
DA:143,1
DA:151,6
DA:152,4
DA:156,2
DA:157,2
DA:158,1
DA:160,1
DA:163,1
DA:166,0
DA:176,4
DA:177,1
DA:185,3
DA:190,3
DA:191,3
DA:192,1
DA:196,2
DA:199,2
DA:200,1
DA:201,2
DA:205,1
LF:64
LH:60
BRDA:52,0,0,1
BRDA:52,0,1,3
BRDA:55,1,0,1
BRDA:55,1,1,2
BRDA:55,2,0,3
BRDA:55,2,1,2
BRDA:77,3,0,1
BRDA:77,3,1,0
BRDA:80,4,0,0
BRDA:80,4,1,1
BRDA:98,5,0,1
BRDA:98,5,1,1
BRDA:123,6,0,0
BRDA:123,6,1,1
BRDA:137,7,0,1
BRDA:137,7,1,7
BRDA:137,8,0,8
BRDA:137,8,1,7
BRDA:142,9,0,1
BRDA:142,9,1,6
BRDA:151,10,0,4
BRDA:151,10,1,2
BRDA:156,11,0,2
BRDA:156,11,1,0
BRDA:157,12,0,1
BRDA:157,12,1,1
BRDA:163,13,0,1
BRDA:163,13,1,0
BRDA:176,14,0,1
BRDA:176,14,1,3
BRDA:191,15,0,1
BRDA:191,15,1,2
BRDA:199,16,0,1
BRDA:199,16,1,1
BRDA:50,17,0,1
BRDA:50,17,1,0
BRDA:50,18,0,1
BRDA:50,18,1,1
BRDA:71,19,0,1
BRDA:71,19,1,0
BRDA:71,20,0,1
BRDA:71,20,1,1
BRDA:73,21,0,1
BRDA:73,21,1,0
BRDA:73,22,0,1
BRDA:73,22,1,1
BRDA:95,23,0,0
BRDA:95,23,1,1
BRDA:95,24,0,1
BRDA:95,24,1,0
BRDA:95,25,0,1
BRDA:95,25,1,0
BRDA:95,26,0,1
BRDA:95,26,1,1
BRDA:121,27,0,1
BRDA:121,27,1,0
BRDA:121,28,0,1
BRDA:121,28,1,1
BRDA:135,29,0,1
BRDA:135,29,1,0
BRDA:135,30,0,1
BRDA:135,30,1,1
BRDA:36,31,0,1
BRDA:36,31,1,0
BRDA:36,32,0,1
BRDA:36,32,1,1
BRDA:36,33,0,1
BRDA:36,33,1,0
BRDA:36,34,0,1
BRDA:36,34,1,1
BRDA:37,35,0,1
BRDA:37,35,1,0
BRDA:37,36,0,1
BRDA:37,36,1,1
BRDA:38,37,0,1
BRDA:38,37,1,0
BRDA:38,38,0,1
BRDA:38,38,1,1
BRDA:39,39,0,1
BRDA:39,39,1,0
BRDA:39,40,0,1
BRDA:39,40,1,1
BRDA:40,41,0,1
BRDA:40,41,1,0
BRDA:40,42,0,1
BRDA:40,42,1,1
BRF:86
BRH:67
end_of_record
TN:
SF:src/community/infrastructure/controllers/dtos/cobradores.dto.ts
FNF:0
FNH:0
DA:1,1
DA:3,1
DA:6,1
DA:10,1
DA:15,1
LF:5
LH:5
BRF:0
BRH:0
end_of_record
TN:
SF:src/community/infrastructure/controllers/dtos/proyectos.dto.ts
FNF:0
FNH:0
DA:1,0
DA:3,0
DA:6,0
DA:9,0
DA:12,0
DA:15,0
DA:18,0
DA:21,0
DA:24,0
LF:9
LH:0
BRF:0
BRH:0
end_of_record
TN:
SF:src/community/infrastructure/controllers/dtos/residentes.dto.ts
FNF:0
FNH:0
DA:1,1
DA:3,1
DA:6,1
DA:10,1
DA:14,1
DA:18,1
DA:22,1
DA:26,1
LF:8
LH:8
BRF:0
BRH:0
end_of_record
TN:
SF:src/iam/iam.module.ts
FNF:0
FNH:0
DA:1,0
DA:2,0
DA:3,0
DA:4,0
DA:5,0
DA:6,0
DA:7,0
DA:8,0
DA:9,0
DA:10,0
DA:21,0
LF:11
LH:0
BRF:0
BRH:0
end_of_record
TN:
SF:src/iam/application/services/generar-credenciales.service.ts
FN:19,(anonymous_10)
FN:35,(anonymous_11)
FN:47,(anonymous_12)
FN:60,(anonymous_13)
FNF:4
FNH:0
FNDA:0,(anonymous_10)
FNDA:0,(anonymous_11)
FNDA:0,(anonymous_12)
FNDA:0,(anonymous_13)
DA:1,4
DA:2,4
DA:14,4
DA:20,0
DA:24,0
DA:28,0
DA:36,0
DA:37,0
DA:38,0
DA:39,0
DA:40,0
DA:48,0
DA:49,0
DA:50,0
DA:51,0
DA:52,0
DA:53,0
DA:61,0
DA:62,0
DA:63,0
DA:64,0
DA:65,0
DA:67,0
LF:23
LH:3
BRDA:37,0,0,0
BRDA:37,0,1,0
BRDA:38,1,0,0
BRDA:38,1,1,0
BRDA:49,2,0,0
BRDA:49,2,1,0
BRDA:50,3,0,0
BRDA:50,3,1,0
BRF:8
BRH:0
end_of_record
TN:
SF:src/iam/application/use-cases/asignar-etapa.use-case.ts
FN:20,(anonymous_4)
FN:28,(anonymous_5)
FNF:2
FNH:2
FNDA:5,(anonymous_4)
FNDA:5,(anonymous_5)
DA:1,1
DA:7,1
DA:8,1
DA:9,1
DA:10,1
DA:19,1
DA:22,5
DA:24,5
DA:25,5
DA:30,5
DA:33,5
DA:34,1
DA:40,4
DA:41,1
DA:47,3
DA:54,3
DA:55,1
DA:61,2
DA:67,2
DA:68,1
DA:74,1
DA:80,1
LF:22
LH:22
BRDA:33,0,0,1
BRDA:33,0,1,4
BRDA:40,1,0,1
BRDA:40,1,1,3
BRDA:54,2,0,1
BRDA:54,2,1,2
BRDA:67,3,0,1
BRDA:67,3,1,1
BRDA:22,4,0,1
BRDA:22,4,1,0
BRDA:22,5,0,1
BRDA:22,5,1,1
BRDA:22,6,0,1
BRDA:22,6,1,0
BRDA:22,7,0,1
BRDA:22,7,1,1
BRDA:24,8,0,1
BRDA:24,8,1,0
BRDA:24,9,0,1
BRDA:24,9,1,1
BRF:20
BRH:17
end_of_record
TN:
SF:src/iam/application/use-cases/crear-usuario.use-case.ts
FN:22,(anonymous_13)
FN:27,(anonymous_14)
FNF:2
FNH:2
FNDA:7,(anonymous_13)
FNDA:7,(anonymous_14)
DA:1,1
DA:6,1
DA:7,1
DA:8,1
DA:9,1
DA:21,1
DA:24,7
DA:29,7
DA:30,1
DA:36,6
DA:37,1
DA:43,5
DA:44,1
DA:48,4
DA:49,1
DA:53,3
DA:56,3
DA:57,1
DA:63,2
DA:67,2
DA:76,2
LF:21
LH:21
BRDA:29,0,0,1
BRDA:29,0,1,6
BRDA:29,1,0,7
BRDA:29,1,1,7
BRDA:36,2,0,1
BRDA:36,2,1,5
BRDA:43,3,0,1
BRDA:43,3,1,4
BRDA:48,4,0,1
BRDA:48,4,1,3
BRDA:48,5,0,4
BRDA:48,5,1,3
BRDA:56,6,0,1
BRDA:56,6,1,2
BRDA:24,7,0,1
BRDA:24,7,1,0
BRDA:24,8,0,1
BRDA:24,8,1,1
BRF:18
BRH:17
end_of_record
TN:
SF:src/iam/domain/asignacion-etapa.entity.ts
FN:39,(anonymous_2)
FN:21,(anonymous_3)
FN:21,(anonymous_4)
FN:29,(anonymous_5)
FNF:4
FNH:1
FNDA:1,(anonymous_2)
FNDA:0,(anonymous_3)
FNDA:0,(anonymous_4)
FNDA:0,(anonymous_5)
DA:1,12
DA:2,12
DA:10,12
DA:11,12
DA:14,12
DA:16,12
DA:19,12
DA:21,0
DA:24,12
DA:27,12
DA:29,0
DA:31,12
DA:34,12
DA:37,12
DA:40,1
DA:41,1
DA:42,1
DA:43,1
DA:44,1
LF:19
LH:17
BRDA:24,0,0,0
BRDA:24,0,1,12
BRDA:24,1,0,12
BRDA:24,1,1,0
BRDA:31,2,0,12
BRDA:31,2,1,0
BRDA:31,3,0,12
BRDA:31,3,1,12
BRDA:37,4,0,12
BRDA:37,4,1,0
BRDA:37,5,0,12
BRDA:37,5,1,12
BRF:12
BRH:8
end_of_record
TN:
SF:src/iam/domain/usuario.entity.ts
FN:12,(anonymous_2)
FN:56,(anonymous_3)
FN:76,(anonymous_4)
FN:80,(anonymous_5)
FN:84,(anonymous_6)
FN:88,(anonymous_7)
FN:47,(anonymous_8)
FN:47,(anonymous_9)
FNF:8
FNH:2
FNDA:12,(anonymous_2)
FNDA:21,(anonymous_3)
FNDA:0,(anonymous_4)
FNDA:0,(anonymous_5)
FNDA:0,(anonymous_6)
FNDA:0,(anonymous_7)
FNDA:0,(anonymous_8)
FNDA:0,(anonymous_9)
DA:1,12
DA:2,12
DA:10,12
DA:12,12
DA:13,12
DA:14,12
DA:15,12
DA:17,12
DA:21,12
DA:23,12
DA:26,12
DA:30,12
DA:33,12
DA:36,12
DA:39,12
DA:42,12
DA:45,12
DA:47,0
DA:48,12
DA:51,12
DA:54,12
DA:64,21
DA:65,21
DA:66,21
DA:67,21
DA:68,21
DA:69,21
DA:70,21
DA:71,21
DA:72,21
DA:73,21
DA:77,0
DA:81,0
DA:85,0
DA:89,0
LF:35
LH:30
BRDA:12,0,0,12
BRDA:12,0,1,12
BRDA:70,1,0,21
BRDA:70,1,1,16
BRDA:51,2,0,12
BRDA:51,2,1,0
BRDA:51,3,0,12
BRDA:51,3,1,12
BRDA:54,4,0,12
BRDA:54,4,1,0
BRDA:54,5,0,12
BRDA:54,5,1,12
BRF:12
BRH:10
end_of_record
TN:
SF:src/iam/infrastructure/controllers/auth.controller.ts
FN:18,(anonymous_4)
FN:26,(anonymous_5)
FN:41,(anonymous_6)
FN:50,(anonymous_7)
FNF:4
FNH:0
FNDA:0,(anonymous_4)
FNDA:0,(anonymous_5)
FNDA:0,(anonymous_6)
FNDA:0,(anonymous_7)
DA:1,0
DA:7,0
DA:8,0
DA:9,0
DA:10,0
DA:11,0
DA:12,0
DA:13,0
DA:14,0
DA:17,0
DA:19,0
DA:20,0
DA:26,0
DA:30,0
DA:41,0
DA:42,0
DA:46,0
DA:50,0
DA:51,0
LF:19
LH:0
BRDA:27,0,0,0
BRDA:27,0,1,0
BRDA:27,1,0,0
BRDA:27,1,1,0
BRDA:41,2,0,0
BRDA:41,2,1,0
BRDA:41,3,0,0
BRDA:41,3,1,0
BRDA:50,4,0,0
BRDA:50,4,1,0
BRDA:50,5,0,0
BRDA:50,5,1,0
BRDA:19,6,0,0
BRDA:19,6,1,0
BRDA:19,7,0,0
BRDA:19,7,1,0
BRDA:19,8,0,0
BRDA:19,8,1,0
BRDA:19,9,0,0
BRDA:19,9,1,0
BRF:20
BRH:0
end_of_record
TN:
SF:src/iam/infrastructure/controllers/usuarios.controller.ts
FN:48,(anonymous_13)
FN:69,(anonymous_14)
FN:75,(anonymous_15)
FN:88,(anonymous_16)
FN:102,(anonymous_17)
FN:118,(anonymous_18)
FN:128,(anonymous_19)
FN:147,(anonymous_20)
FN:178,(anonymous_21)
FN:207,(anonymous_22)
FNF:10
FNH:0
FNDA:0,(anonymous_13)
FNDA:0,(anonymous_14)
FNDA:0,(anonymous_15)
FNDA:0,(anonymous_16)
FNDA:0,(anonymous_17)
FNDA:0,(anonymous_18)
FNDA:0,(anonymous_19)
FNDA:0,(anonymous_20)
FNDA:0,(anonymous_21)
FNDA:0,(anonymous_22)
DA:1,0
DA:12,0
DA:13,0
DA:14,0
DA:15,0
DA:16,0
DA:17,0
DA:18,0
DA:19,0
DA:20,0
DA:21,0
DA:22,0
DA:23,0
DA:28,0
DA:35,0
DA:42,0
DA:47,0
DA:50,0
DA:52,0
DA:53,0
DA:69,0
DA:70,0
DA:75,0
DA:88,0
DA:89,0
DA:102,0
DA:108,0
DA:112,0
DA:115,0
DA:118,0
DA:128,0
DA:133,0
DA:147,0
DA:152,0
DA:156,0
DA:157,0
DA:160,0
DA:161,0
DA:162,0
DA:164,0
DA:178,0
DA:183,0
DA:187,0
DA:188,0
DA:192,0
DA:193,0
DA:194,0
DA:195,0
DA:197,0
DA:208,0
DA:209,0
DA:210,0
LF:52
LH:0
BRDA:108,0,0,0
BRDA:108,0,1,0
BRDA:109,1,0,0
BRDA:109,1,1,0
BRDA:156,2,0,0
BRDA:156,2,1,0
BRDA:187,3,0,0
BRDA:187,3,1,0
BRDA:192,4,0,0
BRDA:192,4,1,0
BRDA:104,5,0,0
BRDA:104,5,1,0
BRDA:104,6,0,0
BRDA:104,6,1,0
BRDA:130,7,0,0
BRDA:130,7,1,0
BRDA:130,8,0,0
BRDA:130,8,1,0
BRDA:149,9,0,0
BRDA:149,9,1,0
BRDA:149,10,0,0
BRDA:149,10,1,0
BRDA:180,11,0,0
BRDA:180,11,1,0
BRDA:180,12,0,0
BRDA:180,12,1,0
BRDA:50,13,0,0
BRDA:50,13,1,0
BRDA:50,14,0,0
BRDA:50,14,1,0
BRDA:50,15,0,0
BRDA:50,15,1,0
BRDA:50,16,0,0
BRDA:50,16,1,0
BRDA:52,17,0,0
BRDA:52,17,1,0
BRDA:52,18,0,0
BRDA:52,18,1,0
BRF:38
BRH:0
end_of_record
TN:
SF:src/iam/infrastructure/controllers/dtos/auth.dto.ts
FNF:0
FNH:0
DA:1,0
DA:8,0
DA:10,0
DA:13,0
DA:18,0
DA:23,0
DA:26,0
DA:30,0
DA:34,0
DA:37,0
DA:40,0
DA:44,0
DA:47,0
DA:50,0
LF:14
LH:0
BRDA:26,0,0,0
BRDA:26,0,1,0
BRDA:26,1,0,0
BRDA:26,1,1,0
BRF:4
BRH:0
end_of_record
TN:
SF:src/ledger/ledger.module.ts
FN:59,(anonymous_1)
FNF:1
FNH:0
FNDA:0,(anonymous_1)
DA:1,0
DA:2,0
DA:3,0
DA:4,0
DA:5,0
DA:6,0
DA:7,0
DA:8,0
DA:9,0
DA:10,0
DA:13,0
DA:14,0
DA:15,0
DA:16,0
DA:17,0
DA:18,0
DA:19,0
DA:22,0
DA:23,0
DA:24,0
DA:25,0
DA:26,0
DA:27,0
DA:28,0
DA:29,0
DA:30,0
DA:33,0
DA:36,0
DA:37,0
DA:38,0
DA:39,0
DA:40,0
DA:41,0
DA:42,0
DA:45,0
DA:46,0
DA:49,0
DA:50,0
DA:51,0
DA:52,0
DA:59,0
DA:114,0
LF:42
LH:0
BRF:0
BRH:0
end_of_record
TN:
SF:src/ledger/application/mappers/cobro.mapper.ts
FN:16,mapCobroToResponse
FNF:1
FNH:0
FNDA:0,mapCobroToResponse
DA:16,0
DA:17,0
LF:2
LH:0
BRF:0
BRH:0
end_of_record
TN:
SF:src/ledger/application/queries/dashboard.query.ts
FN:17,(anonymous_2)
FN:25,(anonymous_3)
FN:50,(anonymous_4)
FN:51,(anonymous_5)
FN:52,(anonymous_6)
FN:53,(anonymous_7)
FN:54,(anonymous_8)
FN:55,(anonymous_9)
FN:56,(anonymous_10)
FN:57,(anonymous_11)
FN:58,(anonymous_12)
FN:59,(anonymous_13)
FN:60,(anonymous_14)
FN:61,(anonymous_15)
FN:62,(anonymous_16)
FN:63,(anonymous_17)
FN:64,(anonymous_18)
FN:65,(anonymous_19)
FN:66,(anonymous_20)
FN:80,(anonymous_21)
FN:100,(anonymous_22)
FN:104,(anonymous_23)
FN:114,(anonymous_24)
FN:115,(anonymous_25)
FN:117,(anonymous_26)
FN:134,(anonymous_27)
FN:135,(anonymous_28)
FN:136,(anonymous_29)
FN:137,(anonymous_30)
FN:164,(anonymous_31)
FN:205,(anonymous_32)
FNF:31
FNH:11
FNDA:24,(anonymous_2)
FNDA:24,(anonymous_3)
FNDA:0,(anonymous_4)
FNDA:0,(anonymous_5)
FNDA:0,(anonymous_6)
FNDA:0,(anonymous_7)
FNDA:0,(anonymous_8)
FNDA:0,(anonymous_9)
FNDA:0,(anonymous_10)
FNDA:0,(anonymous_11)
FNDA:0,(anonymous_12)
FNDA:0,(anonymous_13)
FNDA:0,(anonymous_14)
FNDA:0,(anonymous_15)
FNDA:0,(anonymous_16)
FNDA:0,(anonymous_17)
FNDA:0,(anonymous_18)
FNDA:0,(anonymous_19)
FNDA:0,(anonymous_20)
FNDA:36,(anonymous_21)
FNDA:37,(anonymous_22)
FNDA:36,(anonymous_23)
FNDA:55,(anonymous_24)
FNDA:56,(anonymous_25)
FNDA:19,(anonymous_26)
FNDA:0,(anonymous_27)
FNDA:0,(anonymous_28)
FNDA:0,(anonymous_29)
FNDA:288,(anonymous_30)
FNDA:54,(anonymous_31)
FNDA:19,(anonymous_32)
DA:1,3
DA:2,3
DA:3,3
DA:4,3
DA:5,3
DA:6,3
DA:14,3
DA:15,24
DA:18,24
DA:19,24
DA:20,24
DA:21,24
DA:22,24
DA:30,24
DA:49,24
DA:50,0
DA:51,0
DA:52,0
DA:53,0
DA:54,0
DA:55,0
DA:56,0
DA:57,0
DA:58,0
DA:59,0
DA:60,0
DA:61,0
DA:62,0
DA:63,0
DA:64,0
DA:65,0
DA:66,0
DA:69,24
DA:70,24
DA:73,24
DA:78,24
DA:80,24
DA:81,36
DA:82,36
DA:83,36
DA:85,36
DA:95,24
DA:100,24
DA:101,37
DA:104,24
DA:105,36
DA:106,36
DA:113,24
DA:114,55
DA:115,56
DA:117,24
DA:126,24
DA:127,24
DA:128,24
DA:129,24
DA:130,288
DA:131,288
DA:132,288
DA:134,0
DA:135,0
DA:136,0
DA:137,288
DA:145,288
DA:146,288
DA:147,24
DA:148,24
DA:151,24
DA:153,24
DA:164,54
DA:183,0
DA:184,0
DA:206,19
DA:207,19
DA:208,19
DA:210,19
DA:211,19
DA:213,19
DA:214,19
DA:216,19
DA:217,19
DA:219,19
DA:220,19
LF:82
LH:60
BRDA:69,0,0,24
BRDA:69,0,1,6
BRDA:70,1,0,24
BRDA:70,1,1,7
BRDA:73,2,0,17
BRDA:73,2,1,7
BRDA:78,3,0,24
BRDA:78,3,1,0
BRDA:78,4,0,24
BRDA:78,4,1,0
BRDA:80,5,0,24
BRDA:80,5,1,0
BRDA:81,6,0,36
BRDA:81,6,1,1
BRDA:82,7,0,36
BRDA:82,7,1,1
BRDA:83,8,0,35
BRDA:83,8,1,1
BRDA:86,9,0,36
BRDA:86,9,1,0
BRDA:100,10,0,24
BRDA:100,10,1,0
BRDA:101,11,0,37
BRDA:101,11,1,0
BRDA:104,12,0,24
BRDA:104,12,1,0
BRDA:105,13,0,36
BRDA:105,13,1,19
BRDA:108,14,0,36
BRDA:108,14,1,0
BRDA:109,15,0,36
BRDA:109,15,1,2
BRDA:117,16,0,24
BRDA:117,16,1,0
BRDA:122,17,0,19
BRDA:122,17,1,0
BRDA:123,18,0,19
BRDA:123,18,1,0
BRDA:140,19,0,288
BRDA:140,19,1,72
BRDA:141,20,0,288
BRDA:141,20,1,60
BRDA:142,21,0,288
BRDA:142,21,1,60
BRDA:146,22,0,24
BRDA:146,22,1,264
BRDA:160,23,0,24
BRDA:160,23,1,5
BRDA:161,24,0,24
BRDA:161,24,1,5
BRDA:162,25,0,24
BRDA:162,25,1,5
BRDA:164,26,0,24
BRDA:164,26,1,0
BRDA:167,27,0,19
BRDA:167,27,1,5
BRDA:167,28,0,19
BRDA:167,28,1,0
BRDA:168,29,0,19
BRDA:168,29,1,5
BRDA:168,30,0,19
BRDA:168,30,1,0
BRDA:172,31,0,24
BRDA:172,31,1,5
BRDA:173,32,0,24
BRDA:173,32,1,5
BRDA:174,33,0,24
BRDA:174,33,1,5
BRDA:176,34,0,24
BRDA:176,34,1,0
BRDA:177,35,0,24
BRDA:177,35,1,5
BRDA:178,36,0,24
BRDA:178,36,1,5
BRDA:210,37,0,0
BRDA:210,37,1,19
BRDA:211,38,0,0
BRDA:211,38,1,19
BRDA:214,39,0,0
BRDA:214,39,1,19
BRDA:217,40,0,0
BRDA:217,40,1,19
BRDA:18,41,0,3
BRDA:18,41,1,0
BRDA:18,42,0,3
BRDA:18,42,1,3
BRDA:18,43,0,3
BRDA:18,43,1,0
BRDA:18,44,0,3
BRDA:18,44,1,3
BRDA:19,45,0,3
BRDA:19,45,1,0
BRDA:19,46,0,3
BRDA:19,46,1,3
BRDA:20,47,0,3
BRDA:20,47,1,0
BRDA:20,48,0,3
BRDA:20,48,1,3
BRDA:21,49,0,3
BRDA:21,49,1,0
BRDA:21,50,0,3
BRDA:21,50,1,3
BRF:102
BRH:78
end_of_record
TN:
SF:src/ledger/application/services/tarifa-derivacion.service.ts
FN:17,(anonymous_2)
FN:23,(anonymous_3)
FN:53,(anonymous_4)
FN:66,(anonymous_5)
FN:76,(anonymous_6)
FNF:5
FNH:0
FNDA:0,(anonymous_2)
FNDA:0,(anonymous_3)
FNDA:0,(anonymous_4)
FNDA:0,(anonymous_5)
FNDA:0,(anonymous_6)
DA:1,0
DA:2,0
DA:3,0
DA:4,0
DA:16,0
DA:17,0
DA:30,0
DA:31,0
DA:32,0
DA:34,0
DA:35,0
DA:36,0
DA:43,0
DA:46,0
DA:59,0
DA:60,0
DA:61,0
DA:63,0
DA:65,0
DA:66,0
DA:67,0
DA:68,0
DA:69,0
DA:73,0
DA:82,0
DA:83,0
DA:84,0
DA:89,0
DA:90,0
LF:29
LH:0
BRDA:66,0,0,0
BRDA:66,0,1,0
BRDA:67,1,0,0
BRDA:67,1,1,0
BRDA:84,2,0,0
BRDA:84,2,1,0
BRDA:85,3,0,0
BRDA:85,3,1,0
BRDA:85,3,2,0
BRDA:17,4,0,0
BRDA:17,4,1,0
BRDA:17,5,0,0
BRDA:17,5,1,0
BRF:13
BRH:0
end_of_record
TN:
SF:src/ledger/application/use-cases/actualizar-tarifa.use-case.ts
FN:14,(anonymous_2)
FN:19,(anonymous_3)
FN:49,(anonymous_4)
FNF:3
FNH:0
FNDA:0,(anonymous_2)
FNDA:0,(anonymous_3)
FNDA:0,(anonymous_4)
DA:1,0
DA:3,0
DA:4,0
DA:13,0
DA:15,0
DA:16,0
DA:20,0
DA:22,0
DA:23,0
DA:24,0
DA:27,0
DA:28,0
DA:29,0
DA:30,0
DA:32,0
DA:35,0
DA:36,0
DA:37,0
DA:40,0
DA:41,0
DA:48,0
DA:49,0
DA:51,0
DA:52,0
DA:55,0
DA:56,0
DA:57,0
DA:60,0
DA:63,0
LF:29
LH:0
BRDA:23,0,0,0
BRDA:23,0,1,0
BRDA:27,1,0,0
BRDA:27,1,1,0
BRDA:29,2,0,0
BRDA:29,2,1,0
BRDA:35,3,0,0
BRDA:35,3,1,0
BRDA:36,4,0,0
BRDA:36,4,1,0
BRDA:51,5,0,0
BRDA:51,5,1,0
BRDA:55,6,0,0
BRDA:55,6,1,0
BRDA:15,7,0,0
BRDA:15,7,1,0
BRDA:15,8,0,0
BRDA:15,8,1,0
BRDA:15,9,0,0
BRDA:15,9,1,0
BRDA:15,10,0,0
BRDA:15,10,1,0
BRF:22
BRH:0
end_of_record
TN:
SF:src/ledger/application/use-cases/configurar-monto.use-case.ts
FN:15,(anonymous_2)
FN:19,(anonymous_3)
FN:46,(anonymous_4)
FNF:3
FNH:0
FNDA:0,(anonymous_2)
FNDA:0,(anonymous_3)
FNDA:0,(anonymous_4)
DA:1,0
DA:2,0
DA:3,0
DA:4,0
DA:14,0
DA:16,0
DA:20,0
DA:22,0
DA:23,0
DA:26,0
DA:27,0
DA:34,0
DA:35,0
DA:36,0
DA:43,0
DA:45,0
DA:46,0
DA:49,0
DA:50,0
DA:52,0
DA:60,0
LF:21
LH:0
BRDA:22,0,0,0
BRDA:22,0,1,0
BRDA:26,1,0,0
BRDA:26,1,1,0
BRDA:26,2,0,0
BRDA:26,2,1,0
BRDA:35,3,0,0
BRDA:35,3,1,0
BRDA:45,4,0,0
BRDA:45,4,1,0
BRDA:16,5,0,0
BRDA:16,5,1,0
BRDA:16,6,0,0
BRDA:16,6,1,0
BRF:14
BRH:0
end_of_record
TN:
SF:src/ledger/application/use-cases/configurar-tarifa.use-case.ts
FN:16,(anonymous_2)
FN:20,(anonymous_3)
FN:43,(anonymous_4)
FNF:3
FNH:0
FNDA:0,(anonymous_2)
FNDA:0,(anonymous_3)
FNDA:0,(anonymous_4)
DA:1,0
DA:3,0
DA:15,0
DA:17,0
DA:22,0
DA:24,0
DA:25,0
DA:28,0
DA:29,0
DA:30,0
DA:33,0
DA:35,0
DA:43,0
DA:44,0
DA:45,0
DA:48,0
LF:16
LH:0
BRDA:24,0,0,0
BRDA:24,0,1,0
BRDA:29,1,0,0
BRDA:29,1,1,0
BRDA:44,2,0,0
BRDA:44,2,1,0
BRDA:17,3,0,0
BRDA:17,3,1,0
BRDA:17,4,0,0
BRDA:17,4,1,0
BRF:10
BRH:0
end_of_record
TN:
SF:src/ledger/application/use-cases/eliminar-cobro.use-case.ts
FN:6,(anonymous_2)
FN:8,(anonymous_3)
FNF:2
FNH:0
FNDA:0,(anonymous_2)
FNDA:0,(anonymous_3)
DA:1,0
DA:2,0
DA:5,0
DA:6,0
DA:9,0
DA:10,0
DA:11,0
DA:15,0
LF:8
LH:0
BRDA:10,0,0,0
BRDA:10,0,1,0
BRDA:6,1,0,0
BRDA:6,1,1,0
BRDA:6,2,0,0
BRDA:6,2,1,0
BRF:6
BRH:0
end_of_record
TN:
SF:src/ledger/application/use-cases/eliminar-pago.use-case.ts
FN:9,(anonymous_2)
FN:14,(anonymous_3)
FN:26,(anonymous_4)
FNF:3
FNH:0
FNDA:0,(anonymous_2)
FNDA:0,(anonymous_3)
FNDA:0,(anonymous_4)
DA:1,0
DA:2,0
DA:3,0
DA:6,0
DA:7,0
DA:10,0
DA:11,0
DA:15,0
DA:17,0
DA:18,0
DA:22,0
DA:23,0
DA:26,0
DA:28,0
DA:30,0
DA:31,0
DA:33,0
DA:34,0
DA:35,0
DA:36,0
DA:39,0
DA:40,0
DA:41,0
DA:43,0
DA:45,0
DA:46,0
DA:49,0
DA:54,0
DA:55,0
DA:59,0
DA:61,0
LF:31
LH:0
BRDA:17,0,0,0
BRDA:17,0,1,0
BRDA:17,1,0,0
BRDA:17,1,1,0
BRDA:31,2,0,0
BRDA:31,2,1,0
BRDA:33,3,0,0
BRDA:33,3,1,0
BRDA:39,4,0,0
BRDA:39,4,1,0
BRDA:40,5,0,0
BRDA:40,5,1,0
BRDA:45,6,0,0
BRDA:45,6,1,0
BRDA:54,7,0,0
BRDA:54,7,1,0
BRDA:10,8,0,0
BRDA:10,8,1,0
BRDA:10,9,0,0
BRDA:10,9,1,0
BRDA:10,10,0,0
BRDA:10,10,1,0
BRDA:10,11,0,0
BRDA:10,11,1,0
BRF:24
BRH:0
end_of_record
TN:
SF:src/ledger/application/use-cases/generar-cobros.use-case.ts
FN:15,(anonymous_2)
FN:22,(anonymous_3)
FN:48,(anonymous_4)
FN:111,(anonymous_5)
FN:115,(anonymous_6)
FNF:5
FNH:5
FNDA:9,(anonymous_2)
FNDA:6,(anonymous_3)
FNDA:9,(anonymous_4)
FNDA:10,(anonymous_5)
FNDA:10,(anonymous_6)
DA:1,4
DA:2,4
DA:3,4
DA:4,4
DA:5,4
DA:6,4
DA:8,4
DA:9,4
DA:12,4
DA:13,9
DA:16,9
DA:17,9
DA:18,9
DA:19,9
DA:23,6
DA:25,6
DA:26,6
DA:27,6
DA:29,6
DA:30,6
DA:32,6
DA:34,6
DA:35,6
DA:36,6
DA:37,5
DA:39,1
DA:40,1
DA:44,6
DA:45,6
DA:55,9
DA:60,9
DA:61,1
DA:62,1
DA:66,8
DA:67,8
DA:76,7
DA:77,1
DA:78,6
DA:79,5
DA:81,1
DA:84,1
DA:88,6
DA:89,6
DA:90,6
DA:93,6
DA:101,6
DA:104,6
DA:105,6
DA:106,6
DA:110,6
DA:111,10
DA:115,6
DA:116,10
DA:131,6
DA:132,6
DA:133,6
DA:138,6
LF:57
LH:57
BRDA:39,0,0,1
BRDA:39,0,1,0
BRDA:60,1,0,1
BRDA:60,1,1,8
BRDA:76,2,0,1
BRDA:76,2,1,6
BRDA:76,3,0,7
BRDA:76,3,1,1
BRDA:78,4,0,5
BRDA:78,4,1,1
BRDA:126,5,0,10
BRDA:126,5,1,0
BRDA:131,6,0,6
BRDA:131,6,1,0
BRDA:16,7,0,4
BRDA:16,7,1,0
BRDA:16,8,0,4
BRDA:16,8,1,4
BRDA:16,9,0,4
BRDA:16,9,1,0
BRDA:16,10,0,4
BRDA:16,10,1,4
BRDA:17,11,0,4
BRDA:17,11,1,0
BRDA:17,12,0,4
BRDA:17,12,1,4
BRDA:18,13,0,4
BRDA:18,13,1,0
BRDA:18,14,0,4
BRDA:18,14,1,4
BRF:30
BRH:23
end_of_record
TN:
SF:src/ledger/application/use-cases/marcar-vencidas.use-case.ts
FN:16,(anonymous_2)
FN:18,(anonymous_3)
FNF:2
FNH:2
FNDA:5,(anonymous_2)
FNDA:5,(anonymous_3)
DA:1,2
DA:2,2
DA:13,2
DA:14,5
DA:16,5
DA:19,5
DA:21,5
DA:22,6
DA:25,5
DA:26,4
DA:27,4
DA:30,5
LF:12
LH:12
BRDA:25,0,0,4
BRDA:25,0,1,1
BRDA:16,1,0,2
BRDA:16,1,1,0
BRDA:16,2,0,2
BRDA:16,2,1,2
BRF:6
BRH:5
end_of_record
TN:
SF:src/ledger/application/use-cases/registrar-pago.use-case.ts
FN:36,(anonymous_2)
FN:43,(anonymous_3)
FN:152,(anonymous_4)
FNF:3
FNH:3
FNDA:11,(anonymous_2)
FNDA:11,(anonymous_3)
FNDA:8,(anonymous_4)
DA:1,1
DA:2,1
DA:4,1
DA:5,1
DA:6,1
DA:7,1
DA:8,1
DA:10,1
DA:11,1
DA:33,1
DA:34,11
DA:37,11
DA:38,11
DA:39,11
DA:40,11
DA:45,11
DA:50,11
DA:51,1
DA:55,1
DA:60,1
DA:69,1
DA:73,10
DA:77,10
DA:78,1
DA:83,9
DA:84,1
DA:90,8
DA:91,8
DA:93,8
DA:94,10
DA:98,10
DA:99,2
DA:100,2
DA:104,2
DA:107,8
DA:108,8
DA:109,8
DA:110,8
DA:113,8
DA:114,1
DA:120,7
DA:121,7
DA:132,7
DA:133,7
DA:135,7
DA:136,2
DA:137,2
DA:138,1
DA:139,1
DA:140,1
DA:141,1
DA:142,1
DA:147,7
DA:152,8
DA:156,7
DA:160,7
LF:56
LH:56
BRDA:50,0,0,1
BRDA:50,0,1,10
BRDA:55,1,0,0
BRDA:55,1,1,1
BRDA:65,2,0,0
BRDA:65,2,1,1
BRDA:77,3,0,1
BRDA:77,3,1,9
BRDA:83,4,0,1
BRDA:83,4,1,8
BRDA:98,5,0,2
BRDA:98,5,1,8
BRDA:99,6,0,2
BRDA:99,6,1,0
BRDA:113,7,0,1
BRDA:113,7,1,7
BRDA:135,8,0,2
BRDA:135,8,1,5
BRDA:137,9,0,1
BRDA:137,9,1,1
BRDA:37,10,0,1
BRDA:37,10,1,0
BRDA:37,11,0,1
BRDA:37,11,1,1
BRDA:37,12,0,1
BRDA:37,12,1,0
BRDA:37,13,0,1
BRDA:37,13,1,1
BRDA:38,14,0,1
BRDA:38,14,1,0
BRDA:38,15,0,1
BRDA:38,15,1,1
BRDA:39,16,0,1
BRDA:39,16,1,0
BRDA:39,17,0,1
BRDA:39,17,1,1
BRF:36
BRH:29
end_of_record
TN:
SF:src/ledger/domain/cobro.entity.ts
FN:72,(anonymous_2)
FN:101,(anonymous_3)
FN:105,(anonymous_4)
FN:109,(anonymous_5)
FN:117,(anonymous_6)
FN:136,(anonymous_7)
FN:142,(anonymous_8)
FN:146,(anonymous_9)
FN:150,(anonymous_10)
FN:22,(anonymous_11)
FN:29,(anonymous_12)
FNF:11
FNH:9
FNDA:55,(anonymous_2)
FNDA:1,(anonymous_3)
FNDA:1,(anonymous_4)
FNDA:20,(anonymous_5)
FNDA:19,(anonymous_6)
FNDA:9,(anonymous_7)
FNDA:3,(anonymous_8)
FNDA:2,(anonymous_9)
FNDA:3,(anonymous_10)
FNDA:0,(anonymous_11)
FNDA:0,(anonymous_12)
DA:1,15
DA:10,15
DA:11,15
DA:12,15
DA:15,15
DA:17,15
DA:20,15
DA:22,0
DA:24,15
DA:27,15
DA:29,0
DA:31,15
DA:34,15
DA:37,15
DA:40,15
DA:43,15
DA:46,15
DA:49,15
DA:52,15
DA:55,15
DA:58,15
DA:61,15
DA:64,15
DA:67,15
DA:70,15
DA:84,55
DA:85,55
DA:86,55
DA:87,55
DA:88,55
DA:89,55
DA:90,55
DA:91,55
DA:92,55
DA:93,55
DA:94,55
DA:95,55
DA:96,55
DA:97,55
DA:98,55
DA:102,1
DA:106,1
DA:110,20
DA:118,19
DA:119,1
DA:122,18
DA:124,18
DA:125,11
DA:126,11
DA:127,11
DA:128,11
DA:130,7
DA:131,7
DA:132,7
DA:137,9
DA:138,7
DA:143,3
DA:147,2
DA:151,3
LF:59
LH:57
BRDA:87,0,0,55
BRDA:87,0,1,44
BRDA:88,1,0,55
BRDA:88,1,1,44
BRDA:89,2,0,55
BRDA:89,2,1,44
BRDA:118,3,0,1
BRDA:118,3,1,18
BRDA:124,4,0,11
BRDA:124,4,1,7
BRDA:137,5,0,7
BRDA:137,5,1,2
BRDA:137,6,0,9
BRDA:137,6,1,4
BRDA:24,7,0,12
BRDA:24,7,1,3
BRDA:24,8,0,15
BRDA:24,8,1,12
BRDA:31,9,0,13
BRDA:31,9,1,2
BRDA:31,10,0,15
BRDA:31,10,1,13
BRDA:67,11,0,15
BRDA:67,11,1,0
BRDA:67,12,0,15
BRDA:67,12,1,15
BRDA:70,13,0,15
BRDA:70,13,1,0
BRDA:70,14,0,15
BRDA:70,14,1,15
BRF:30
BRH:28
end_of_record
TN:
SF:src/ledger/domain/monto-pago-predefinido.entity.ts
FN:39,(anonymous_2)
FN:56,(anonymous_3)
FN:60,(anonymous_4)
FNF:3
FNH:0
FNDA:0,(anonymous_2)
FNDA:0,(anonymous_3)
FNDA:0,(anonymous_4)
DA:1,0
DA:8,0
DA:11,0
DA:13,0
DA:16,0
DA:19,0
DA:22,0
DA:25,0
DA:28,0
DA:31,0
DA:34,0
DA:37,0
DA:46,0
DA:47,0
DA:48,0
DA:49,0
DA:50,0
DA:51,0
DA:52,0
DA:53,0
DA:57,0
DA:61,0
LF:22
LH:0
BRDA:34,0,0,0
BRDA:34,0,1,0
BRDA:34,1,0,0
BRDA:34,1,1,0
BRDA:37,2,0,0
BRDA:37,2,1,0
BRDA:37,3,0,0
BRDA:37,3,1,0
BRF:8
BRH:0
end_of_record
TN:
SF:src/ledger/domain/pago.entity.ts
FN:48,(anonymous_2)
FN:70,(anonymous_3)
FN:74,(anonymous_4)
FNF:3
FNH:1
FNDA:8,(anonymous_2)
FNDA:0,(anonymous_3)
FNDA:0,(anonymous_4)
DA:1,4
DA:8,4
DA:11,4
DA:13,4
DA:16,4
DA:19,4
DA:22,4
DA:25,4
DA:28,4
DA:31,4
DA:34,4
DA:37,4
DA:40,4
DA:43,4
DA:46,4
DA:57,8
DA:58,8
DA:59,8
DA:60,8
DA:61,8
DA:62,8
DA:63,8
DA:64,8
DA:65,8
DA:66,8
DA:67,8
DA:71,0
DA:75,0
DA:76,0
LF:29
LH:26
BRDA:64,0,0,8
BRDA:64,0,1,7
BRDA:43,1,0,4
BRDA:43,1,1,0
BRDA:43,2,0,4
BRDA:43,2,1,4
BRDA:46,3,0,4
BRDA:46,3,1,0
BRDA:46,4,0,4
BRDA:46,4,1,4
BRF:10
BRH:8
end_of_record
TN:
SF:src/ledger/domain/periodo-cobro.entity.ts
FN:53,(anonymous_2)
FN:73,(anonymous_3)
FN:77,(anonymous_4)
FN:25,(anonymous_5)
FN:25,(anonymous_6)
FN:47,(anonymous_7)
FN:47,(anonymous_8)
FNF:7
FNH:3
FNDA:16,(anonymous_2)
FNDA:4,(anonymous_3)
FNDA:2,(anonymous_4)
FNDA:0,(anonymous_5)
FNDA:0,(anonymous_6)
FNDA:0,(anonymous_7)
FNDA:0,(anonymous_8)
DA:1,15
DA:10,15
DA:11,15
DA:18,15
DA:20,15
DA:23,15
DA:25,0
DA:27,15
DA:30,15
DA:33,15
DA:36,15
DA:39,15
DA:42,15
DA:45,15
DA:47,0
DA:48,15
DA:51,15
DA:61,16
DA:62,16
DA:63,16
DA:64,16
DA:65,16
DA:66,16
DA:67,16
DA:68,16
DA:69,16
DA:70,16
DA:74,4
DA:78,2
LF:29
LH:27
BRDA:27,0,0,14
BRDA:27,0,1,1
BRDA:27,1,0,15
BRDA:27,1,1,14
BRDA:51,2,0,15
BRDA:51,2,1,0
BRDA:51,3,0,15
BRDA:51,3,1,15
BRF:8
BRH:7
end_of_record
TN:
SF:src/ledger/domain/plan-de-cobro.entity.ts
FN:55,(anonymous_2)
FN:77,(anonymous_3)
FN:81,(anonymous_4)
FN:46,(anonymous_5)
FN:46,(anonymous_6)
FNF:5
FNH:3
FNDA:30,(anonymous_2)
FNDA:3,(anonymous_3)
FNDA:3,(anonymous_4)
FNDA:0,(anonymous_5)
FNDA:0,(anonymous_6)
DA:1,15
DA:10,15
DA:18,15
DA:20,15
DA:23,15
DA:26,15
DA:29,15
DA:32,15
DA:35,15
DA:38,15
DA:41,15
DA:44,15
DA:46,0
DA:47,15
DA:50,15
DA:53,15
DA:64,30
DA:65,30
DA:66,30
DA:67,30
DA:68,30
DA:69,30
DA:70,30
DA:71,30
DA:72,30
DA:73,30
DA:74,30
DA:78,3
DA:82,3
LF:29
LH:28
BRDA:71,0,0,30
BRDA:71,0,1,29
BRDA:50,1,0,15
BRDA:50,1,1,0
BRDA:50,2,0,15
BRDA:50,2,1,15
BRDA:53,3,0,15
BRDA:53,3,1,0
BRDA:53,4,0,15
BRDA:53,4,1,15
BRF:10
BRH:8
end_of_record
TN:
SF:src/ledger/domain/solicitud.entity.ts
FN:13,(anonymous_2)
FN:84,(anonymous_3)
FN:32,(anonymous_4)
FN:39,(anonymous_5)
FN:60,(anonymous_6)
FNF:5
FNH:1
FNDA:4,(anonymous_2)
FNDA:0,(anonymous_3)
FNDA:0,(anonymous_4)
FNDA:0,(anonymous_5)
FNDA:0,(anonymous_6)
DA:1,4
DA:10,4
DA:11,4
DA:13,4
DA:14,4
DA:15,4
DA:16,4
DA:17,4
DA:18,4
DA:22,4
DA:24,4
DA:27,4
DA:30,4
DA:32,0
DA:34,4
DA:37,4
DA:39,0
DA:41,4
DA:44,4
DA:47,4
DA:50,4
DA:58,4
DA:60,0
DA:61,4
DA:64,4
DA:67,4
DA:70,4
DA:73,4
DA:76,4
DA:79,4
DA:82,4
DA:91,0
DA:92,0
DA:93,0
DA:94,0
DA:96,0
DA:97,0
DA:99,0
DA:100,0
DA:101,0
DA:102,0
DA:103,0
LF:42
LH:28
BRDA:13,0,0,4
BRDA:13,0,1,4
BRDA:34,1,0,4
BRDA:34,1,1,0
BRDA:34,2,0,4
BRDA:34,2,1,4
BRDA:41,3,0,4
BRDA:41,3,1,0
BRDA:41,4,0,4
BRDA:41,4,1,4
BRDA:61,5,0,4
BRDA:61,5,1,0
BRDA:61,6,0,4
BRDA:61,6,1,4
BRDA:79,7,0,4
BRDA:79,7,1,0
BRDA:79,8,0,4
BRDA:79,8,1,4
BRDA:82,9,0,4
BRDA:82,9,1,0
BRDA:82,10,0,4
BRDA:82,10,1,4
BRF:22
BRH:17
end_of_record
TN:
SF:src/ledger/domain/tarifa.entity.ts
FN:39,(anonymous_2)
FN:56,(anonymous_3)
FN:60,(anonymous_4)
FNF:3
FNH:0
FNDA:0,(anonymous_2)
FNDA:0,(anonymous_3)
FNDA:0,(anonymous_4)
DA:1,6
DA:8,6
DA:11,6
DA:13,6
DA:16,6
DA:19,6
DA:22,6
DA:25,6
DA:28,6
DA:31,6
DA:34,6
DA:37,6
DA:46,0
DA:47,0
DA:48,0
DA:49,0
DA:50,0
DA:51,0
DA:52,0
DA:53,0
DA:57,0
DA:61,0
LF:22
LH:12
BRDA:34,0,0,6
BRDA:34,0,1,0
BRDA:34,1,0,6
BRDA:34,1,1,6
BRDA:37,2,0,6
BRDA:37,2,1,0
BRDA:37,3,0,6
BRDA:37,3,1,6
BRF:8
BRH:6
end_of_record
TN:
SF:src/ledger/domain/events/pago-registrado.event.ts
FN:8,(anonymous_0)
FNF:1
FNH:1
FNDA:8,(anonymous_0)
DA:7,1
DA:9,8
DA:10,8
DA:11,8
DA:12,8
DA:13,8
DA:14,8
LF:7
LH:7
BRF:0
BRH:0
end_of_record
TN:
SF:src/ledger/infrastructure/controllers/cobros.controller.ts
FN:22,(anonymous_4)
FN:31,(anonymous_5)
FN:41,(anonymous_6)
FNF:3
FNH:0
FNDA:0,(anonymous_4)
FNDA:0,(anonymous_5)
FNDA:0,(anonymous_6)
DA:1,0
DA:10,0
DA:11,0
DA:12,0
DA:13,0
DA:14,0
DA:15,0
DA:16,0
DA:17,0
DA:21,0
DA:23,0
DA:24,0
DA:25,0
DA:31,0
DA:34,0
DA:35,0
DA:41,0
DA:42,0
DA:43,0
LF:19
LH:0
BRDA:34,0,0,0
BRDA:34,0,1,0
BRDA:23,1,0,0
BRDA:23,1,1,0
BRDA:23,2,0,0
BRDA:23,2,1,0
BRDA:23,3,0,0
BRDA:23,3,1,0
BRDA:23,4,0,0
BRDA:23,4,1,0
BRDA:24,5,0,0
BRDA:24,5,1,0
BRDA:24,6,0,0
BRDA:24,6,1,0
BRF:14
BRH:0
end_of_record
TN:
SF:src/ledger/infrastructure/controllers/dashboard.controller.ts
FN:29,(anonymous_4)
FN:43,(anonymous_5)
FN:56,(anonymous_6)
FN:65,(anonymous_7)
FN:96,(anonymous_8)
FN:144,(anonymous_9)
FN:145,(anonymous_10)
FN:146,(anonymous_11)
FN:149,(anonymous_12)
FN:177,(anonymous_13)
FN:188,(anonymous_14)
FN:197,(anonymous_15)
FN:298,(anonymous_16)
FN:310,(anonymous_17)
FN:360,(anonymous_18)
FN:404,(anonymous_19)
FN:406,(anonymous_20)
FN:426,(anonymous_21)
FN:476,(anonymous_22)
FN:506,(anonymous_23)
FN:539,(anonymous_24)
FN:557,(anonymous_25)
FN:565,(anonymous_26)
FN:576,(anonymous_27)
FNF:24
FNH:14
FNDA:16,(anonymous_4)
FNDA:0,(anonymous_5)
FNDA:9,(anonymous_6)
FNDA:8,(anonymous_7)
FNDA:7,(anonymous_8)
FNDA:6,(anonymous_9)
FNDA:6,(anonymous_10)
FNDA:6,(anonymous_11)
FNDA:2,(anonymous_12)
FNDA:1,(anonymous_13)
FNDA:1,(anonymous_14)
FNDA:0,(anonymous_15)
FNDA:0,(anonymous_16)
FNDA:0,(anonymous_17)
FNDA:0,(anonymous_18)
FNDA:0,(anonymous_19)
FNDA:0,(anonymous_20)
FNDA:0,(anonymous_21)
FNDA:0,(anonymous_22)
FNDA:0,(anonymous_23)
FNDA:6,(anonymous_24)
FNDA:9,(anonymous_25)
FNDA:4,(anonymous_26)
FNDA:14,(anonymous_27)
DA:1,2
DA:9,2
DA:10,2
DA:11,2
DA:12,2
DA:13,2
DA:14,2
DA:16,2
DA:17,2
DA:18,2
DA:19,2
DA:20,2
DA:21,2
DA:22,2
DA:23,2
DA:24,2
DA:28,2
DA:30,16
DA:31,16
DA:32,16
DA:33,16
DA:34,16
DA:35,16
DA:36,16
DA:37,16
DA:43,2
DA:50,0
DA:56,2
DA:61,9
DA:65,9
DA:68,9
DA:74,9
DA:91,9
DA:93,9
DA:94,9
DA:96,9
DA:97,9
DA:99,7
DA:100,7
DA:101,7
DA:102,7
DA:104,7
DA:105,7
DA:107,7
DA:109,7
DA:110,1
DA:112,1
DA:113,0
DA:114,1
DA:121,6
DA:141,9
DA:144,9
DA:145,9
DA:146,9
DA:149,9
DA:150,2
DA:151,2
DA:154,9
DA:163,9
DA:165,9
DA:177,1
DA:188,2
DA:193,1
DA:197,1
DA:199,1
DA:200,1
DA:204,0
DA:222,0
DA:240,0
DA:241,0
DA:242,0
DA:243,0
DA:244,0
DA:248,0
DA:249,0
DA:250,0
DA:251,0
DA:252,0
DA:253,0
DA:254,0
DA:255,0
DA:256,0
DA:259,0
DA:263,0
DA:265,0
DA:266,0
DA:267,0
DA:273,0
DA:275,0
DA:276,0
DA:282,0
DA:285,0
DA:287,0
DA:298,0
DA:304,0
DA:310,2
DA:314,0
DA:315,0
DA:325,0
DA:333,0
DA:334,0
DA:335,0
DA:336,0
DA:338,0
DA:346,0
DA:347,0
DA:349,0
DA:350,0
DA:351,0
DA:352,0
DA:356,0
DA:357,0
DA:360,0
DA:361,0
DA:364,0
DA:365,0
DA:366,0
DA:367,0
DA:368,0
DA:369,0
DA:370,0
DA:377,0
DA:379,0
DA:385,0
DA:402,0
DA:404,0
DA:405,0
DA:406,0
DA:407,0
DA:409,0
DA:410,0
DA:411,0
DA:412,0
DA:414,0
DA:415,0
DA:416,0
DA:417,0
DA:419,0
DA:424,0
DA:425,0
DA:426,0
DA:428,0
DA:429,0
DA:430,0
DA:432,0
DA:433,0
DA:434,0
DA:437,0
DA:438,0
DA:439,0
DA:441,0
DA:442,0
DA:443,0
DA:453,0
DA:454,0
DA:455,0
DA:456,0
DA:460,0
DA:461,0
DA:474,0
DA:475,0
DA:476,0
DA:477,0
DA:478,0
DA:485,0
DA:486,0
DA:487,0
DA:495,0
DA:496,0
DA:506,0
DA:512,0
DA:514,0
DA:515,0
DA:524,0
DA:539,2
DA:544,6
DA:545,0
DA:551,6
DA:556,6
DA:557,9
DA:565,4
DA:576,14
DA:578,6
DA:580,6
LF:184
LH:74
BRDA:68,0,0,8
BRDA:68,0,1,1
BRDA:97,1,0,2
BRDA:97,1,1,7
BRDA:102,2,0,0
BRDA:102,2,1,7
BRDA:109,3,0,1
BRDA:109,3,1,6
BRDA:112,4,0,1
BRDA:112,4,1,0
BRDA:113,5,0,0
BRDA:113,5,1,0
BRDA:113,6,0,0
BRDA:113,6,1,0
BRDA:124,7,0,6
BRDA:124,7,1,0
BRDA:125,8,0,6
BRDA:125,8,1,0
BRDA:126,9,0,6
BRDA:126,9,1,0
BRDA:127,10,0,6
BRDA:127,10,1,0
BRDA:128,11,0,6
BRDA:128,11,1,0
BRDA:151,12,0,2
BRDA:151,12,1,0
BRDA:152,13,0,2
BRDA:152,13,1,0
BRDA:154,14,0,4
BRDA:154,14,1,5
BRDA:199,15,0,1
BRDA:199,15,1,0
BRDA:243,16,0,0
BRDA:243,16,1,0
BRDA:255,17,0,0
BRDA:255,17,1,0
BRDA:256,18,0,0
BRDA:256,18,1,0
BRDA:256,19,0,0
BRDA:256,19,1,0
BRDA:266,20,0,0
BRDA:266,20,1,0
BRDA:275,21,0,0
BRDA:275,21,1,0
BRDA:285,22,0,0
BRDA:285,22,1,0
BRDA:290,23,0,0
BRDA:290,23,1,0
BRDA:291,24,0,0
BRDA:291,24,1,0
BRDA:292,25,0,0
BRDA:292,25,1,0
BRDA:293,26,0,0
BRDA:293,26,1,0
BRDA:314,27,0,0
BRDA:314,27,1,0
BRDA:339,28,0,0
BRDA:339,28,1,0
BRDA:340,29,0,0
BRDA:340,29,1,0
BRDA:341,30,0,0
BRDA:341,30,1,0
BRDA:343,31,0,0
BRDA:343,31,1,0
BRDA:346,32,0,0
BRDA:346,32,1,0
BRDA:351,33,0,0
BRDA:351,33,1,0
BRDA:367,34,0,0
BRDA:367,34,1,0
BRDA:369,35,0,0
BRDA:369,35,1,0
BRDA:379,36,0,0
BRDA:379,36,1,0
BRDA:381,37,0,0
BRDA:381,37,1,0
BRDA:405,38,0,0
BRDA:405,38,1,0
BRDA:428,39,0,0
BRDA:428,39,1,0
BRDA:429,40,0,0
BRDA:429,40,1,0
BRDA:429,41,0,0
BRDA:429,41,1,0
BRDA:433,42,0,0
BRDA:433,42,1,0
BRDA:442,43,0,0
BRDA:442,43,1,0
BRDA:444,44,0,0
BRDA:444,44,1,0
BRDA:454,45,0,0
BRDA:454,45,1,0
BRDA:460,46,0,0
BRDA:460,46,1,0
BRDA:463,47,0,0
BRDA:463,47,1,0
BRDA:475,48,0,0
BRDA:475,48,1,0
BRDA:514,49,0,0
BRDA:514,49,1,0
BRDA:517,50,0,0
BRDA:517,50,1,0
BRDA:544,51,0,0
BRDA:544,51,1,6
BRDA:568,52,0,4
BRDA:568,52,1,0
BRDA:57,53,0,2
BRDA:57,53,1,0
BRDA:57,54,0,2
BRDA:57,54,1,2
BRDA:189,55,0,2
BRDA:189,55,1,0
BRDA:189,56,0,2
BRDA:189,56,1,2
BRDA:311,57,0,2
BRDA:311,57,1,0
BRDA:311,58,0,2
BRDA:311,58,1,2
BRDA:540,59,0,2
BRDA:540,59,1,0
BRDA:540,60,0,2
BRDA:540,60,1,2
BRDA:543,61,0,2
BRDA:543,61,1,0
BRDA:543,62,0,2
BRDA:543,62,1,2
BRDA:30,63,0,2
BRDA:30,63,1,0
BRDA:30,64,0,2
BRDA:30,64,1,2
BRDA:30,65,0,2
BRDA:30,65,1,0
BRDA:30,66,0,2
BRDA:30,66,1,2
BRDA:31,67,0,2
BRDA:31,67,1,0
BRDA:31,68,0,2
BRDA:31,68,1,2
BRDA:32,69,0,2
BRDA:32,69,1,0
BRDA:32,70,0,2
BRDA:32,70,1,2
BRDA:33,71,0,2
BRDA:33,71,1,0
BRDA:33,72,0,2
BRDA:33,72,1,2
BRDA:34,73,0,2
BRDA:34,73,1,0
BRDA:34,74,0,2
BRDA:34,74,1,2
BRDA:35,75,0,2
BRDA:35,75,1,0
BRDA:35,76,0,2
BRDA:35,76,1,2
BRDA:36,77,0,2
BRDA:36,77,1,0
BRDA:36,78,0,2
BRDA:36,78,1,2
BRF:158
BRH:59
end_of_record
TN:
SF:src/ledger/infrastructure/controllers/montos.controller.ts
FN:24,(anonymous_4)
FN:32,(anonymous_5)
FN:42,(anonymous_6)
FN:49,(anonymous_7)
FNF:4
FNH:0
FNDA:0,(anonymous_4)
FNDA:0,(anonymous_5)
FNDA:0,(anonymous_6)
FNDA:0,(anonymous_7)
DA:1,0
DA:12,0
DA:13,0
DA:14,0
DA:15,0
DA:16,0
DA:17,0
DA:18,0
DA:19,0
DA:23,0
DA:25,0
DA:26,0
DA:32,0
DA:33,0
DA:42,0
DA:43,0
DA:49,0
DA:50,0
DA:51,0
DA:52,0
DA:54,0
DA:55,0
LF:22
LH:0
BRDA:51,0,0,0
BRDA:51,0,1,0
BRDA:32,1,0,0
BRDA:32,1,1,0
BRDA:32,2,0,0
BRDA:32,2,1,0
BRDA:42,3,0,0
BRDA:42,3,1,0
BRDA:42,4,0,0
BRDA:42,4,1,0
BRDA:25,5,0,0
BRDA:25,5,1,0
BRDA:25,6,0,0
BRDA:25,6,1,0
BRDA:25,7,0,0
BRDA:25,7,1,0
BRDA:25,8,0,0
BRDA:25,8,1,0
BRF:18
BRH:0
end_of_record
TN:
SF:src/ledger/infrastructure/controllers/pagos.controller.ts
FN:32,(anonymous_4)
FN:47,(anonymous_5)
FN:66,(anonymous_6)
FN:77,(anonymous_7)
FN:89,(anonymous_8)
FN:44,(anonymous_9)
FN:87,(anonymous_10)
FNF:7
FNH:0
FNDA:0,(anonymous_4)
FNDA:0,(anonymous_5)
FNDA:0,(anonymous_6)
FNDA:0,(anonymous_7)
FNDA:0,(anonymous_8)
FNDA:0,(anonymous_9)
FNDA:0,(anonymous_10)
DA:1,0
DA:13,0
DA:14,0
DA:15,0
DA:16,0
DA:17,0
DA:18,0
DA:19,0
DA:20,0
DA:21,0
DA:22,0
DA:23,0
DA:24,0
DA:31,0
DA:33,0
DA:34,0
DA:35,0
DA:45,0
DA:47,0
DA:52,0
DA:66,0
DA:67,0
DA:68,0
DA:69,0
DA:71,0
DA:77,0
DA:78,0
DA:87,0
DA:89,0
DA:93,0
DA:94,0
LF:31
LH:0
BRDA:68,0,0,0
BRDA:68,0,1,0
BRDA:48,1,0,0
BRDA:48,1,1,0
BRDA:48,2,0,0
BRDA:48,2,1,0
BRDA:48,3,0,0
BRDA:48,3,1,0
BRDA:48,4,0,0
BRDA:48,4,1,0
BRDA:33,5,0,0
BRDA:33,5,1,0
BRDA:33,6,0,0
BRDA:33,6,1,0
BRDA:33,7,0,0
BRDA:33,7,1,0
BRDA:33,8,0,0
BRDA:33,8,1,0
BRDA:34,9,0,0
BRDA:34,9,1,0
BRDA:34,10,0,0
BRDA:34,10,1,0
BRF:22
BRH:0
end_of_record
TN:
SF:src/ledger/infrastructure/controllers/planes-de-cobro.controller.ts
FN:20,(anonymous_4)
FN:27,(anonymous_5)
FNF:2
FNH:0
FNDA:0,(anonymous_4)
FNDA:0,(anonymous_5)
DA:1,0
DA:10,0
DA:11,0
DA:12,0
DA:13,0
DA:14,0
DA:15,0
DA:19,0
DA:21,0
DA:27,0
DA:28,0
DA:29,0
LF:12
LH:0
BRDA:28,0,0,0
BRDA:28,0,1,0
BRDA:21,1,0,0
BRDA:21,1,1,0
BRDA:21,2,0,0
BRDA:21,2,1,0
BRF:6
BRH:0
end_of_record
TN:
SF:src/ledger/infrastructure/controllers/solicitudes.controller.ts
FN:25,(anonymous_4)
FN:30,(anonymous_5)
FN:48,(anonymous_6)
FN:55,(anonymous_7)
FN:62,(anonymous_8)
FN:69,(anonymous_9)
FN:76,(anonymous_10)
FNF:7
FNH:0
FNDA:0,(anonymous_4)
FNDA:0,(anonymous_5)
FNDA:0,(anonymous_6)
FNDA:0,(anonymous_7)
FNDA:0,(anonymous_8)
FNDA:0,(anonymous_9)
FNDA:0,(anonymous_10)
DA:1,0
DA:13,0
DA:14,0
DA:15,0
DA:16,0
DA:17,0
DA:18,0
DA:19,0
DA:20,0
DA:24,0
DA:25,0
DA:30,0
DA:35,0
DA:42,0
DA:48,0
DA:49,0
DA:55,0
DA:56,0
DA:62,0
DA:63,0
DA:69,0
DA:70,0
DA:76,0
DA:80,0
DA:81,0
DA:82,0
DA:85,0
DA:86,0
DA:87,0
DA:92,0
DA:93,0
DA:96,0
DA:97,0
DA:98,0
DA:100,0
LF:35
LH:0
BRDA:81,0,0,0
BRDA:81,0,1,0
BRDA:85,1,0,0
BRDA:85,1,1,0
BRDA:86,2,0,0
BRDA:86,2,1,0
BRDA:92,3,0,0
BRDA:92,3,1,0
BRDA:92,4,0,0
BRDA:92,4,1,0
BRDA:32,5,0,0
BRDA:32,5,1,0
BRDA:32,6,0,0
BRDA:32,6,1,0
BRDA:48,7,0,0
BRDA:48,7,1,0
BRDA:48,8,0,0
BRDA:48,8,1,0
BRDA:55,9,0,0
BRDA:55,9,1,0
BRDA:55,10,0,0
BRDA:55,10,1,0
BRDA:25,11,0,0
BRDA:25,11,1,0
BRDA:25,12,0,0
BRDA:25,12,1,0
BRF:26
BRH:0
end_of_record
TN:
SF:src/ledger/infrastructure/controllers/tarifas.controller.ts
FN:30,(anonymous_4)
FN:39,(anonymous_5)
FN:55,(anonymous_6)
FN:66,(anonymous_7)
FN:74,(anonymous_8)
FN:102,(anonymous_9)
FN:113,(anonymous_10)
FN:127,(anonymous_11)
FNF:8
FNH:0
FNDA:0,(anonymous_4)
FNDA:0,(anonymous_5)
FNDA:0,(anonymous_6)
FNDA:0,(anonymous_7)
FNDA:0,(anonymous_8)
FNDA:0,(anonymous_9)
FNDA:0,(anonymous_10)
FNDA:0,(anonymous_11)
DA:1,0
DA:12,0
DA:13,0
DA:14,0
DA:15,0
DA:21,0
DA:22,0
DA:23,0
DA:24,0
DA:25,0
DA:29,0
DA:31,0
DA:32,0
DA:33,0
DA:39,0
DA:43,0
DA:55,0
DA:59,0
DA:66,0
DA:70,0
DA:74,0
DA:75,0
DA:85,0
DA:102,0
DA:103,0
DA:104,0
DA:105,0
DA:107,0
DA:113,0
DA:117,0
DA:127,0
DA:128,0
DA:129,0
DA:130,0
DA:132,0
DA:133,0
DA:134,0
LF:37
LH:0
BRDA:75,0,0,0
BRDA:75,0,1,0
BRDA:93,1,0,0
BRDA:93,1,1,0
BRDA:104,2,0,0
BRDA:104,2,1,0
BRDA:129,3,0,0
BRDA:129,3,1,0
BRDA:40,4,0,0
BRDA:40,4,1,0
BRDA:40,5,0,0
BRDA:40,5,1,0
BRDA:56,6,0,0
BRDA:56,6,1,0
BRDA:56,7,0,0
BRDA:56,7,1,0
BRDA:67,8,0,0
BRDA:67,8,1,0
BRDA:67,9,0,0
BRDA:67,9,1,0
BRDA:115,10,0,0
BRDA:115,10,1,0
BRDA:115,11,0,0
BRDA:115,11,1,0
BRDA:31,12,0,0
BRDA:31,12,1,0
BRDA:31,13,0,0
BRDA:31,13,1,0
BRDA:31,14,0,0
BRDA:31,14,1,0
BRDA:31,15,0,0
BRDA:31,15,1,0
BRDA:32,16,0,0
BRDA:32,16,1,0
BRDA:32,17,0,0
BRDA:32,17,1,0
BRF:36
BRH:0
end_of_record
TN:
SF:src/ledger/infrastructure/controllers/dtos/cobros.dto.ts
FNF:0
FNH:0
DA:1,0
DA:3,0
DA:6,0
DA:10,0
DA:14,0
DA:18,0
DA:22,0
DA:26,0
DA:30,0
DA:34,0
DA:38,0
LF:11
LH:0
BRF:0
BRH:0
end_of_record
TN:
SF:src/ledger/infrastructure/controllers/dtos/montos.dto.ts
FNF:0
FNH:0
DA:1,0
DA:10,0
DA:13,0
DA:17,0
DA:22,0
DA:25,0
DA:28,0
LF:7
LH:0
BRF:0
BRH:0
end_of_record
TN:
SF:src/ledger/infrastructure/controllers/dtos/pagos.dto.ts
FNF:0
FNH:0
DA:1,0
DA:3,0
DA:6,0
DA:10,0
DA:13,0
DA:17,0
DA:21,0
LF:7
LH:0
BRF:0
BRH:0
end_of_record
TN:
SF:src/ledger/infrastructure/controllers/dtos/planes-de-cobro.dto.ts
FNF:0
FNH:0
DA:1,0
DA:3,0
DA:6,0
DA:10,0
DA:14,0
DA:18,0
DA:22,0
DA:26,0
DA:30,0
LF:9
LH:0
BRF:0
BRH:0
end_of_record
TN:
SF:src/ledger/infrastructure/controllers/dtos/tarifas.dto.ts
FNF:0
FNH:0
DA:1,0
DA:12,0
DA:15,0
DA:20,0
DA:24,0
DA:27,0
DA:30,0
DA:34,0
DA:38,0
DA:41,0
DA:44,0
DA:47,0
DA:50,0
LF:13
LH:0
BRF:0
BRH:0
end_of_record
TN:
SF:src/ledger/infrastructure/jobs/generar-cobros.job.ts
FN:13,(anonymous_2)
FN:16,(anonymous_3)
FNF:2
FNH:2
FNDA:4,(anonymous_2)
FNDA:4,(anonymous_3)
DA:1,1
DA:2,1
DA:3,1
DA:10,1
DA:11,4
DA:13,4
DA:16,1
DA:17,4
DA:19,4
DA:20,4
DA:21,2
DA:26,2
DA:27,2
LF:13
LH:13
BRDA:26,0,0,1
BRDA:26,0,1,1
BRDA:13,1,0,1
BRDA:13,1,1,0
BRDA:13,2,0,1
BRDA:13,2,1,1
BRF:6
BRH:5
end_of_record
TN:
SF:src/ledger/infrastructure/jobs/marcar-vencidas.job.ts
FN:15,(anonymous_2)
FN:18,(anonymous_3)
FNF:2
FNH:2
FNDA:4,(anonymous_2)
FNDA:4,(anonymous_3)
DA:1,1
DA:2,1
DA:3,1
DA:12,1
DA:13,4
DA:15,4
DA:18,1
DA:19,4
DA:21,4
DA:22,4
DA:23,2
DA:28,2
DA:29,2
LF:13
LH:13
BRDA:28,0,0,1
BRDA:28,0,1,1
BRDA:15,1,0,1
BRDA:15,1,1,0
BRDA:15,2,0,1
BRDA:15,2,1,1
BRF:6
BRH:5
end_of_record
TN:
SF:src/ledger/infrastructure/persistence/cobro.repository.ts
FN:9,(anonymous_4)
FN:16,(anonymous_5)
FN:20,(anonymous_6)
FN:27,(anonymous_7)
FN:34,(anonymous_8)
FN:42,(anonymous_9)
FN:52,(anonymous_10)
FN:64,(anonymous_11)
FN:76,(anonymous_12)
FN:86,(anonymous_13)
FN:96,(anonymous_14)
FN:113,(anonymous_15)
FN:129,(anonymous_16)
FN:145,(anonymous_17)
FN:162,(anonymous_18)
FN:169,(anonymous_19)
FN:173,(anonymous_20)
FNF:17
FNH:14
FNDA:19,(anonymous_4)
FNDA:2,(anonymous_5)
FNDA:1,(anonymous_6)
FNDA:1,(anonymous_7)
FNDA:0,(anonymous_8)
FNDA:2,(anonymous_9)
FNDA:0,(anonymous_10)
FNDA:1,(anonymous_11)
FNDA:2,(anonymous_12)
FNDA:1,(anonymous_13)
FNDA:2,(anonymous_14)
FNDA:1,(anonymous_15)
FNDA:2,(anonymous_16)
FNDA:1,(anonymous_17)
FNDA:2,(anonymous_18)
FNDA:0,(anonymous_19)
FNDA:1,(anonymous_20)
DA:1,11
DA:2,11
DA:3,11
DA:4,11
DA:5,11
DA:8,11
DA:11,19
DA:13,19
DA:17,2
DA:21,1
DA:28,1
DA:35,0
DA:36,0
DA:39,0
DA:43,2
DA:49,2
DA:53,0
DA:54,0
DA:61,0
DA:65,1
DA:66,1
DA:73,1
DA:77,2
DA:83,2
DA:87,1
DA:93,1
DA:97,2
DA:98,2
DA:107,2
DA:114,1
DA:115,1
DA:130,2
DA:146,1
DA:163,2
DA:170,0
DA:174,1
DA:175,1
LF:37
LH:30
BRDA:49,0,0,2
BRDA:49,0,1,1
BRDA:61,1,0,0
BRDA:61,1,1,0
BRDA:73,2,0,1
BRDA:73,2,1,0
BRDA:83,3,0,2
BRDA:83,3,1,1
BRDA:93,4,0,1
BRDA:93,4,1,0
BRDA:108,5,0,2
BRDA:108,5,1,1
BRDA:109,6,0,2
BRDA:109,6,1,1
BRDA:11,7,0,11
BRDA:11,7,1,0
BRDA:11,8,0,11
BRDA:11,8,1,11
BRF:18
BRH:13
end_of_record
TN:
SF:src/ledger/infrastructure/persistence/monto-pago-predefinido.repository.ts
FN:8,(anonymous_4)
FN:13,(anonymous_5)
FN:20,(anonymous_6)
FN:24,(anonymous_7)
FN:28,(anonymous_8)
FN:35,(anonymous_9)
FNF:6
FNH:0
FNDA:0,(anonymous_4)
FNDA:0,(anonymous_5)
FNDA:0,(anonymous_6)
FNDA:0,(anonymous_7)
FNDA:0,(anonymous_8)
FNDA:0,(anonymous_9)
DA:1,0
DA:2,0
DA:3,0
DA:4,0
DA:7,0
DA:10,0
DA:14,0
DA:21,0
DA:25,0
DA:29,0
DA:36,0
LF:11
LH:0
BRDA:10,0,0,0
BRDA:10,0,1,0
BRDA:10,1,0,0
BRDA:10,1,1,0
BRF:4
BRH:0
end_of_record
TN:
SF:src/ledger/infrastructure/persistence/pago.repository.ts
FN:9,(anonymous_4)
FN:16,(anonymous_5)
FN:20,(anonymous_6)
FN:27,(anonymous_7)
FN:34,(anonymous_8)
FN:41,(anonymous_9)
FN:45,(anonymous_10)
FN:51,(anonymous_11)
FN:74,(anonymous_12)
FN:97,(anonymous_13)
FN:124,(anonymous_14)
FN:130,(anonymous_15)
FN:155,(anonymous_16)
FN:166,(anonymous_17)
FN:180,(anonymous_18)
FN:182,(anonymous_19)
FN:187,(anonymous_20)
FNF:17
FNH:0
FNDA:0,(anonymous_4)
FNDA:0,(anonymous_5)
FNDA:0,(anonymous_6)
FNDA:0,(anonymous_7)
FNDA:0,(anonymous_8)
FNDA:0,(anonymous_9)
FNDA:0,(anonymous_10)
FNDA:0,(anonymous_11)
FNDA:0,(anonymous_12)
FNDA:0,(anonymous_13)
FNDA:0,(anonymous_14)
FNDA:0,(anonymous_15)
FNDA:0,(anonymous_16)
FNDA:0,(anonymous_17)
FNDA:0,(anonymous_18)
FNDA:0,(anonymous_19)
FNDA:0,(anonymous_20)
DA:1,4
DA:2,4
DA:3,4
DA:4,4
DA:5,4
DA:8,4
DA:11,0
DA:13,0
DA:17,0
DA:24,0
DA:28,0
DA:35,0
DA:42,0
DA:46,0
DA:56,0
DA:57,0
DA:59,0
DA:71,0
DA:79,0
DA:80,0
DA:82,0
DA:94,0
DA:102,0
DA:103,0
DA:105,0
DA:124,0
DA:135,0
DA:136,0
DA:138,0
DA:155,0
DA:169,0
DA:170,0
DA:171,0
DA:173,0
DA:179,0
DA:180,0
DA:182,0
DA:184,0
DA:188,0
DA:189,0
DA:191,0
DA:198,0
LF:42
LH:6
BRDA:65,0,0,0
BRDA:65,0,1,0
BRDA:71,1,0,0
BRDA:71,1,1,0
BRDA:88,2,0,0
BRDA:88,2,1,0
BRDA:94,3,0,0
BRDA:94,3,1,0
BRDA:115,4,0,0
BRDA:115,4,1,0
BRDA:146,5,0,0
BRDA:146,5,1,0
BRDA:198,6,0,0
BRDA:198,6,1,0
BRDA:11,7,0,4
BRDA:11,7,1,0
BRDA:11,8,0,4
BRDA:11,8,1,4
BRF:18
BRH:3
end_of_record
TN:
SF:src/ledger/infrastructure/persistence/periodo-cobro.repository.ts
FN:9,(anonymous_4)
FN:16,(anonymous_5)
FN:23,(anonymous_6)
FNF:3
FNH:0
FNDA:0,(anonymous_4)
FNDA:0,(anonymous_5)
FNDA:0,(anonymous_6)
DA:1,4
DA:2,4
DA:3,4
DA:4,4
DA:5,4
DA:8,4
DA:11,0
DA:13,0
DA:17,0
DA:24,0
LF:10
LH:6
BRDA:11,0,0,4
BRDA:11,0,1,0
BRDA:11,1,0,4
BRDA:11,1,1,4
BRF:4
BRH:3
end_of_record
TN:
SF:src/ledger/infrastructure/persistence/plan-de-cobro.repository.ts
FN:9,(anonymous_4)
FN:16,(anonymous_5)
FN:22,(anonymous_6)
FN:28,(anonymous_7)
FN:34,(anonymous_8)
FNF:5
FNH:0
FNDA:0,(anonymous_4)
FNDA:0,(anonymous_5)
FNDA:0,(anonymous_6)
FNDA:0,(anonymous_7)
FNDA:0,(anonymous_8)
DA:1,7
DA:2,7
DA:3,7
DA:4,7
DA:5,7
DA:8,7
DA:11,0
DA:13,0
DA:17,0
DA:23,0
DA:29,0
DA:35,0
LF:12
LH:6
BRDA:11,0,0,7
BRDA:11,0,1,0
BRDA:11,1,0,7
BRDA:11,1,1,7
BRF:4
BRH:3
end_of_record
TN:
SF:src/ledger/infrastructure/persistence/solicitud.repository.ts
FN:9,(anonymous_4)
FN:16,(anonymous_5)
FN:23,(anonymous_6)
FN:30,(anonymous_7)
FN:41,(anonymous_8)
FN:47,(anonymous_9)
FN:52,(anonymous_10)
FNF:7
FNH:0
FNDA:0,(anonymous_4)
FNDA:0,(anonymous_5)
FNDA:0,(anonymous_6)
FNDA:0,(anonymous_7)
FNDA:0,(anonymous_8)
FNDA:0,(anonymous_9)
FNDA:0,(anonymous_10)
DA:1,4
DA:2,4
DA:3,4
DA:4,4
DA:5,4
DA:8,4
DA:11,0
DA:13,0
DA:17,0
DA:24,0
DA:31,0
DA:42,0
DA:47,0
DA:48,0
DA:53,0
LF:15
LH:6
BRDA:48,0,0,0
BRDA:48,0,1,0
BRDA:11,1,0,4
BRDA:11,1,1,0
BRDA:11,2,0,4
BRDA:11,2,1,4
BRF:6
BRH:3
end_of_record
TN:
SF:src/ledger/infrastructure/persistence/tarifa.repository.ts
FN:9,(anonymous_4)
FN:14,(anonymous_5)
FN:29,(anonymous_6)
FN:48,(anonymous_7)
FN:56,(anonymous_8)
FN:64,(anonymous_9)
FN:72,(anonymous_10)
FN:76,(anonymous_11)
FNF:8
FNH:0
FNDA:0,(anonymous_4)
FNDA:0,(anonymous_5)
FNDA:0,(anonymous_6)
FNDA:0,(anonymous_7)
FNDA:0,(anonymous_8)
FNDA:0,(anonymous_9)
FNDA:0,(anonymous_10)
FNDA:0,(anonymous_11)
DA:1,6
DA:2,6
DA:3,6
DA:4,6
DA:8,6
DA:11,0
DA:15,0
DA:16,0
DA:17,0
DA:19,0
DA:34,0
DA:35,0
DA:45,0
DA:49,0
DA:60,0
DA:61,0
DA:63,0
DA:65,0
DA:69,0
DA:73,0
DA:77,0
LF:21
LH:5
BRDA:16,0,0,0
BRDA:16,0,1,0
BRDA:45,1,0,0
BRDA:45,1,1,0
BRDA:58,2,0,0
BRDA:11,3,0,6
BRDA:11,3,1,0
BRDA:11,4,0,6
BRDA:11,4,1,6
BRF:9
BRH:3
end_of_record
TN:
SF:src/notifications/notifications.module.ts
FNF:0
FNH:0
DA:1,0
DA:2,0
DA:3,0
DA:4,0
DA:5,0
DA:17,0
LF:6
LH:0
BRF:0
BRH:0
end_of_record
TN:
SF:src/notifications/domain/actividad.entity.ts
FN:34,(anonymous_2)
FN:28,(anonymous_3)
FNF:2
FNH:0
FNDA:0,(anonymous_2)
FNDA:0,(anonymous_3)
DA:1,1
DA:9,1
DA:11,1
DA:14,1
DA:17,1
DA:20,1
DA:23,1
DA:26,1
DA:28,0
DA:29,1
DA:32,1
DA:42,0
DA:43,0
DA:44,0
DA:45,0
DA:46,0
DA:47,0
DA:48,0
DA:49,0
LF:19
LH:10
BRDA:48,0,0,0
BRDA:48,0,1,0
BRDA:29,1,0,0
BRDA:29,1,1,1
BRDA:29,2,0,1
BRDA:29,2,1,0
BRDA:32,3,0,1
BRDA:32,3,1,0
BRDA:32,4,0,1
BRDA:32,4,1,1
BRF:10
BRH:5
end_of_record
TN:
SF:src/notifications/domain/actividad.repository.ts
FNF:0
FNH:0
DA:3,4
LF:1
LH:1
BRF:0
BRH:0
end_of_record
TN:
SF:src/notifications/infrastructure/actividad.repository.impl.ts
FN:9,(anonymous_4)
FN:16,(anonymous_5)
FN:20,(anonymous_6)
FNF:3
FNH:0
FNDA:0,(anonymous_4)
FNDA:0,(anonymous_5)
FNDA:0,(anonymous_6)
DA:1,0
DA:2,0
DA:3,0
DA:4,0
DA:5,0
DA:8,0
DA:11,0
DA:13,0
DA:17,0
DA:21,0
LF:10
LH:0
BRDA:11,0,0,0
BRDA:11,0,1,0
BRDA:11,1,0,0
BRDA:11,1,1,0
BRF:4
BRH:0
end_of_record
TN:
SF:src/shared/auth/auth.module.ts
FN:18,(anonymous_1)
FNF:1
FNH:0
FNDA:0,(anonymous_1)
DA:1,0
DA:2,0
DA:3,0
DA:4,0
DA:5,0
DA:6,0
DA:7,0
DA:8,0
DA:9,0
DA:18,0
DA:27,0
LF:11
LH:0
BRDA:19,0,0,0
BRDA:19,0,1,0
BRF:2
BRH:0
end_of_record
TN:
SF:src/shared/auth/auth.service.ts
FN:14,(anonymous_13)
FN:20,(anonymous_14)
FN:40,(anonymous_15)
FN:59,(anonymous_16)
FNF:4
FNH:4
FNDA:10,(anonymous_13)
FNDA:4,(anonymous_14)
FNDA:1,(anonymous_15)
FNDA:5,(anonymous_16)
DA:1,1
DA:6,1
DA:7,1
DA:8,1
DA:9,1
DA:10,1
DA:13,1
DA:16,10
DA:17,10
DA:21,4
DA:24,4
DA:25,1
DA:28,3
DA:29,3
DA:30,1
DA:33,2
DA:34,1
DA:37,1
DA:43,1
DA:50,1
DA:51,1
DA:56,1
DA:62,5
DA:63,5
DA:68,4
DA:69,1
DA:72,3
DA:76,3
DA:77,1
DA:80,2
DA:81,1
DA:84,1
DA:91,1
DA:92,1
DA:97,1
DA:99,4
DA:100,3
DA:102,1
LF:38
LH:38
BRDA:24,0,0,1
BRDA:24,0,1,3
BRDA:29,1,0,1
BRDA:29,1,1,2
BRDA:33,2,0,1
BRDA:33,2,1,1
BRDA:68,3,0,1
BRDA:68,3,1,3
BRDA:76,4,0,1
BRDA:76,4,1,2
BRDA:80,5,0,1
BRDA:80,5,1,1
BRDA:99,6,0,3
BRDA:99,6,1,1
BRDA:99,7,0,4
BRDA:99,7,1,2
BRDA:16,8,0,1
BRDA:16,8,1,0
BRDA:16,9,0,1
BRDA:16,9,1,1
BRDA:16,10,0,1
BRDA:16,10,1,0
BRDA:16,11,0,1
BRDA:16,11,1,1
BRF:24
BRH:22
end_of_record
TN:
SF:src/shared/auth/jwt-auth.guard.ts
FNF:0
FNH:0
DA:1,4
DA:2,4
DA:5,4
LF:3
LH:3
BRF:0
BRH:0
end_of_record
TN:
SF:src/shared/auth/jwt.strategy.ts
FN:17,(anonymous_4)
FN:28,(anonymous_5)
FNF:2
FNH:2
FNDA:3,(anonymous_4)
FNDA:3,(anonymous_5)
DA:1,1
DA:2,1
DA:3,1
DA:4,1
DA:5,1
DA:6,1
DA:16,1
DA:19,3
DA:21,3
DA:29,3
DA:33,3
DA:34,2
DA:37,1
LF:13
LH:13
BRDA:24,0,0,3
BRDA:24,0,1,0
BRDA:33,1,0,2
BRDA:33,1,1,1
BRDA:33,2,0,3
BRDA:33,2,1,2
BRDA:19,3,0,1
BRDA:19,3,1,0
BRDA:19,4,0,1
BRDA:19,4,1,1
BRF:10
BRH:8
end_of_record
TN:
SF:src/shared/auth/decorators/roles.decorator.ts
FN:10,(anonymous_0)
FNF:1
FNH:1
FNDA:16,(anonymous_0)
DA:1,4
DA:4,4
DA:10,4
DA:11,16
LF:4
LH:4
BRF:0
BRH:0
end_of_record
TN:
SF:src/shared/auth/guards/roles.guard.ts
FN:7,(anonymous_2)
FN:9,(anonymous_3)
FNF:2
FNH:1
FNDA:28,(anonymous_2)
FNDA:0,(anonymous_3)
DA:1,4
DA:2,4
DA:6,4
DA:7,28
DA:10,0
DA:15,0
DA:16,0
DA:19,0
DA:20,0
DA:21,0
DA:24,0
LF:11
LH:4
BRDA:15,0,0,0
BRDA:15,0,1,0
BRDA:15,1,0,0
BRDA:15,1,1,0
BRDA:20,2,0,0
BRDA:20,2,1,0
BRDA:7,3,0,4
BRDA:7,3,1,0
BRDA:7,4,0,4
BRDA:7,4,1,4
BRF:10
BRH:3
end_of_record
TN:
SF:src/shared/common/database.config.ts
FN:3,databaseConfig
FNF:1
FNH:0
FNDA:0,databaseConfig
DA:3,0
DA:4,0
DA:6,0
LF:3
LH:0
BRDA:8,0,0,0
BRDA:8,0,1,0
BRDA:9,1,0,0
BRDA:9,1,1,0
BRDA:10,2,0,0
BRDA:10,2,1,0
BRDA:11,3,0,0
BRDA:11,3,1,0
BRDA:12,4,0,0
BRDA:12,4,1,0
BRDA:15,5,0,0
BRDA:15,5,1,0
BRDA:16,6,0,0
BRDA:16,6,1,0
BRDA:18,7,0,0
BRDA:18,7,1,0
BRF:16
BRH:0
end_of_record
TN:
SF:src/shared/common/value-objects.ts
FN:5,(anonymous_0)
FN:11,(anonymous_1)
FN:19,(anonymous_2)
FN:25,(anonymous_3)
FN:31,(anonymous_4)
FN:38,(anonymous_5)
FN:44,(anonymous_6)
FN:50,(anonymous_7)
FN:56,(anonymous_8)
FN:62,(anonymous_9)
FN:92,pagosPorMes
FN:107,montoMensualDesde
FN:118,tarifasDerivadas
FN:130,calcularMontoParcial
FN:139,calcularMontoCuota
FN:147,(anonymous_15)
FN:159,(anonymous_16)
FN:164,(anonymous_17)
FN:168,(anonymous_18)
FN:173,(anonymous_19)
FN:180,(anonymous_20)
FN:184,(anonymous_21)
FN:188,(anonymous_22)
FN:206,toLocalDate
FN:210,parseLocalDate
FN:215,formatDate
FN:222,normalizeDate
FN:227,(anonymous_27)
FN:233,(anonymous_28)
FN:237,(anonymous_29)
FN:241,(anonymous_30)
FN:249,(anonymous_31)
FN:278,(anonymous_32)
FN:286,(anonymous_33)
FN:333,(anonymous_34)
FN:346,(anonymous_35)
FN:361,(anonymous_36)
FN:379,(anonymous_37)
FN:390,(anonymous_38)
FN:398,(anonymous_39)
FN:415,(anonymous_40)
FN:420,(anonymous_41)
FN:425,(anonymous_42)
FN:432,(anonymous_43)
FN:443,(anonymous_44)
FN:454,(anonymous_45)
FN:465,(anonymous_46)
FNF:47
FNH:25
FNDA:0,(anonymous_0)
FNDA:0,(anonymous_1)
FNDA:0,(anonymous_2)
FNDA:0,(anonymous_3)
FNDA:0,(anonymous_4)
FNDA:0,(anonymous_5)
FNDA:0,(anonymous_6)
FNDA:0,(anonymous_7)
FNDA:0,(anonymous_8)
FNDA:0,(anonymous_9)
FNDA:22,pagosPorMes
FNDA:2,montoMensualDesde
FNDA:2,tarifasDerivadas
FNDA:3,calcularMontoParcial
FNDA:0,calcularMontoCuota
FNDA:125,(anonymous_15)
FNDA:103,(anonymous_16)
FNDA:0,(anonymous_17)
FNDA:0,(anonymous_18)
FNDA:0,(anonymous_19)
FNDA:0,(anonymous_20)
FNDA:0,(anonymous_21)
FNDA:0,(anonymous_22)
FNDA:275,toLocalDate
FNDA:6,parseLocalDate
FNDA:58,formatDate
FNDA:29,normalizeDate
FNDA:5,(anonymous_27)
FNDA:5,(anonymous_28)
FNDA:4,(anonymous_29)
FNDA:4,(anonymous_30)
FNDA:15,(anonymous_31)
FNDA:1,(anonymous_32)
FNDA:15,(anonymous_33)
FNDA:4,(anonymous_34)
FNDA:1,(anonymous_35)
FNDA:2,(anonymous_36)
FNDA:2,(anonymous_37)
FNDA:3,(anonymous_38)
FNDA:3,(anonymous_39)
FNDA:0,(anonymous_40)
FNDA:0,(anonymous_41)
FNDA:0,(anonymous_42)
FNDA:3,(anonymous_43)
FNDA:10,(anonymous_44)
FNDA:0,(anonymous_45)
FNDA:0,(anonymous_46)
DA:4,18
DA:5,0
DA:6,0
DA:7,0
DA:12,0
DA:16,18
DA:17,18
DA:19,0
DA:20,0
DA:21,0
DA:26,0
DA:30,18
DA:31,0
DA:32,0
DA:33,0
DA:34,0
DA:39,0
DA:43,18
DA:44,0
DA:45,0
DA:46,0
DA:51,0
DA:55,18
DA:56,0
DA:57,0
DA:58,0
DA:63,0
DA:81,18
DA:82,18
DA:86,18
DA:89,18
DA:92,18
DA:93,22
DA:95,7
DA:97,6
DA:99,9
DA:107,18
DA:111,2
DA:118,18
DA:119,2
DA:130,18
DA:134,3
DA:135,3
DA:139,18
DA:143,0
DA:146,18
DA:148,125
DA:149,125
DA:151,125
DA:152,0
DA:154,125
DA:155,0
DA:160,103
DA:161,103
DA:165,0
DA:169,0
DA:170,0
DA:174,0
DA:175,0
DA:176,0
DA:177,0
DA:181,0
DA:185,0
DA:189,0
DA:204,18
DA:207,275
DA:211,6
DA:212,6
DA:216,58
DA:217,58
DA:218,58
DA:219,58
DA:223,29
DA:226,18
DA:228,5
DA:229,5
DA:230,5
DA:234,5
DA:238,4
DA:242,4
DA:250,15
DA:251,15
DA:253,15
DA:254,135
DA:255,135
DA:256,135
DA:257,17
DA:258,17
DA:259,15
DA:260,15
DA:265,15
DA:267,0
DA:268,0
DA:269,0
DA:271,0
DA:279,1
DA:291,15
DA:293,7
DA:294,7
DA:295,7
DA:296,207
DA:297,207
DA:301,7
DA:302,3
DA:303,3
DA:305,2
DA:308,1
DA:312,7
DA:315,3
DA:316,3
DA:317,3
DA:323,5
DA:324,5
DA:334,4
DA:336,4
DA:338,1
DA:340,2
DA:342,1
DA:347,1
DA:348,1
DA:349,2
DA:352,1
DA:353,1
DA:355,1
DA:356,1
DA:358,1
DA:362,2
DA:364,2
DA:365,1
DA:366,1
DA:367,1
DA:368,1
DA:369,1
DA:372,1
DA:373,1
DA:374,1
DA:375,1
DA:376,1
DA:380,2
DA:381,2
DA:382,2
DA:383,2
DA:384,2
DA:391,3
DA:392,3
DA:403,3
DA:404,3
DA:406,3
DA:408,2
DA:409,2
DA:416,0
DA:417,0
DA:421,0
DA:426,0
DA:437,3
DA:438,3
DA:439,3
DA:442,3
DA:443,10
DA:446,3
DA:448,3
DA:459,0
DA:460,0
DA:463,0
DA:464,0
DA:465,0
DA:468,0
DA:469,0
DA:470,0
DA:471,0
DA:472,0
DA:475,0
DA:477,0
DA:478,0
DA:480,0
LF:175
LH:119
BRDA:6,0,0,0
BRDA:6,0,1,0
BRDA:6,1,0,0
BRDA:6,1,1,0
BRDA:20,2,0,0
BRDA:20,2,1,0
BRDA:33,3,0,0
BRDA:33,3,1,0
BRDA:33,4,0,0
BRDA:33,4,1,0
BRDA:45,5,0,0
BRDA:45,5,1,0
BRDA:45,6,0,0
BRDA:45,6,1,0
BRDA:57,7,0,0
BRDA:57,7,1,0
BRDA:57,8,0,0
BRDA:57,8,1,0
BRDA:93,9,0,7
BRDA:93,9,1,6
BRDA:93,9,2,9
BRDA:149,10,0,0
BRDA:151,11,0,0
BRDA:151,11,1,125
BRDA:151,12,0,125
BRDA:151,12,1,125
BRDA:154,13,0,0
BRDA:154,13,1,125
BRDA:160,14,0,0
BRDA:160,14,1,103
BRDA:169,15,0,0
BRDA:169,15,1,0
BRDA:174,16,0,0
BRDA:174,16,1,0
BRDA:176,17,0,0
BRDA:176,17,1,0
BRDA:189,18,0,0
BRDA:189,18,1,0
BRDA:249,19,0,15
BRDA:256,20,0,17
BRDA:256,20,1,118
BRDA:258,21,0,15
BRDA:258,21,1,2
BRDA:265,22,0,15
BRDA:265,22,1,0
BRDA:291,23,0,7
BRDA:291,23,1,3
BRDA:291,23,2,5
BRDA:297,24,0,31
BRDA:297,24,1,176
BRDA:301,25,0,3
BRDA:301,25,1,4
BRDA:303,26,0,2
BRDA:303,26,1,1
BRDA:336,27,0,1
BRDA:336,27,1,2
BRDA:336,27,2,1
BRDA:364,28,0,1
BRDA:364,28,1,1
BRDA:390,29,0,0
BRDA:401,30,0,0
BRDA:406,31,0,1
BRDA:406,31,1,2
BRDA:415,32,0,0
BRDA:468,33,0,0
BRDA:468,33,1,0
BRDA:469,34,0,0
BRDA:469,34,1,0
BRDA:470,35,0,0
BRDA:470,35,1,0
BRDA:475,36,0,0
BRDA:475,36,1,0
BRF:72
BRH:30
end_of_record
TN:
SF:src/shared/common/decorators/registrar-actividad.decorator.ts
FN:28,(anonymous_2)
FN:36,(anonymous_3)
FN:41,(anonymous_4)
FN:57,(anonymous_5)
FN:72,(anonymous_6)
FNF:5
FNH:2
FNDA:3,(anonymous_2)
FNDA:16,(anonymous_3)
FNDA:0,(anonymous_4)
FNDA:0,(anonymous_5)
FNDA:0,(anonymous_6)
DA:1,1
DA:9,1
DA:10,1
DA:11,1
DA:12,1
DA:14,1
DA:28,1
DA:30,3
DA:33,1
DA:34,16
DA:37,16
DA:38,16
DA:45,0
DA:50,0
DA:51,0
DA:54,0
DA:56,0
DA:58,0
DA:59,0
DA:61,0
DA:62,0
DA:63,0
DA:72,0
DA:73,0
DA:76,0
LF:25
LH:12
BRDA:50,0,0,0
BRDA:50,0,1,0
BRDA:59,1,0,0
BRDA:59,1,1,0
BRDA:67,2,0,0
BRDA:67,2,1,0
BRDA:77,3,0,0
BRDA:77,3,1,0
BRDA:37,4,0,1
BRDA:37,4,1,0
BRDA:37,5,0,1
BRDA:37,5,1,1
BRDA:37,6,0,1
BRDA:37,6,1,0
BRDA:37,7,0,1
BRDA:37,7,1,1
BRF:16
BRH:6
end_of_record
TN:
SF:src/shared/common/infrastructure/base-tenant.repository.ts
FN:8,(anonymous_0)
FN:14,(anonymous_1)
FN:24,(anonymous_2)
FN:34,(anonymous_3)
FN:41,(anonymous_4)
FN:48,(anonymous_5)
FNF:6
FNH:4
FNDA:33,(anonymous_0)
FNDA:1,(anonymous_1)
FNDA:1,(anonymous_2)
FNDA:7,(anonymous_3)
FNDA:0,(anonymous_4)
FNDA:0,(anonymous_5)
DA:7,12
DA:8,33
DA:15,1
DA:25,1
DA:35,7
DA:42,0
DA:49,0
LF:7
LH:5
BRDA:14,0,0,0
BRDA:24,1,0,1
BRF:2
BRH:1
end_of_record
TN:
SF:src/shared/tenant/current-tenant.decorator.ts
FN:8,(anonymous_0)
FNF:1
FNH:0
FNDA:0,(anonymous_0)
DA:1,4
DA:7,4
DA:9,0
DA:10,0
LF:4
LH:2
BRDA:10,0,0,0
BRDA:10,0,1,0
BRF:2
BRH:0
end_of_record
TN:
SF:src/shared/tenant/current-user.decorator.ts
FN:9,(anonymous_0)
FNF:1
FNH:0
FNDA:0,(anonymous_0)
DA:1,3
DA:8,3
DA:10,0
DA:11,0
LF:4
LH:2
BRF:0
BRH:0
end_of_record
TN:
SF:src/shared/tenant/tenant.module.ts
FNF:0
FNH:0
DA:1,0
DA:2,0
DA:9,0
LF:3
LH:0
BRF:0
BRH:0
end_of_record
TN:
SF:src/shared/tenant/tenant.service.ts
FN:9,(anonymous_1)
FN:17,(anonymous_2)
FNF:2
FNH:0
FNDA:0,(anonymous_1)
FNDA:0,(anonymous_2)
DA:1,0
DA:5,0
DA:10,0
DA:11,0
DA:18,0
DA:19,0
LF:6
LH:0
BRDA:11,0,0,0
BRDA:11,0,1,0
BRF:2
BRH:0
end_of_record
